0 verbose cli C:\Program Files\nodejs\node.exe C:\Users\lucim\AppData\Roaming\npm\node_modules\npm\bin\npm-cli.js
1 info using npm@11.1.0
2 info using node@v22.14.0
3 silly config load:file:C:\Users\lucim\AppData\Roaming\npm\node_modules\npm\npmrc
4 silly config load:file:C:\Users\lucim\Documents\GitHub\Front-Inventarios\my-inventory-app\.npmrc
5 silly config load:file:C:\Users\lucim\.npmrc
6 silly config load:file:C:\Users\lucim\AppData\Roaming\npm\etc\npmrc
7 verbose title npm exec tailwindcss init -p
8 verbose argv "exec" "--" "tailwindcss" "init" "-p"
9 verbose logfile logs-max:10 dir:C:\Users\lucim\Documents\GitHub\Front-Inventarios\my-inventory-app\tmpnpm-cache\_logs\2025-05-06T22_17_33_399Z-
10 verbose logfile C:\Users\lucim\Documents\GitHub\Front-Inventarios\my-inventory-app\tmpnpm-cache\_logs\2025-05-06T22_17_33_399Z-debug-0.log
11 silly logfile done cleaning log files
12 silly packumentCache heap:4345298944 maxSize:1086324736 maxEntrySize:543162368
13 verbose stack Error: could not determine executable to run
13 verbose stack     at getBinFromManifest (C:\Users\lucim\AppData\Roaming\npm\node_modules\npm\node_modules\libnpmexec\lib\get-bin-from-manifest.js:17:23)
13 verbose stack     at exec (C:\Users\lucim\AppData\Roaming\npm\node_modules\npm\node_modules\libnpmexec\lib\index.js:202:15)
13 verbose stack     at async Npm.exec (C:\Users\lucim\AppData\Roaming\npm\node_modules\npm\lib\npm.js:207:9)
13 verbose stack     at async module.exports (C:\Users\lucim\AppData\Roaming\npm\node_modules\npm\lib\cli\entry.js:67:5)
14 verbose pkgid tailwindcss@4.1.5
15 error could not determine executable to run
16 verbose cwd C:\Users\lucim\Documents\GitHub\Front-Inventarios\my-inventory-app
17 verbose os Windows_NT 10.0.26100
18 verbose node v22.14.0
19 verbose npm  v11.1.0
20 verbose exit 1
21 verbose code 1
22 error A complete log of this run can be found in: C:\Users\lucim\Documents\GitHub\Front-Inventarios\my-inventory-app\tmpnpm-cache\_logs\2025-05-06T22_17_33_399Z-debug-0.log
