0 verbose cli C:\Program Files\nodejs\node.exe C:\Users\lucim\AppData\Roaming\npm\node_modules\npm\bin\npm-cli.js
1 info using npm@11.1.0
2 info using node@v22.14.0
3 silly config load:file:C:\Users\lucim\AppData\Roaming\npm\node_modules\npm\npmrc
4 silly config load:file:C:\Users\lucim\Documents\GitHub\Front-Inventarios\my-inventory-app\.npmrc
5 silly config load:file:C:\Users\lucim\.npmrc
6 silly config load:file:C:\Users\lucim\AppData\Roaming\npm\etc\npmrc
7 verbose title npm install tailwindcss postcss autoprefixer
8 verbose argv "install" "--save-dev" "tailwindcss" "postcss" "autoprefixer"
9 verbose logfile logs-max:10 dir:C:\Users\lucim\Documents\GitHub\Front-Inventarios\my-inventory-app\tmpnpm-cache\_logs\2025-05-06T22_17_20_035Z-
10 verbose logfile C:\Users\lucim\Documents\GitHub\Front-Inventarios\my-inventory-app\tmpnpm-cache\_logs\2025-05-06T22_17_20_035Z-debug-0.log
11 silly logfile done cleaning log files
12 silly packumentCache heap:4345298944 maxSize:1086324736 maxEntrySize:543162368
13 silly idealTree buildDeps
14 silly fetch manifest tailwindcss@^4
15 silly packumentCache full:https://registry.npmjs.org/tailwindcss cache-miss
16 http fetch GET 200 https://registry.npmjs.org/npm 1203ms
17 http fetch GET 200 https://registry.npmjs.org/tailwindcss 1773ms (cache miss)
18 silly packumentCache full:https://registry.npmjs.org/tailwindcss set size:undefined disposed:false
19 silly fetch manifest postcss@*
20 silly packumentCache full:https://registry.npmjs.org/postcss cache-miss
21 http fetch GET 200 https://registry.npmjs.org/postcss 243ms (cache miss)
22 silly packumentCache full:https://registry.npmjs.org/postcss set size:undefined disposed:false
23 silly fetch manifest autoprefixer@*
24 silly packumentCache full:https://registry.npmjs.org/autoprefixer cache-miss
25 http fetch GET 200 https://registry.npmjs.org/autoprefixer 251ms (cache miss)
26 silly packumentCache full:https://registry.npmjs.org/autoprefixer set size:undefined disposed:false
27 silly placeDep ROOT autoprefixer@10.4.21 OK for: my-inventory-app@0.1.0 want: *
28 silly placeDep ROOT postcss@8.5.3 REPLACE for: my-inventory-app@0.1.0 want: *
29 silly placeDep ROOT tailwindcss@4.1.5 REPLACE for: my-inventory-app@0.1.0 want: ^4
30 silly fetch manifest browserslist@^4.24.4
31 silly packumentCache full:https://registry.npmjs.org/browserslist cache-miss
32 silly fetch manifest fraction.js@^4.3.7
33 silly packumentCache full:https://registry.npmjs.org/fraction.js cache-miss
34 silly fetch manifest normalize-range@^0.1.2
35 silly packumentCache full:https://registry.npmjs.org/normalize-range cache-miss
36 silly fetch manifest postcss-value-parser@^4.2.0
37 silly packumentCache full:https://registry.npmjs.org/postcss-value-parser cache-miss
38 http fetch GET 200 https://registry.npmjs.org/fraction.js 219ms (cache miss)
39 silly packumentCache full:https://registry.npmjs.org/fraction.js set size:undefined disposed:false
40 http fetch GET 200 https://registry.npmjs.org/browserslist 245ms (cache miss)
41 silly packumentCache full:https://registry.npmjs.org/browserslist set size:undefined disposed:false
42 http fetch GET 200 https://registry.npmjs.org/normalize-range 688ms (cache miss)
43 silly packumentCache full:https://registry.npmjs.org/normalize-range set size:undefined disposed:false
44 http fetch GET 200 https://registry.npmjs.org/postcss-value-parser 719ms (cache miss)
45 silly packumentCache full:https://registry.npmjs.org/postcss-value-parser set size:undefined disposed:false
46 silly placeDep ROOT browserslist@4.24.5 OK for: autoprefixer@10.4.21 want: ^4.24.4
47 silly placeDep ROOT fraction.js@4.3.7 OK for: autoprefixer@10.4.21 want: ^4.3.7
48 silly placeDep ROOT normalize-range@0.1.2 OK for: autoprefixer@10.4.21 want: ^0.1.2
49 silly placeDep ROOT postcss-value-parser@4.2.0 OK for: autoprefixer@10.4.21 want: ^4.2.0
50 silly fetch manifest electron-to-chromium@^1.5.149
51 silly packumentCache full:https://registry.npmjs.org/electron-to-chromium cache-miss
52 silly fetch manifest node-releases@^2.0.19
53 silly packumentCache full:https://registry.npmjs.org/node-releases cache-miss
54 silly fetch manifest update-browserslist-db@^1.1.3
55 silly packumentCache full:https://registry.npmjs.org/update-browserslist-db cache-miss
56 http fetch GET 200 https://registry.npmjs.org/update-browserslist-db 222ms (cache miss)
57 silly packumentCache full:https://registry.npmjs.org/update-browserslist-db set size:undefined disposed:false
58 http fetch GET 200 https://registry.npmjs.org/node-releases 235ms (cache miss)
59 silly packumentCache full:https://registry.npmjs.org/node-releases set size:undefined disposed:false
60 http fetch GET 200 https://registry.npmjs.org/electron-to-chromium 799ms (cache miss)
61 silly packumentCache full:https://registry.npmjs.org/electron-to-chromium set size:undefined disposed:false
62 silly fetch manifest browserslist@>= 4.21.0
63 silly packumentCache full:https://registry.npmjs.org/browserslist cache-miss
64 http cache https://registry.npmjs.org/browserslist 7ms (cache hit)
65 silly packumentCache full:https://registry.npmjs.org/browserslist set size:478931 disposed:false
66 silly placeDep ROOT electron-to-chromium@1.5.150 OK for: browserslist@4.24.5 want: ^1.5.149
67 silly placeDep ROOT node-releases@2.0.19 OK for: browserslist@4.24.5 want: ^2.0.19
68 silly placeDep ROOT update-browserslist-db@1.1.3 OK for: browserslist@4.24.5 want: ^1.1.3
69 silly fetch manifest escalade@^3.2.0
70 silly packumentCache full:https://registry.npmjs.org/escalade cache-miss
71 http fetch GET 200 https://registry.npmjs.org/escalade 207ms (cache miss)
72 silly packumentCache full:https://registry.npmjs.org/escalade set size:undefined disposed:false
73 silly placeDep ROOT escalade@3.2.0 OK for: update-browserslist-db@1.1.3 want: ^3.2.0
74 silly reify moves {}
75 verbose reify failed optional dependency C:\Users\lucim\Documents\GitHub\Front-Inventarios\my-inventory-app\node_modules\@tailwindcss\oxide-wasm32-wasi
76 silly reify mark deleted [
76 silly reify   'C:\\Users\\lucim\\Documents\\GitHub\\Front-Inventarios\\my-inventory-app\\node_modules\\@tailwindcss\\oxide-wasm32-wasi'
76 silly reify ]
77 silly audit bulk request {
77 silly audit   '@alloc/quick-lru': [ '5.2.0' ],
77 silly audit   '@emnapi/core': [ '1.4.3' ],
77 silly audit   '@emnapi/runtime': [ '1.4.3' ],
77 silly audit   '@emnapi/wasi-threads': [ '1.0.2' ],
77 silly audit   '@eslint-community/eslint-utils': [ '4.7.0' ],
77 silly audit   'eslint-visitor-keys': [ '3.4.3', '4.2.0' ],
77 silly audit   '@eslint-community/regexpp': [ '4.12.1' ],
77 silly audit   '@eslint/config-array': [ '0.20.0' ],
77 silly audit   '@eslint/config-helpers': [ '0.2.2' ],
77 silly audit   '@eslint/core': [ '0.13.0' ],
77 silly audit   '@eslint/eslintrc': [ '3.3.1' ],
77 silly audit   '@eslint/js': [ '9.26.0' ],
77 silly audit   '@eslint/object-schema': [ '2.1.6' ],
77 silly audit   '@eslint/plugin-kit': [ '0.2.8' ],
77 silly audit   '@humanfs/core': [ '0.19.1' ],
77 silly audit   '@humanfs/node': [ '0.16.6' ],
77 silly audit   '@humanwhocodes/retry': [ '0.3.1', '0.4.2' ],
77 silly audit   '@humanwhocodes/module-importer': [ '1.0.1' ],
77 silly audit   '@img/sharp-darwin-arm64': [ '0.34.1' ],
77 silly audit   '@img/sharp-darwin-x64': [ '0.34.1' ],
77 silly audit   '@img/sharp-libvips-darwin-arm64': [ '1.1.0' ],
77 silly audit   '@img/sharp-libvips-darwin-x64': [ '1.1.0' ],
77 silly audit   '@img/sharp-libvips-linux-arm': [ '1.1.0' ],
77 silly audit   '@img/sharp-libvips-linux-arm64': [ '1.1.0' ],
77 silly audit   '@img/sharp-libvips-linux-ppc64': [ '1.1.0' ],
77 silly audit   '@img/sharp-libvips-linux-s390x': [ '1.1.0' ],
77 silly audit   '@img/sharp-libvips-linux-x64': [ '1.1.0' ],
77 silly audit   '@img/sharp-libvips-linuxmusl-arm64': [ '1.1.0' ],
77 silly audit   '@img/sharp-libvips-linuxmusl-x64': [ '1.1.0' ],
77 silly audit   '@img/sharp-linux-arm': [ '0.34.1' ],
77 silly audit   '@img/sharp-linux-arm64': [ '0.34.1' ],
77 silly audit   '@img/sharp-linux-s390x': [ '0.34.1' ],
77 silly audit   '@img/sharp-linux-x64': [ '0.34.1' ],
77 silly audit   '@img/sharp-linuxmusl-arm64': [ '0.34.1' ],
77 silly audit   '@img/sharp-linuxmusl-x64': [ '0.34.1' ],
77 silly audit   '@img/sharp-wasm32': [ '0.34.1' ],
77 silly audit   '@img/sharp-win32-ia32': [ '0.34.1' ],
77 silly audit   '@img/sharp-win32-x64': [ '0.34.1' ],
77 silly audit   '@modelcontextprotocol/sdk': [ '1.11.0' ],
77 silly audit   '@napi-rs/wasm-runtime': [ '0.2.9' ],
77 silly audit   '@next/env': [ '15.3.1' ],
77 silly audit   '@next/eslint-plugin-next': [ '15.3.1' ],
77 silly audit   '@next/swc-darwin-arm64': [ '15.3.1' ],
77 silly audit   '@next/swc-darwin-x64': [ '15.3.1' ],
77 silly audit   '@next/swc-linux-arm64-gnu': [ '15.3.1' ],
77 silly audit   '@next/swc-linux-arm64-musl': [ '15.3.1' ],
77 silly audit   '@next/swc-linux-x64-gnu': [ '15.3.1' ],
77 silly audit   '@next/swc-linux-x64-musl': [ '15.3.1' ],
77 silly audit   '@next/swc-win32-arm64-msvc': [ '15.3.1' ],
77 silly audit   '@next/swc-win32-x64-msvc': [ '15.3.1' ],
77 silly audit   '@nodelib/fs.scandir': [ '2.1.5' ],
77 silly audit   '@nodelib/fs.stat': [ '2.0.5' ],
77 silly audit   '@nodelib/fs.walk': [ '1.2.8' ],
77 silly audit   '@nolyfill/is-core-module': [ '1.0.39' ],
77 silly audit   '@rtsao/scc': [ '1.1.0' ],
77 silly audit   '@rushstack/eslint-patch': [ '1.11.0' ],
77 silly audit   '@swc/counter': [ '0.1.3' ],
77 silly audit   '@swc/helpers': [ '0.5.15' ],
77 silly audit   '@tailwindcss/node': [ '4.1.5' ],
77 silly audit   '@tailwindcss/oxide': [ '4.1.5' ],
77 silly audit   '@tailwindcss/oxide-android-arm64': [ '4.1.5' ],
77 silly audit   '@tailwindcss/oxide-darwin-arm64': [ '4.1.5' ],
77 silly audit   '@tailwindcss/oxide-darwin-x64': [ '4.1.5' ],
77 silly audit   '@tailwindcss/oxide-freebsd-x64': [ '4.1.5' ],
77 silly audit   '@tailwindcss/oxide-linux-arm-gnueabihf': [ '4.1.5' ],
77 silly audit   '@tailwindcss/oxide-linux-arm64-gnu': [ '4.1.5' ],
77 silly audit   '@tailwindcss/oxide-linux-arm64-musl': [ '4.1.5' ],
77 silly audit   '@tailwindcss/oxide-linux-x64-gnu': [ '4.1.5' ],
77 silly audit   '@tailwindcss/oxide-linux-x64-musl': [ '4.1.5' ],
77 silly audit   '@tailwindcss/oxide-win32-arm64-msvc': [ '4.1.5' ],
77 silly audit   '@tailwindcss/oxide-win32-x64-msvc': [ '4.1.5' ],
77 silly audit   '@tailwindcss/postcss': [ '4.1.5' ],
77 silly audit   '@tybys/wasm-util': [ '0.9.0' ],
77 silly audit   '@types/estree': [ '1.0.7' ],
77 silly audit   '@types/json-schema': [ '7.0.15' ],
77 silly audit   '@types/json5': [ '0.0.29' ],
77 silly audit   '@types/node': [ '20.17.43' ],
77 silly audit   '@types/react': [ '19.1.3' ],
77 silly audit   '@types/react-dom': [ '19.1.3' ],
77 silly audit   '@typescript-eslint/eslint-plugin': [ '8.32.0' ],
77 silly audit   '@typescript-eslint/parser': [ '8.32.0' ],
77 silly audit   '@typescript-eslint/scope-manager': [ '8.32.0' ],
77 silly audit   '@typescript-eslint/type-utils': [ '8.32.0' ],
77 silly audit   '@typescript-eslint/types': [ '8.32.0' ],
77 silly audit   '@typescript-eslint/typescript-estree': [ '8.32.0' ],
77 silly audit   'brace-expansion': [ '2.0.1', '1.1.11' ],
77 silly audit   'fast-glob': [ '3.3.3', '3.3.1' ],
77 silly audit   'glob-parent': [ '5.1.2', '6.0.2' ],
77 silly audit   minimatch: [ '9.0.5', '3.1.2' ],
77 silly audit   '@typescript-eslint/utils': [ '8.32.0' ],
77 silly audit   '@typescript-eslint/visitor-keys': [ '8.32.0' ],
77 silly audit   '@unrs/resolver-binding-darwin-arm64': [ '1.7.2' ],
77 silly audit   '@unrs/resolver-binding-darwin-x64': [ '1.7.2' ],
77 silly audit   '@unrs/resolver-binding-freebsd-x64': [ '1.7.2' ],
77 silly audit   '@unrs/resolver-binding-linux-arm-gnueabihf': [ '1.7.2' ],
77 silly audit   '@unrs/resolver-binding-linux-arm-musleabihf': [ '1.7.2' ],
77 silly audit   '@unrs/resolver-binding-linux-arm64-gnu': [ '1.7.2' ],
77 silly audit   '@unrs/resolver-binding-linux-arm64-musl': [ '1.7.2' ],
77 silly audit   '@unrs/resolver-binding-linux-ppc64-gnu': [ '1.7.2' ],
77 silly audit   '@unrs/resolver-binding-linux-riscv64-gnu': [ '1.7.2' ],
77 silly audit   '@unrs/resolver-binding-linux-riscv64-musl': [ '1.7.2' ],
77 silly audit   '@unrs/resolver-binding-linux-s390x-gnu': [ '1.7.2' ],
77 silly audit   '@unrs/resolver-binding-linux-x64-gnu': [ '1.7.2' ],
77 silly audit   '@unrs/resolver-binding-linux-x64-musl': [ '1.7.2' ],
77 silly audit   '@unrs/resolver-binding-wasm32-wasi': [ '1.7.2' ],
77 silly audit   '@unrs/resolver-binding-win32-arm64-msvc': [ '1.7.2' ],
77 silly audit   '@unrs/resolver-binding-win32-ia32-msvc': [ '1.7.2' ],
77 silly audit   '@unrs/resolver-binding-win32-x64-msvc': [ '1.7.2' ],
77 silly audit   accepts: [ '2.0.0' ],
77 silly audit   acorn: [ '8.14.1' ],
77 silly audit   'acorn-jsx': [ '5.3.2' ],
77 silly audit   ajv: [ '6.12.6' ],
77 silly audit   'ansi-styles': [ '4.3.0' ],
77 silly audit   argparse: [ '2.0.1' ],
77 silly audit   'aria-query': [ '5.3.2' ],
77 silly audit   'array-buffer-byte-length': [ '1.0.2' ],
77 silly audit   'array-includes': [ '3.1.8' ],
77 silly audit   'array.prototype.findlast': [ '1.2.5' ],
77 silly audit   'array.prototype.findlastindex': [ '1.2.6' ],
77 silly audit   'array.prototype.flat': [ '1.3.3' ],
77 silly audit   'array.prototype.flatmap': [ '1.3.3' ],
77 silly audit   'array.prototype.tosorted': [ '1.1.4' ],
77 silly audit   'arraybuffer.prototype.slice': [ '1.0.4' ],
77 silly audit   'ast-types-flow': [ '0.0.8' ],
77 silly audit   'async-function': [ '1.0.0' ],
77 silly audit   'available-typed-arrays': [ '1.0.7' ],
77 silly audit   'axe-core': [ '4.10.3' ],
77 silly audit   'axobject-query': [ '4.1.0' ],
77 silly audit   'balanced-match': [ '1.0.2' ],
77 silly audit   'body-parser': [ '2.2.0' ],
77 silly audit   braces: [ '3.0.3' ],
77 silly audit   busboy: [ '1.6.0' ],
77 silly audit   bytes: [ '3.1.2' ],
77 silly audit   'call-bind': [ '1.0.8' ],
77 silly audit   'call-bind-apply-helpers': [ '1.0.2' ],
77 silly audit   'call-bound': [ '1.0.4' ],
77 silly audit   callsites: [ '3.1.0' ],
77 silly audit   'caniuse-lite': [ '1.0.30001717' ],
77 silly audit   chalk: [ '4.1.2' ],
77 silly audit   'client-only': [ '0.0.1' ],
77 silly audit   color: [ '4.2.3' ],
77 silly audit   'color-convert': [ '2.0.1' ],
77 silly audit   'color-name': [ '1.1.4' ],
77 silly audit   'color-string': [ '1.9.1' ],
77 silly audit   'concat-map': [ '0.0.1' ],
77 silly audit   'content-disposition': [ '1.0.0' ],
77 silly audit   'content-type': [ '1.0.5' ],
77 silly audit   cookie: [ '0.7.2' ],
77 silly audit   'cookie-signature': [ '1.2.2' ],
77 silly audit   cors: [ '2.8.5' ],
77 silly audit   'cross-spawn': [ '7.0.6' ],
77 silly audit   csstype: [ '3.1.3' ],
77 silly audit   'damerau-levenshtein': [ '1.0.8' ],
77 silly audit   'data-view-buffer': [ '1.0.2' ],
77 silly audit   'data-view-byte-length': [ '1.0.2' ],
77 silly audit   'data-view-byte-offset': [ '1.0.1' ],
77 silly audit   debug: [ '4.4.0', '3.2.7' ],
77 silly audit   'deep-is': [ '0.1.4' ],
77 silly audit   'define-data-property': [ '1.1.4' ],
77 silly audit   'define-properties': [ '1.2.1' ],
77 silly audit   depd: [ '2.0.0' ],
77 silly audit   'detect-libc': [ '2.0.4' ],
77 silly audit   doctrine: [ '2.1.0' ],
77 silly audit   'dunder-proto': [ '1.0.1' ],
77 silly audit   'ee-first': [ '1.1.1' ],
77 silly audit   'emoji-regex': [ '9.2.2' ],
77 silly audit   encodeurl: [ '2.0.0' ],
77 silly audit   'enhanced-resolve': [ '5.18.1' ],
77 silly audit   'es-abstract': [ '1.23.9' ],
77 silly audit   'es-define-property': [ '1.0.1' ],
77 silly audit   'es-errors': [ '1.3.0' ],
77 silly audit   'es-iterator-helpers': [ '1.2.1' ],
77 silly audit   'es-object-atoms': [ '1.1.1' ],
77 silly audit   'es-set-tostringtag': [ '2.1.0' ],
77 silly audit   'es-shim-unscopables': [ '1.1.0' ],
77 silly audit   'es-to-primitive': [ '1.3.0' ],
77 silly audit   'escape-html': [ '1.0.3' ],
77 silly audit   'escape-string-regexp': [ '4.0.0' ],
77 silly audit   eslint: [ '9.26.0' ],
77 silly audit   'eslint-config-next': [ '15.3.1' ],
77 silly audit   'eslint-import-resolver-node': [ '0.3.9' ],
77 silly audit   'eslint-import-resolver-typescript': [ '3.10.1' ],
77 silly audit   'eslint-module-utils': [ '2.12.0' ],
77 silly audit   'eslint-plugin-import': [ '2.31.0' ],
77 silly audit   semver: [ '6.3.1', '7.7.1' ],
77 silly audit   'eslint-plugin-jsx-a11y': [ '6.10.2' ],
77 silly audit   'eslint-plugin-react': [ '7.37.5' ],
77 silly audit   'eslint-plugin-react-hooks': [ '5.2.0' ],
77 silly audit   resolve: [ '2.0.0-next.5', '1.22.10' ],
77 silly audit   'eslint-scope': [ '8.3.0' ],
77 silly audit   espree: [ '10.3.0' ],
77 silly audit   esquery: [ '1.6.0' ],
77 silly audit   esrecurse: [ '4.3.0' ],
77 silly audit   estraverse: [ '5.3.0' ],
77 silly audit   esutils: [ '2.0.3' ],
77 silly audit   etag: [ '1.8.1' ],
77 silly audit   eventsource: [ '3.0.6' ],
77 silly audit   'eventsource-parser': [ '3.0.1' ],
77 silly audit   express: [ '5.1.0' ],
77 silly audit   'express-rate-limit': [ '7.5.0' ],
77 silly audit   'fast-deep-equal': [ '3.1.3' ],
77 silly audit   'fast-json-stable-stringify': [ '2.1.0' ],
77 silly audit   'fast-levenshtein': [ '2.0.6' ],
77 silly audit   fastq: [ '1.19.1' ],
77 silly audit   'file-entry-cache': [ '8.0.0' ],
77 silly audit   'fill-range': [ '7.1.1' ],
77 silly audit   finalhandler: [ '2.1.0' ],
77 silly audit   'find-up': [ '5.0.0' ],
77 silly audit   'flat-cache': [ '4.0.1' ],
77 silly audit   flatted: [ '3.3.3' ],
77 silly audit   'for-each': [ '0.3.5' ],
77 silly audit   forwarded: [ '0.2.0' ],
77 silly audit   fresh: [ '2.0.0' ],
77 silly audit   'function-bind': [ '1.1.2' ],
77 silly audit   'function.prototype.name': [ '1.1.8' ],
77 silly audit   'functions-have-names': [ '1.2.3' ],
77 silly audit   'get-intrinsic': [ '1.3.0' ],
77 silly audit   'get-proto': [ '1.0.1' ],
77 silly audit   'get-symbol-description': [ '1.1.0' ],
77 silly audit   'get-tsconfig': [ '4.10.0' ],
77 silly audit   globals: [ '14.0.0' ],
77 silly audit   globalthis: [ '1.0.4' ],
77 silly audit   gopd: [ '1.2.0' ],
77 silly audit   'graceful-fs': [ '4.2.11' ],
77 silly audit   graphemer: [ '1.4.0' ],
77 silly audit   'has-bigints': [ '1.1.0' ],
77 silly audit   'has-flag': [ '4.0.0' ],
77 silly audit   'has-property-descriptors': [ '1.0.2' ],
77 silly audit   'has-proto': [ '1.2.0' ],
77 silly audit   'has-symbols': [ '1.1.0' ],
77 silly audit   'has-tostringtag': [ '1.0.2' ],
77 silly audit   hasown: [ '2.0.2' ],
77 silly audit   'http-errors': [ '2.0.0' ],
77 silly audit   'iconv-lite': [ '0.6.3' ],
77 silly audit   ignore: [ '5.3.2' ],
77 silly audit   'import-fresh': [ '3.3.1' ],
77 silly audit   imurmurhash: [ '0.1.4' ],
77 silly audit   inherits: [ '2.0.4' ],
77 silly audit   'internal-slot': [ '1.1.0' ],
77 silly audit   'ipaddr.js': [ '1.9.1' ],
77 silly audit   'is-array-buffer': [ '3.0.5' ],
77 silly audit   'is-arrayish': [ '0.3.2' ],
77 silly audit   'is-async-function': [ '2.1.1' ],
77 silly audit   'is-bigint': [ '1.1.0' ],
77 silly audit   'is-boolean-object': [ '1.2.2' ],
77 silly audit   'is-bun-module': [ '2.0.0' ],
77 silly audit   'is-callable': [ '1.2.7' ],
77 silly audit   'is-core-module': [ '2.16.1' ],
77 silly audit   'is-data-view': [ '1.0.2' ],
77 silly audit   'is-date-object': [ '1.1.0' ],
77 silly audit   'is-extglob': [ '2.1.1' ],
77 silly audit   'is-finalizationregistry': [ '1.1.1' ],
77 silly audit   'is-generator-function': [ '1.1.0' ],
77 silly audit   'is-glob': [ '4.0.3' ],
77 silly audit   'is-map': [ '2.0.3' ],
77 silly audit   'is-number': [ '7.0.0' ],
77 silly audit   'is-number-object': [ '1.1.1' ],
77 silly audit   'is-promise': [ '4.0.0' ],
77 silly audit   'is-regex': [ '1.2.1' ],
77 silly audit   'is-set': [ '2.0.3' ],
77 silly audit   'is-shared-array-buffer': [ '1.0.4' ],
77 silly audit   'is-string': [ '1.1.1' ],
77 silly audit   'is-symbol': [ '1.1.1' ],
77 silly audit   'is-typed-array': [ '1.1.15' ],
77 silly audit   'is-weakmap': [ '2.0.2' ],
77 silly audit   'is-weakref': [ '1.1.1' ],
77 silly audit   'is-weakset': [ '2.0.4' ],
77 silly audit   isarray: [ '2.0.5' ],
77 silly audit   isexe: [ '2.0.0' ],
77 silly audit   'iterator.prototype': [ '1.1.5' ],
77 silly audit   jiti: [ '2.4.2' ],
77 silly audit   'js-tokens': [ '4.0.0' ],
77 silly audit   'js-yaml': [ '4.1.0' ],
77 silly audit   'json-buffer': [ '3.0.1' ],
77 silly audit   'json-schema-traverse': [ '0.4.1' ],
77 silly audit   'json-stable-stringify-without-jsonify': [ '1.0.1' ],
77 silly audit   json5: [ '1.0.2' ],
77 silly audit   'jsx-ast-utils': [ '3.3.5' ],
77 silly audit   keyv: [ '4.5.4' ],
77 silly audit   'language-subtag-registry': [ '0.3.23' ],
77 silly audit   'language-tags': [ '1.0.9' ],
77 silly audit   levn: [ '0.4.1' ],
77 silly audit   lightningcss: [ '1.29.2' ],
77 silly audit   'lightningcss-darwin-arm64': [ '1.29.2' ],
77 silly audit   'lightningcss-darwin-x64': [ '1.29.2' ],
77 silly audit   'lightningcss-freebsd-x64': [ '1.29.2' ],
77 silly audit   'lightningcss-linux-arm-gnueabihf': [ '1.29.2' ],
77 silly audit   'lightningcss-linux-arm64-gnu': [ '1.29.2' ],
77 silly audit   'lightningcss-linux-arm64-musl': [ '1.29.2' ],
77 silly audit   'lightningcss-linux-x64-gnu': [ '1.29.2' ],
77 silly audit   'lightningcss-linux-x64-musl': [ '1.29.2' ],
77 silly audit   'lightningcss-win32-arm64-msvc': [ '1.29.2' ],
77 silly audit   'lightningcss-win32-x64-msvc': [ '1.29.2' ],
77 silly audit   'locate-path': [ '6.0.0' ],
77 silly audit   'lodash.merge': [ '4.6.2' ],
77 silly audit   'loose-envify': [ '1.4.0' ],
77 silly audit   'math-intrinsics': [ '1.1.0' ],
77 silly audit   'media-typer': [ '1.1.0' ],
77 silly audit   'merge-descriptors': [ '2.0.0' ],
77 silly audit   merge2: [ '1.4.1' ],
77 silly audit   micromatch: [ '4.0.8' ],
77 silly audit   'mime-db': [ '1.54.0' ],
77 silly audit   'mime-types': [ '3.0.1' ],
77 silly audit   minimist: [ '1.2.8' ],
77 silly audit   ms: [ '2.1.3' ],
77 silly audit   nanoid: [ '3.3.11' ],
77 silly audit   'napi-postinstall': [ '0.2.3' ],
77 silly audit   'natural-compare': [ '1.4.0' ],
77 silly audit   negotiator: [ '1.0.0' ],
77 silly audit   next: [ '15.3.1' ],
77 silly audit   postcss: [ '8.4.31', '8.5.3' ],
77 silly audit   'object-assign': [ '4.1.1' ],
77 silly audit   'object-inspect': [ '1.13.4' ],
77 silly audit   'object-keys': [ '1.1.1' ],
77 silly audit   'object.assign': [ '4.1.7' ],
77 silly audit   'object.entries': [ '1.1.9' ],
77 silly audit   'object.fromentries': [ '2.0.8' ],
77 silly audit   'object.groupby': [ '1.0.3' ],
77 silly audit   'object.values': [ '1.2.1' ],
77 silly audit   'on-finished': [ '2.4.1' ],
77 silly audit   once: [ '1.4.0' ],
77 silly audit   optionator: [ '0.9.4' ],
77 silly audit   'own-keys': [ '1.0.1' ],
77 silly audit   'p-limit': [ '3.1.0' ],
77 silly audit   'p-locate': [ '5.0.0' ],
77 silly audit   'parent-module': [ '1.0.1' ],
77 silly audit   parseurl: [ '1.3.3' ],
77 silly audit   'path-exists': [ '4.0.0' ],
77 silly audit   'path-key': [ '3.1.1' ],
77 silly audit   'path-parse': [ '1.0.7' ],
77 silly audit   'path-to-regexp': [ '8.2.0' ],
77 silly audit   picocolors: [ '1.1.1' ],
77 silly audit   picomatch: [ '2.3.1', '4.0.2' ],
77 silly audit   'pkce-challenge': [ '5.0.0' ],
77 silly audit   'possible-typed-array-names': [ '1.1.0' ],
77 silly audit   'prelude-ls': [ '1.2.1' ],
77 silly audit   'prop-types': [ '15.8.1' ],
77 silly audit   'proxy-addr': [ '2.0.7' ],
77 silly audit   punycode: [ '2.3.1' ],
77 silly audit   qs: [ '6.14.0' ],
77 silly audit   'queue-microtask': [ '1.2.3' ],
77 silly audit   'range-parser': [ '1.2.1' ],
77 silly audit   'raw-body': [ '3.0.0' ],
77 silly audit   react: [ '19.1.0' ],
77 silly audit   'react-dom': [ '19.1.0' ],
77 silly audit   'react-is': [ '16.13.1' ],
77 silly audit   'reflect.getprototypeof': [ '1.0.10' ],
77 silly audit   'regexp.prototype.flags': [ '1.5.4' ],
77 silly audit   'resolve-from': [ '4.0.0' ],
77 silly audit   'resolve-pkg-maps': [ '1.0.0' ],
77 silly audit   reusify: [ '1.1.0' ],
77 silly audit   router: [ '2.2.0' ],
77 silly audit   'run-parallel': [ '1.2.0' ],
77 silly audit   'safe-array-concat': [ '1.1.3' ],
77 silly audit   'safe-buffer': [ '5.2.1' ],
77 silly audit   'safe-push-apply': [ '1.0.0' ],
77 silly audit   'safe-regex-test': [ '1.1.0' ],
77 silly audit   'safer-buffer': [ '2.1.2' ],
77 silly audit   scheduler: [ '0.26.0' ],
77 silly audit   send: [ '1.2.0' ],
77 silly audit   'serve-static': [ '2.2.0' ],
77 silly audit   'set-function-length': [ '1.2.2' ],
77 silly audit   'set-function-name': [ '2.0.2' ],
77 silly audit   'set-proto': [ '1.0.0' ],
77 silly audit   setprototypeof: [ '1.2.0' ],
77 silly audit   sharp: [ '0.34.1' ],
77 silly audit   'shebang-command': [ '2.0.0' ],
77 silly audit   'shebang-regex': [ '3.0.0' ],
77 silly audit   'side-channel': [ '1.1.0' ],
77 silly audit   'side-channel-list': [ '1.0.0' ],
77 silly audit   'side-channel-map': [ '1.0.1' ],
77 silly audit   'side-channel-weakmap': [ '1.0.2' ],
77 silly audit   'simple-swizzle': [ '0.2.2' ],
77 silly audit   'source-map-js': [ '1.2.1' ],
77 silly audit   'stable-hash': [ '0.0.5' ],
77 silly audit   statuses: [ '2.0.1' ],
77 silly audit   streamsearch: [ '1.1.0' ],
77 silly audit   'string.prototype.includes': [ '2.0.1' ],
77 silly audit   'string.prototype.matchall': [ '4.0.12' ],
77 silly audit   'string.prototype.repeat': [ '1.0.0' ],
77 silly audit   'string.prototype.trim': [ '1.2.10' ],
77 silly audit   'string.prototype.trimend': [ '1.0.9' ],
77 silly audit   'string.prototype.trimstart': [ '1.0.8' ],
77 silly audit   'strip-bom': [ '3.0.0' ],
77 silly audit   'strip-json-comments': [ '3.1.1' ],
77 silly audit   'styled-jsx': [ '5.1.6' ],
77 silly audit   'supports-color': [ '7.2.0' ],
77 silly audit   'supports-preserve-symlinks-flag': [ '1.0.0' ],
77 silly audit   tapable: [ '2.2.1' ],
77 silly audit   tinyglobby: [ '0.2.13' ],
77 silly audit   fdir: [ '6.4.4' ],
77 silly audit   'to-regex-range': [ '5.0.1' ],
77 silly audit   toidentifier: [ '1.0.1' ],
77 silly audit   'ts-api-utils': [ '2.1.0' ],
77 silly audit   'tsconfig-paths': [ '3.15.0' ],
77 silly audit   tslib: [ '2.8.1' ],
77 silly audit   'type-check': [ '0.4.0' ],
77 silly audit   'type-is': [ '2.0.1' ],
77 silly audit   'typed-array-buffer': [ '1.0.3' ],
77 silly audit   'typed-array-byte-length': [ '1.0.3' ],
77 silly audit   'typed-array-byte-offset': [ '1.0.4' ],
77 silly audit   'typed-array-length': [ '1.0.7' ],
77 silly audit   typescript: [ '5.8.3' ],
77 silly audit   'unbox-primitive': [ '1.1.0' ],
77 silly audit   'undici-types': [ '6.19.8' ],
77 silly audit   unpipe: [ '1.0.0' ],
77 silly audit   'unrs-resolver': [ '1.7.2' ],
77 silly audit   'uri-js': [ '4.4.1' ],
77 silly audit   vary: [ '1.1.2' ],
77 silly audit   which: [ '2.0.2' ],
77 silly audit   'which-boxed-primitive': [ '1.1.1' ],
77 silly audit   'which-builtin-type': [ '1.2.1' ],
77 silly audit   'which-collection': [ '1.0.2' ],
77 silly audit   'which-typed-array': [ '1.1.19' ],
77 silly audit   'word-wrap': [ '1.2.5' ],
77 silly audit   wrappy: [ '1.0.2' ],
77 silly audit   'yocto-queue': [ '0.1.0' ],
77 silly audit   zod: [ '3.24.4' ],
77 silly audit   'zod-to-json-schema': [ '3.24.5' ],
77 silly audit   autoprefixer: [ '10.4.21' ],
77 silly audit   tailwindcss: [ '4.1.5' ],
77 silly audit   browserslist: [ '4.24.5' ],
77 silly audit   'fraction.js': [ '4.3.7' ],
77 silly audit   'normalize-range': [ '0.1.2' ],
77 silly audit   'postcss-value-parser': [ '4.2.0' ],
77 silly audit   'electron-to-chromium': [ '1.5.150' ],
77 silly audit   'node-releases': [ '2.0.19' ],
77 silly audit   'update-browserslist-db': [ '1.1.3' ],
77 silly audit   escalade: [ '3.2.0' ],
77 silly audit   '@tailwindcss/oxide-wasm32-wasi': [ '4.1.5' ]
77 silly audit }
78 verbose reify failed optional dependency C:\Users\lucim\Documents\GitHub\Front-Inventarios\my-inventory-app\node_modules\lightningcss-win32-arm64-msvc
79 silly reify mark deleted [
79 silly reify   'C:\\Users\\lucim\\Documents\\GitHub\\Front-Inventarios\\my-inventory-app\\node_modules\\lightningcss-win32-arm64-msvc'
79 silly reify ]
80 verbose reify failed optional dependency C:\Users\lucim\Documents\GitHub\Front-Inventarios\my-inventory-app\node_modules\lightningcss-linux-x64-musl
81 silly reify mark deleted [
81 silly reify   'C:\\Users\\lucim\\Documents\\GitHub\\Front-Inventarios\\my-inventory-app\\node_modules\\lightningcss-linux-x64-musl'
81 silly reify ]
82 verbose reify failed optional dependency C:\Users\lucim\Documents\GitHub\Front-Inventarios\my-inventory-app\node_modules\lightningcss-linux-x64-gnu
83 silly reify mark deleted [
83 silly reify   'C:\\Users\\lucim\\Documents\\GitHub\\Front-Inventarios\\my-inventory-app\\node_modules\\lightningcss-linux-x64-gnu'
83 silly reify ]
84 verbose reify failed optional dependency C:\Users\lucim\Documents\GitHub\Front-Inventarios\my-inventory-app\node_modules\lightningcss-linux-arm64-musl
85 silly reify mark deleted [
85 silly reify   'C:\\Users\\lucim\\Documents\\GitHub\\Front-Inventarios\\my-inventory-app\\node_modules\\lightningcss-linux-arm64-musl'
85 silly reify ]
86 verbose reify failed optional dependency C:\Users\lucim\Documents\GitHub\Front-Inventarios\my-inventory-app\node_modules\lightningcss-linux-arm64-gnu
87 silly reify mark deleted [
87 silly reify   'C:\\Users\\lucim\\Documents\\GitHub\\Front-Inventarios\\my-inventory-app\\node_modules\\lightningcss-linux-arm64-gnu'
87 silly reify ]
88 verbose reify failed optional dependency C:\Users\lucim\Documents\GitHub\Front-Inventarios\my-inventory-app\node_modules\lightningcss-linux-arm-gnueabihf
89 silly reify mark deleted [
89 silly reify   'C:\\Users\\lucim\\Documents\\GitHub\\Front-Inventarios\\my-inventory-app\\node_modules\\lightningcss-linux-arm-gnueabihf'
89 silly reify ]
90 verbose reify failed optional dependency C:\Users\lucim\Documents\GitHub\Front-Inventarios\my-inventory-app\node_modules\lightningcss-freebsd-x64
91 silly reify mark deleted [
91 silly reify   'C:\\Users\\lucim\\Documents\\GitHub\\Front-Inventarios\\my-inventory-app\\node_modules\\lightningcss-freebsd-x64'
91 silly reify ]
92 verbose reify failed optional dependency C:\Users\lucim\Documents\GitHub\Front-Inventarios\my-inventory-app\node_modules\lightningcss-darwin-x64
93 silly reify mark deleted [
93 silly reify   'C:\\Users\\lucim\\Documents\\GitHub\\Front-Inventarios\\my-inventory-app\\node_modules\\lightningcss-darwin-x64'
93 silly reify ]
94 verbose reify failed optional dependency C:\Users\lucim\Documents\GitHub\Front-Inventarios\my-inventory-app\node_modules\lightningcss-darwin-arm64
95 silly reify mark deleted [
95 silly reify   'C:\\Users\\lucim\\Documents\\GitHub\\Front-Inventarios\\my-inventory-app\\node_modules\\lightningcss-darwin-arm64'
95 silly reify ]
96 verbose reify failed optional dependency C:\Users\lucim\Documents\GitHub\Front-Inventarios\my-inventory-app\node_modules\@unrs\resolver-binding-win32-ia32-msvc
97 silly reify mark deleted [
97 silly reify   'C:\\Users\\lucim\\Documents\\GitHub\\Front-Inventarios\\my-inventory-app\\node_modules\\@unrs\\resolver-binding-win32-ia32-msvc'
97 silly reify ]
98 verbose reify failed optional dependency C:\Users\lucim\Documents\GitHub\Front-Inventarios\my-inventory-app\node_modules\@unrs\resolver-binding-win32-arm64-msvc
99 silly reify mark deleted [
99 silly reify   'C:\\Users\\lucim\\Documents\\GitHub\\Front-Inventarios\\my-inventory-app\\node_modules\\@unrs\\resolver-binding-win32-arm64-msvc'
99 silly reify ]
100 verbose reify failed optional dependency C:\Users\lucim\Documents\GitHub\Front-Inventarios\my-inventory-app\node_modules\@unrs\resolver-binding-wasm32-wasi
101 silly reify mark deleted [
101 silly reify   'C:\\Users\\lucim\\Documents\\GitHub\\Front-Inventarios\\my-inventory-app\\node_modules\\@unrs\\resolver-binding-wasm32-wasi'
101 silly reify ]
102 verbose reify failed optional dependency C:\Users\lucim\Documents\GitHub\Front-Inventarios\my-inventory-app\node_modules\@unrs\resolver-binding-linux-x64-musl
103 silly reify mark deleted [
103 silly reify   'C:\\Users\\lucim\\Documents\\GitHub\\Front-Inventarios\\my-inventory-app\\node_modules\\@unrs\\resolver-binding-linux-x64-musl'
103 silly reify ]
104 verbose reify failed optional dependency C:\Users\lucim\Documents\GitHub\Front-Inventarios\my-inventory-app\node_modules\@unrs\resolver-binding-linux-x64-gnu
105 silly reify mark deleted [
105 silly reify   'C:\\Users\\lucim\\Documents\\GitHub\\Front-Inventarios\\my-inventory-app\\node_modules\\@unrs\\resolver-binding-linux-x64-gnu'
105 silly reify ]
106 verbose reify failed optional dependency C:\Users\lucim\Documents\GitHub\Front-Inventarios\my-inventory-app\node_modules\@unrs\resolver-binding-linux-s390x-gnu
107 silly reify mark deleted [
107 silly reify   'C:\\Users\\lucim\\Documents\\GitHub\\Front-Inventarios\\my-inventory-app\\node_modules\\@unrs\\resolver-binding-linux-s390x-gnu'
107 silly reify ]
108 verbose reify failed optional dependency C:\Users\lucim\Documents\GitHub\Front-Inventarios\my-inventory-app\node_modules\@unrs\resolver-binding-linux-riscv64-musl
109 silly reify mark deleted [
109 silly reify   'C:\\Users\\lucim\\Documents\\GitHub\\Front-Inventarios\\my-inventory-app\\node_modules\\@unrs\\resolver-binding-linux-riscv64-musl'
109 silly reify ]
110 verbose reify failed optional dependency C:\Users\lucim\Documents\GitHub\Front-Inventarios\my-inventory-app\node_modules\@unrs\resolver-binding-linux-riscv64-gnu
111 silly reify mark deleted [
111 silly reify   'C:\\Users\\lucim\\Documents\\GitHub\\Front-Inventarios\\my-inventory-app\\node_modules\\@unrs\\resolver-binding-linux-riscv64-gnu'
111 silly reify ]
112 verbose reify failed optional dependency C:\Users\lucim\Documents\GitHub\Front-Inventarios\my-inventory-app\node_modules\@unrs\resolver-binding-linux-ppc64-gnu
113 silly reify mark deleted [
113 silly reify   'C:\\Users\\lucim\\Documents\\GitHub\\Front-Inventarios\\my-inventory-app\\node_modules\\@unrs\\resolver-binding-linux-ppc64-gnu'
113 silly reify ]
114 verbose reify failed optional dependency C:\Users\lucim\Documents\GitHub\Front-Inventarios\my-inventory-app\node_modules\@unrs\resolver-binding-linux-arm64-musl
115 silly reify mark deleted [
115 silly reify   'C:\\Users\\lucim\\Documents\\GitHub\\Front-Inventarios\\my-inventory-app\\node_modules\\@unrs\\resolver-binding-linux-arm64-musl'
115 silly reify ]
116 verbose reify failed optional dependency C:\Users\lucim\Documents\GitHub\Front-Inventarios\my-inventory-app\node_modules\@unrs\resolver-binding-linux-arm64-gnu
117 silly reify mark deleted [
117 silly reify   'C:\\Users\\lucim\\Documents\\GitHub\\Front-Inventarios\\my-inventory-app\\node_modules\\@unrs\\resolver-binding-linux-arm64-gnu'
117 silly reify ]
118 verbose reify failed optional dependency C:\Users\lucim\Documents\GitHub\Front-Inventarios\my-inventory-app\node_modules\@unrs\resolver-binding-linux-arm-musleabihf
119 silly reify mark deleted [
119 silly reify   'C:\\Users\\lucim\\Documents\\GitHub\\Front-Inventarios\\my-inventory-app\\node_modules\\@unrs\\resolver-binding-linux-arm-musleabihf'
119 silly reify ]
120 verbose reify failed optional dependency C:\Users\lucim\Documents\GitHub\Front-Inventarios\my-inventory-app\node_modules\@unrs\resolver-binding-linux-arm-gnueabihf
121 silly reify mark deleted [
121 silly reify   'C:\\Users\\lucim\\Documents\\GitHub\\Front-Inventarios\\my-inventory-app\\node_modules\\@unrs\\resolver-binding-linux-arm-gnueabihf'
121 silly reify ]
122 verbose reify failed optional dependency C:\Users\lucim\Documents\GitHub\Front-Inventarios\my-inventory-app\node_modules\@unrs\resolver-binding-freebsd-x64
123 silly reify mark deleted [
123 silly reify   'C:\\Users\\lucim\\Documents\\GitHub\\Front-Inventarios\\my-inventory-app\\node_modules\\@unrs\\resolver-binding-freebsd-x64'
123 silly reify ]
124 verbose reify failed optional dependency C:\Users\lucim\Documents\GitHub\Front-Inventarios\my-inventory-app\node_modules\@unrs\resolver-binding-darwin-x64
125 silly reify mark deleted [
125 silly reify   'C:\\Users\\lucim\\Documents\\GitHub\\Front-Inventarios\\my-inventory-app\\node_modules\\@unrs\\resolver-binding-darwin-x64'
125 silly reify ]
126 verbose reify failed optional dependency C:\Users\lucim\Documents\GitHub\Front-Inventarios\my-inventory-app\node_modules\@unrs\resolver-binding-darwin-arm64
127 silly reify mark deleted [
127 silly reify   'C:\\Users\\lucim\\Documents\\GitHub\\Front-Inventarios\\my-inventory-app\\node_modules\\@unrs\\resolver-binding-darwin-arm64'
127 silly reify ]
128 verbose reify failed optional dependency C:\Users\lucim\Documents\GitHub\Front-Inventarios\my-inventory-app\node_modules\@tailwindcss\oxide-win32-arm64-msvc
129 silly reify mark deleted [
129 silly reify   'C:\\Users\\lucim\\Documents\\GitHub\\Front-Inventarios\\my-inventory-app\\node_modules\\@tailwindcss\\oxide-win32-arm64-msvc'
129 silly reify ]
130 verbose reify failed optional dependency C:\Users\lucim\Documents\GitHub\Front-Inventarios\my-inventory-app\node_modules\@tailwindcss\oxide-linux-x64-musl
131 silly reify mark deleted [
131 silly reify   'C:\\Users\\lucim\\Documents\\GitHub\\Front-Inventarios\\my-inventory-app\\node_modules\\@tailwindcss\\oxide-linux-x64-musl'
131 silly reify ]
132 verbose reify failed optional dependency C:\Users\lucim\Documents\GitHub\Front-Inventarios\my-inventory-app\node_modules\@tailwindcss\oxide-linux-x64-gnu
133 silly reify mark deleted [
133 silly reify   'C:\\Users\\lucim\\Documents\\GitHub\\Front-Inventarios\\my-inventory-app\\node_modules\\@tailwindcss\\oxide-linux-x64-gnu'
133 silly reify ]
134 verbose reify failed optional dependency C:\Users\lucim\Documents\GitHub\Front-Inventarios\my-inventory-app\node_modules\@tailwindcss\oxide-linux-arm64-musl
135 silly reify mark deleted [
135 silly reify   'C:\\Users\\lucim\\Documents\\GitHub\\Front-Inventarios\\my-inventory-app\\node_modules\\@tailwindcss\\oxide-linux-arm64-musl'
135 silly reify ]
136 verbose reify failed optional dependency C:\Users\lucim\Documents\GitHub\Front-Inventarios\my-inventory-app\node_modules\@tailwindcss\oxide-linux-arm64-gnu
137 silly reify mark deleted [
137 silly reify   'C:\\Users\\lucim\\Documents\\GitHub\\Front-Inventarios\\my-inventory-app\\node_modules\\@tailwindcss\\oxide-linux-arm64-gnu'
137 silly reify ]
138 verbose reify failed optional dependency C:\Users\lucim\Documents\GitHub\Front-Inventarios\my-inventory-app\node_modules\@tailwindcss\oxide-linux-arm-gnueabihf
139 silly reify mark deleted [
139 silly reify   'C:\\Users\\lucim\\Documents\\GitHub\\Front-Inventarios\\my-inventory-app\\node_modules\\@tailwindcss\\oxide-linux-arm-gnueabihf'
139 silly reify ]
140 verbose reify failed optional dependency C:\Users\lucim\Documents\GitHub\Front-Inventarios\my-inventory-app\node_modules\@tailwindcss\oxide-freebsd-x64
141 silly reify mark deleted [
141 silly reify   'C:\\Users\\lucim\\Documents\\GitHub\\Front-Inventarios\\my-inventory-app\\node_modules\\@tailwindcss\\oxide-freebsd-x64'
141 silly reify ]
142 verbose reify failed optional dependency C:\Users\lucim\Documents\GitHub\Front-Inventarios\my-inventory-app\node_modules\@tailwindcss\oxide-darwin-x64
143 silly reify mark deleted [
143 silly reify   'C:\\Users\\lucim\\Documents\\GitHub\\Front-Inventarios\\my-inventory-app\\node_modules\\@tailwindcss\\oxide-darwin-x64'
143 silly reify ]
144 verbose reify failed optional dependency C:\Users\lucim\Documents\GitHub\Front-Inventarios\my-inventory-app\node_modules\@tailwindcss\oxide-darwin-arm64
145 silly reify mark deleted [
145 silly reify   'C:\\Users\\lucim\\Documents\\GitHub\\Front-Inventarios\\my-inventory-app\\node_modules\\@tailwindcss\\oxide-darwin-arm64'
145 silly reify ]
146 verbose reify failed optional dependency C:\Users\lucim\Documents\GitHub\Front-Inventarios\my-inventory-app\node_modules\@tailwindcss\oxide-android-arm64
147 silly reify mark deleted [
147 silly reify   'C:\\Users\\lucim\\Documents\\GitHub\\Front-Inventarios\\my-inventory-app\\node_modules\\@tailwindcss\\oxide-android-arm64'
147 silly reify ]
148 verbose reify failed optional dependency C:\Users\lucim\Documents\GitHub\Front-Inventarios\my-inventory-app\node_modules\@next\swc-win32-arm64-msvc
149 silly reify mark deleted [
149 silly reify   'C:\\Users\\lucim\\Documents\\GitHub\\Front-Inventarios\\my-inventory-app\\node_modules\\@next\\swc-win32-arm64-msvc'
149 silly reify ]
150 verbose reify failed optional dependency C:\Users\lucim\Documents\GitHub\Front-Inventarios\my-inventory-app\node_modules\@next\swc-linux-x64-musl
151 silly reify mark deleted [
151 silly reify   'C:\\Users\\lucim\\Documents\\GitHub\\Front-Inventarios\\my-inventory-app\\node_modules\\@next\\swc-linux-x64-musl'
151 silly reify ]
152 verbose reify failed optional dependency C:\Users\lucim\Documents\GitHub\Front-Inventarios\my-inventory-app\node_modules\@next\swc-linux-x64-gnu
153 silly reify mark deleted [
153 silly reify   'C:\\Users\\lucim\\Documents\\GitHub\\Front-Inventarios\\my-inventory-app\\node_modules\\@next\\swc-linux-x64-gnu'
153 silly reify ]
154 verbose reify failed optional dependency C:\Users\lucim\Documents\GitHub\Front-Inventarios\my-inventory-app\node_modules\@next\swc-linux-arm64-musl
155 silly reify mark deleted [
155 silly reify   'C:\\Users\\lucim\\Documents\\GitHub\\Front-Inventarios\\my-inventory-app\\node_modules\\@next\\swc-linux-arm64-musl'
155 silly reify ]
156 verbose reify failed optional dependency C:\Users\lucim\Documents\GitHub\Front-Inventarios\my-inventory-app\node_modules\@next\swc-linux-arm64-gnu
157 silly reify mark deleted [
157 silly reify   'C:\\Users\\lucim\\Documents\\GitHub\\Front-Inventarios\\my-inventory-app\\node_modules\\@next\\swc-linux-arm64-gnu'
157 silly reify ]
158 verbose reify failed optional dependency C:\Users\lucim\Documents\GitHub\Front-Inventarios\my-inventory-app\node_modules\@next\swc-darwin-x64
159 silly reify mark deleted [
159 silly reify   'C:\\Users\\lucim\\Documents\\GitHub\\Front-Inventarios\\my-inventory-app\\node_modules\\@next\\swc-darwin-x64'
159 silly reify ]
160 verbose reify failed optional dependency C:\Users\lucim\Documents\GitHub\Front-Inventarios\my-inventory-app\node_modules\@next\swc-darwin-arm64
161 silly reify mark deleted [
161 silly reify   'C:\\Users\\lucim\\Documents\\GitHub\\Front-Inventarios\\my-inventory-app\\node_modules\\@next\\swc-darwin-arm64'
161 silly reify ]
162 verbose reify failed optional dependency C:\Users\lucim\Documents\GitHub\Front-Inventarios\my-inventory-app\node_modules\@img\sharp-win32-ia32
163 silly reify mark deleted [
163 silly reify   'C:\\Users\\lucim\\Documents\\GitHub\\Front-Inventarios\\my-inventory-app\\node_modules\\@img\\sharp-win32-ia32'
163 silly reify ]
164 verbose reify failed optional dependency C:\Users\lucim\Documents\GitHub\Front-Inventarios\my-inventory-app\node_modules\@img\sharp-wasm32
165 silly reify mark deleted [
165 silly reify   'C:\\Users\\lucim\\Documents\\GitHub\\Front-Inventarios\\my-inventory-app\\node_modules\\@img\\sharp-wasm32'
165 silly reify ]
166 verbose reify failed optional dependency C:\Users\lucim\Documents\GitHub\Front-Inventarios\my-inventory-app\node_modules\@img\sharp-linuxmusl-x64
167 silly reify mark deleted [
167 silly reify   'C:\\Users\\lucim\\Documents\\GitHub\\Front-Inventarios\\my-inventory-app\\node_modules\\@img\\sharp-linuxmusl-x64'
167 silly reify ]
168 verbose reify failed optional dependency C:\Users\lucim\Documents\GitHub\Front-Inventarios\my-inventory-app\node_modules\@img\sharp-linuxmusl-arm64
169 silly reify mark deleted [
169 silly reify   'C:\\Users\\lucim\\Documents\\GitHub\\Front-Inventarios\\my-inventory-app\\node_modules\\@img\\sharp-linuxmusl-arm64'
169 silly reify ]
170 verbose reify failed optional dependency C:\Users\lucim\Documents\GitHub\Front-Inventarios\my-inventory-app\node_modules\@img\sharp-linux-x64
171 silly reify mark deleted [
171 silly reify   'C:\\Users\\lucim\\Documents\\GitHub\\Front-Inventarios\\my-inventory-app\\node_modules\\@img\\sharp-linux-x64'
171 silly reify ]
172 verbose reify failed optional dependency C:\Users\lucim\Documents\GitHub\Front-Inventarios\my-inventory-app\node_modules\@img\sharp-linux-s390x
173 silly reify mark deleted [
173 silly reify   'C:\\Users\\lucim\\Documents\\GitHub\\Front-Inventarios\\my-inventory-app\\node_modules\\@img\\sharp-linux-s390x'
173 silly reify ]
174 verbose reify failed optional dependency C:\Users\lucim\Documents\GitHub\Front-Inventarios\my-inventory-app\node_modules\@img\sharp-linux-arm64
175 silly reify mark deleted [
175 silly reify   'C:\\Users\\lucim\\Documents\\GitHub\\Front-Inventarios\\my-inventory-app\\node_modules\\@img\\sharp-linux-arm64'
175 silly reify ]
176 verbose reify failed optional dependency C:\Users\lucim\Documents\GitHub\Front-Inventarios\my-inventory-app\node_modules\@img\sharp-linux-arm
177 silly reify mark deleted [
177 silly reify   'C:\\Users\\lucim\\Documents\\GitHub\\Front-Inventarios\\my-inventory-app\\node_modules\\@img\\sharp-linux-arm'
177 silly reify ]
178 verbose reify failed optional dependency C:\Users\lucim\Documents\GitHub\Front-Inventarios\my-inventory-app\node_modules\@img\sharp-libvips-linuxmusl-x64
179 silly reify mark deleted [
179 silly reify   'C:\\Users\\lucim\\Documents\\GitHub\\Front-Inventarios\\my-inventory-app\\node_modules\\@img\\sharp-libvips-linuxmusl-x64'
179 silly reify ]
180 verbose reify failed optional dependency C:\Users\lucim\Documents\GitHub\Front-Inventarios\my-inventory-app\node_modules\@img\sharp-libvips-linuxmusl-arm64
181 silly reify mark deleted [
181 silly reify   'C:\\Users\\lucim\\Documents\\GitHub\\Front-Inventarios\\my-inventory-app\\node_modules\\@img\\sharp-libvips-linuxmusl-arm64'
181 silly reify ]
182 verbose reify failed optional dependency C:\Users\lucim\Documents\GitHub\Front-Inventarios\my-inventory-app\node_modules\@img\sharp-libvips-linux-x64
183 silly reify mark deleted [
183 silly reify   'C:\\Users\\lucim\\Documents\\GitHub\\Front-Inventarios\\my-inventory-app\\node_modules\\@img\\sharp-libvips-linux-x64'
183 silly reify ]
184 verbose reify failed optional dependency C:\Users\lucim\Documents\GitHub\Front-Inventarios\my-inventory-app\node_modules\@img\sharp-libvips-linux-s390x
185 silly reify mark deleted [
185 silly reify   'C:\\Users\\lucim\\Documents\\GitHub\\Front-Inventarios\\my-inventory-app\\node_modules\\@img\\sharp-libvips-linux-s390x'
185 silly reify ]
186 verbose reify failed optional dependency C:\Users\lucim\Documents\GitHub\Front-Inventarios\my-inventory-app\node_modules\@img\sharp-libvips-linux-ppc64
187 silly reify mark deleted [
187 silly reify   'C:\\Users\\lucim\\Documents\\GitHub\\Front-Inventarios\\my-inventory-app\\node_modules\\@img\\sharp-libvips-linux-ppc64'
187 silly reify ]
188 verbose reify failed optional dependency C:\Users\lucim\Documents\GitHub\Front-Inventarios\my-inventory-app\node_modules\@img\sharp-libvips-linux-arm64
189 silly reify mark deleted [
189 silly reify   'C:\\Users\\lucim\\Documents\\GitHub\\Front-Inventarios\\my-inventory-app\\node_modules\\@img\\sharp-libvips-linux-arm64'
189 silly reify ]
190 verbose reify failed optional dependency C:\Users\lucim\Documents\GitHub\Front-Inventarios\my-inventory-app\node_modules\@img\sharp-libvips-linux-arm
191 silly reify mark deleted [
191 silly reify   'C:\\Users\\lucim\\Documents\\GitHub\\Front-Inventarios\\my-inventory-app\\node_modules\\@img\\sharp-libvips-linux-arm'
191 silly reify ]
192 verbose reify failed optional dependency C:\Users\lucim\Documents\GitHub\Front-Inventarios\my-inventory-app\node_modules\@img\sharp-libvips-darwin-x64
193 silly reify mark deleted [
193 silly reify   'C:\\Users\\lucim\\Documents\\GitHub\\Front-Inventarios\\my-inventory-app\\node_modules\\@img\\sharp-libvips-darwin-x64'
193 silly reify ]
194 verbose reify failed optional dependency C:\Users\lucim\Documents\GitHub\Front-Inventarios\my-inventory-app\node_modules\@img\sharp-libvips-darwin-arm64
195 silly reify mark deleted [
195 silly reify   'C:\\Users\\lucim\\Documents\\GitHub\\Front-Inventarios\\my-inventory-app\\node_modules\\@img\\sharp-libvips-darwin-arm64'
195 silly reify ]
196 verbose reify failed optional dependency C:\Users\lucim\Documents\GitHub\Front-Inventarios\my-inventory-app\node_modules\@img\sharp-darwin-x64
197 silly reify mark deleted [
197 silly reify   'C:\\Users\\lucim\\Documents\\GitHub\\Front-Inventarios\\my-inventory-app\\node_modules\\@img\\sharp-darwin-x64'
197 silly reify ]
198 verbose reify failed optional dependency C:\Users\lucim\Documents\GitHub\Front-Inventarios\my-inventory-app\node_modules\@img\sharp-darwin-arm64
199 silly reify mark deleted [
199 silly reify   'C:\\Users\\lucim\\Documents\\GitHub\\Front-Inventarios\\my-inventory-app\\node_modules\\@img\\sharp-darwin-arm64'
199 silly reify ]
200 http cache update-browserslist-db@https://registry.npmjs.org/update-browserslist-db/-/update-browserslist-db-1.1.3.tgz 0ms (cache hit)
201 http cache escalade@https://registry.npmjs.org/escalade/-/escalade-3.2.0.tgz 0ms (cache hit)
202 http cache postcss-value-parser@https://registry.npmjs.org/postcss-value-parser/-/postcss-value-parser-4.2.0.tgz 0ms (cache hit)
203 http cache normalize-range@https://registry.npmjs.org/normalize-range/-/normalize-range-0.1.2.tgz 0ms (cache hit)
204 http cache node-releases@https://registry.npmjs.org/node-releases/-/node-releases-2.0.19.tgz 0ms (cache hit)
205 http cache electron-to-chromium@https://registry.npmjs.org/electron-to-chromium/-/electron-to-chromium-1.5.150.tgz 0ms (cache hit)
206 http cache browserslist@https://registry.npmjs.org/browserslist/-/browserslist-4.24.5.tgz 0ms (cache hit)
207 http cache fraction.js@https://registry.npmjs.org/fraction.js/-/fraction.js-4.3.7.tgz 0ms (cache hit)
208 silly tarball no local data for update-browserslist-db@https://registry.npmjs.org/update-browserslist-db/-/update-browserslist-db-1.1.3.tgz. Extracting by manifest.
209 silly tarball no local data for escalade@https://registry.npmjs.org/escalade/-/escalade-3.2.0.tgz. Extracting by manifest.
210 http cache autoprefixer@https://registry.npmjs.org/autoprefixer/-/autoprefixer-10.4.21.tgz 0ms (cache hit)
211 silly tarball no local data for postcss-value-parser@https://registry.npmjs.org/postcss-value-parser/-/postcss-value-parser-4.2.0.tgz. Extracting by manifest.
212 silly tarball no local data for normalize-range@https://registry.npmjs.org/normalize-range/-/normalize-range-0.1.2.tgz. Extracting by manifest.
213 silly tarball no local data for node-releases@https://registry.npmjs.org/node-releases/-/node-releases-2.0.19.tgz. Extracting by manifest.
214 silly tarball no local data for electron-to-chromium@https://registry.npmjs.org/electron-to-chromium/-/electron-to-chromium-1.5.150.tgz. Extracting by manifest.
215 silly tarball no local data for browserslist@https://registry.npmjs.org/browserslist/-/browserslist-4.24.5.tgz. Extracting by manifest.
216 silly tarball no local data for fraction.js@https://registry.npmjs.org/fraction.js/-/fraction.js-4.3.7.tgz. Extracting by manifest.
217 silly tarball no local data for autoprefixer@https://registry.npmjs.org/autoprefixer/-/autoprefixer-10.4.21.tgz. Extracting by manifest.
218 http fetch GET 200 https://registry.npmjs.org/update-browserslist-db/-/update-browserslist-db-1.1.3.tgz 212ms (cache miss)
219 http fetch GET 200 https://registry.npmjs.org/escalade/-/escalade-3.2.0.tgz 218ms (cache miss)
220 http fetch GET 200 https://registry.npmjs.org/postcss-value-parser/-/postcss-value-parser-4.2.0.tgz 232ms (cache miss)
221 http fetch POST 200 https://registry.npmjs.org/-/npm/v1/security/advisories/bulk 396ms
222 silly audit report {}
223 http fetch GET 200 https://registry.npmjs.org/normalize-range/-/normalize-range-0.1.2.tgz 673ms (cache miss)
224 http fetch GET 200 https://registry.npmjs.org/fraction.js/-/fraction.js-4.3.7.tgz 688ms (cache miss)
225 http fetch GET 200 https://registry.npmjs.org/node-releases/-/node-releases-2.0.19.tgz 691ms (cache miss)
226 http fetch GET 200 https://registry.npmjs.org/electron-to-chromium/-/electron-to-chromium-1.5.150.tgz 710ms (cache miss)
227 http fetch GET 200 https://registry.npmjs.org/browserslist/-/browserslist-4.24.5.tgz 721ms (cache miss)
228 http fetch GET 200 https://registry.npmjs.org/autoprefixer/-/autoprefixer-10.4.21.tgz 787ms (cache miss)
229 silly ADD node_modules/escalade
230 silly ADD node_modules/update-browserslist-db
231 silly ADD node_modules/node-releases
232 silly ADD node_modules/electron-to-chromium
233 silly ADD node_modules/postcss-value-parser
234 silly ADD node_modules/normalize-range
235 silly ADD node_modules/fraction.js
236 silly ADD node_modules/browserslist
237 silly ADD node_modules/autoprefixer
238 silly ADD
239 silly ADD
240 silly ADD
241 silly ADD
242 silly ADD
243 silly ADD
244 silly ADD
245 silly ADD
246 silly ADD
247 silly ADD
248 silly ADD
249 silly ADD
250 silly ADD
251 silly ADD
252 silly ADD
253 silly ADD
254 silly ADD
255 silly ADD
256 silly ADD
257 silly ADD
258 silly ADD
259 silly ADD
260 silly ADD
261 silly ADD
262 silly ADD
263 silly ADD
264 silly ADD
265 silly ADD
266 silly ADD
267 silly ADD
268 silly ADD
269 silly ADD
270 silly ADD
271 silly ADD
272 silly ADD
273 silly ADD
274 silly ADD
275 silly ADD
276 silly ADD
277 silly ADD
278 silly ADD
279 silly ADD
280 silly ADD
281 silly ADD
282 silly ADD
283 silly ADD
284 silly ADD
285 silly ADD
286 silly ADD
287 silly ADD
288 silly ADD
289 silly ADD
290 silly ADD
291 silly ADD
292 silly ADD
293 silly ADD
294 silly ADD
295 silly ADD
296 silly ADD
297 silly ADD
298 silly ADD
299 silly ADD
300 verbose cwd C:\Users\lucim\Documents\GitHub\Front-Inventarios\my-inventory-app
301 verbose os Windows_NT 10.0.26100
302 verbose node v22.14.0
303 verbose npm  v11.1.0
304 notice
304 notice New [33mminor[39m version of npm available! [33m11.1.0[39m -> [34m11.3.0[39m
304 notice Changelog: [34mhttps://github.com/npm/cli/releases/tag/v11.3.0[39m
304 notice To update run: [4mnpm install -g npm@11.3.0[24m
304 notice  { force: true, [Symbol(proc-log.meta)]: true }
305 verbose exit 0
306 info ok
