0 verbose cli C:\Program Files\nodejs\node.exe C:\Users\lucim\AppData\Roaming\npm\node_modules\npm\bin\npm-cli.js
1 info using npm@11.3.0
2 info using node@v22.14.0
3 silly config load:file:C:\Users\lucim\AppData\Roaming\npm\node_modules\npm\npmrc
4 silly config load:file:C:\Users\lucim\Documents\GitHub\Front-Inventarios\my-inventory-app\.npmrc
5 silly config load:file:C:\Users\lucim\.npmrc
6 silly config load:file:C:\Users\lucim\AppData\Roaming\npm\etc\npmrc
7 verbose title npm install tailwindcss@3 postcss autoprefixer
8 verbose argv "install" "--save-dev" "tailwindcss@3" "postcss" "autoprefixer"
9 verbose logfile logs-max:10 dir:C:\Users\lucim\Documents\GitHub\Front-Inventarios\my-inventory-app\tmpnpm-cache\_logs\2025-05-19T13_19_06_035Z-
10 verbose logfile C:\Users\lucim\Documents\GitHub\Front-Inventarios\my-inventory-app\tmpnpm-cache\_logs\2025-05-19T13_19_06_035Z-debug-0.log
11 silly logfile start cleaning logs, removing 1 files
12 silly packumentCache heap:4345298944 maxSize:1086324736 maxEntrySize:543162368
13 silly logfile done cleaning log files
14 silly idealTree buildDeps
15 silly fetch manifest tailwindcss@3
16 silly packumentCache full:https://registry.npmjs.org/tailwindcss cache-miss
17 http fetch GET 200 https://registry.npmjs.org/tailwindcss 294ms (cache revalidated)
18 silly packumentCache full:https://registry.npmjs.org/tailwindcss set size:8982001 disposed:false
19 silly fetch manifest postcss@*
20 silly packumentCache full:https://registry.npmjs.org/postcss cache-miss
21 http fetch GET 200 https://registry.npmjs.org/postcss 97ms (cache revalidated)
22 silly packumentCache full:https://registry.npmjs.org/postcss set size:687240 disposed:false
23 silly fetch manifest autoprefixer@*
24 silly packumentCache full:https://registry.npmjs.org/autoprefixer cache-miss
25 http fetch GET 200 https://registry.npmjs.org/autoprefixer 90ms (cache revalidated)
26 silly packumentCache full:https://registry.npmjs.org/autoprefixer set size:1238679 disposed:false
27 silly placeDep ROOT autoprefixer@10.4.21 OK for: my-inventory-app@0.1.0 want: *
28 silly placeDep ROOT postcss@8.5.3 OK for: autoprefixer@10.4.21 want: ^8.1.0
29 silly placeDep ROOT postcss@8.5.3 REPLACE for: my-inventory-app@0.1.0 want: *
30 silly placeDep ROOT tailwindcss@3.4.17 OK for: my-inventory-app@0.1.0 want: 3
31 silly fetch manifest fraction.js@^4.3.7
32 silly packumentCache full:https://registry.npmjs.org/fraction.js cache-miss
33 silly fetch manifest browserslist@^4.24.4
34 silly packumentCache full:https://registry.npmjs.org/browserslist cache-miss
35 silly fetch manifest normalize-range@^0.1.2
36 silly packumentCache full:https://registry.npmjs.org/normalize-range cache-miss
37 silly fetch manifest postcss-value-parser@^4.2.0
38 silly packumentCache full:https://registry.npmjs.org/postcss-value-parser cache-miss
39 silly fetch manifest arg@^5.0.2
40 silly packumentCache full:https://registry.npmjs.org/arg cache-miss
41 silly fetch manifest dlv@^1.1.3
42 silly packumentCache full:https://registry.npmjs.org/dlv cache-miss
43 silly fetch manifest jiti@^1.21.6
44 silly packumentCache full:https://registry.npmjs.org/jiti cache-miss
45 http fetch GET 200 https://registry.npmjs.org/postcss-value-parser 295ms (cache revalidated)
46 silly packumentCache full:https://registry.npmjs.org/postcss-value-parser set size:73484 disposed:false
47 silly fetch manifest sucrase@^3.35.0
48 silly packumentCache full:https://registry.npmjs.org/sucrase cache-miss
49 http fetch GET 200 https://registry.npmjs.org/browserslist 298ms (cache revalidated)
50 silly packumentCache full:https://registry.npmjs.org/browserslist set size:478931 disposed:false
51 silly fetch manifest chokidar@^3.6.0
52 silly packumentCache full:https://registry.npmjs.org/chokidar cache-miss
53 http fetch GET 200 https://registry.npmjs.org/jiti 301ms (cache revalidated)
54 silly packumentCache full:https://registry.npmjs.org/jiti set size:363881 disposed:false
55 silly fetch manifest fast-glob@^3.3.2
56 silly packumentCache full:https://registry.npmjs.org/fast-glob cache-miss
57 http fetch GET 200 https://registry.npmjs.org/normalize-range 307ms (cache revalidated)
58 silly packumentCache full:https://registry.npmjs.org/normalize-range set size:10677 disposed:false
59 silly fetch manifest lilconfig@^3.1.3
60 silly packumentCache full:https://registry.npmjs.org/lilconfig cache-miss
61 http fetch GET 200 https://registry.npmjs.org/dlv 345ms (cache miss)
62 silly packumentCache full:https://registry.npmjs.org/dlv set size:undefined disposed:false
63 silly fetch manifest didyoumean@^1.2.2
64 silly packumentCache full:https://registry.npmjs.org/didyoumean cache-miss
65 http fetch GET 200 https://registry.npmjs.org/arg 349ms (cache miss)
66 silly packumentCache full:https://registry.npmjs.org/arg set size:undefined disposed:false
67 silly fetch manifest postcss-js@^4.0.1
68 silly packumentCache full:https://registry.npmjs.org/postcss-js cache-miss
69 http fetch GET 200 https://registry.npmjs.org/chokidar 85ms (cache miss)
70 silly packumentCache full:https://registry.npmjs.org/chokidar set size:undefined disposed:false
71 silly fetch manifest object-hash@^3.0.0
72 silly packumentCache full:https://registry.npmjs.org/object-hash cache-miss
73 http fetch GET 200 https://registry.npmjs.org/fast-glob 89ms (cache revalidated)
74 silly packumentCache full:https://registry.npmjs.org/fast-glob set size:220556 disposed:false
75 silly fetch manifest normalize-path@^3.0.0
76 silly packumentCache full:https://registry.npmjs.org/normalize-path cache-miss
77 http fetch GET 200 https://registry.npmjs.org/lilconfig 91ms (cache miss)
78 silly packumentCache full:https://registry.npmjs.org/lilconfig set size:undefined disposed:false
79 silly fetch manifest postcss-import@^15.1.0
80 silly packumentCache full:https://registry.npmjs.org/postcss-import cache-miss
81 http fetch GET 200 https://registry.npmjs.org/sucrase 108ms (cache miss)
82 silly packumentCache full:https://registry.npmjs.org/sucrase set size:undefined disposed:false
83 silly fetch manifest postcss-nested@^6.2.0
84 silly packumentCache full:https://registry.npmjs.org/postcss-nested cache-miss
85 http fetch GET 200 https://registry.npmjs.org/didyoumean 70ms (cache miss)
86 silly packumentCache full:https://registry.npmjs.org/didyoumean set size:undefined disposed:false
87 silly fetch manifest @alloc/quick-lru@^5.2.0
88 silly packumentCache full:https://registry.npmjs.org/@alloc%2fquick-lru cache-miss
89 http fetch GET 200 https://registry.npmjs.org/object-hash 65ms (cache miss)
90 silly packumentCache full:https://registry.npmjs.org/object-hash set size:undefined disposed:false
91 silly fetch manifest postcss-load-config@^4.0.2
92 silly packumentCache full:https://registry.npmjs.org/postcss-load-config cache-miss
93 http fetch GET 200 https://registry.npmjs.org/postcss-js 126ms (cache miss)
94 silly packumentCache full:https://registry.npmjs.org/postcss-js set size:undefined disposed:false
95 silly fetch manifest postcss-selector-parser@^6.1.2
96 silly packumentCache full:https://registry.npmjs.org/postcss-selector-parser cache-miss
97 http fetch GET 200 https://registry.npmjs.org/postcss-nested 90ms (cache miss)
98 silly packumentCache full:https://registry.npmjs.org/postcss-nested set size:undefined disposed:false
99 http fetch GET 200 https://registry.npmjs.org/normalize-path 104ms (cache miss)
100 silly packumentCache full:https://registry.npmjs.org/normalize-path set size:undefined disposed:false
101 http fetch GET 200 https://registry.npmjs.org/postcss-import 100ms (cache miss)
102 silly packumentCache full:https://registry.npmjs.org/postcss-import set size:undefined disposed:false
103 http fetch GET 200 https://registry.npmjs.org/@alloc%2fquick-lru 110ms (cache revalidated)
104 silly packumentCache full:https://registry.npmjs.org/@alloc%2fquick-lru set size:7269 disposed:false
105 http fetch GET 200 https://registry.npmjs.org/postcss-load-config 94ms (cache miss)
106 silly packumentCache full:https://registry.npmjs.org/postcss-load-config set size:undefined disposed:false
107 http fetch GET 200 https://registry.npmjs.org/postcss-selector-parser 122ms (cache miss)
108 silly packumentCache full:https://registry.npmjs.org/postcss-selector-parser set size:undefined disposed:false
109 http fetch GET 200 https://registry.npmjs.org/fraction.js 712ms (cache revalidated)
110 silly packumentCache full:https://registry.npmjs.org/fraction.js set size:137629 disposed:false
111 silly placeDep ROOT browserslist@4.24.5 OK for: autoprefixer@10.4.21 want: ^4.24.4
112 silly placeDep ROOT fraction.js@4.3.7 OK for: autoprefixer@10.4.21 want: ^4.3.7
113 silly placeDep ROOT normalize-range@0.1.2 OK for: autoprefixer@10.4.21 want: ^0.1.2
114 silly placeDep ROOT postcss-value-parser@4.2.0 OK for: autoprefixer@10.4.21 want: ^4.2.0
115 silly fetch manifest electron-to-chromium@^1.5.149
116 silly packumentCache full:https://registry.npmjs.org/electron-to-chromium cache-miss
117 silly fetch manifest node-releases@^2.0.19
118 silly packumentCache full:https://registry.npmjs.org/node-releases cache-miss
119 silly fetch manifest update-browserslist-db@^1.1.3
120 silly packumentCache full:https://registry.npmjs.org/update-browserslist-db cache-miss
121 http fetch GET 200 https://registry.npmjs.org/update-browserslist-db 67ms (cache revalidated)
122 silly packumentCache full:https://registry.npmjs.org/update-browserslist-db set size:52280 disposed:false
123 http fetch GET 200 https://registry.npmjs.org/node-releases 71ms (cache revalidated)
124 silly packumentCache full:https://registry.npmjs.org/node-releases set size:260405 disposed:false
125 http fetch GET 200 https://registry.npmjs.org/electron-to-chromium 85ms (cache revalidated)
126 silly packumentCache full:https://registry.npmjs.org/electron-to-chromium set size:4501998 disposed:false
127 silly fetch manifest browserslist@>= 4.21.0
128 silly packumentCache full:https://registry.npmjs.org/browserslist cache-hit
129 silly placeDep ROOT electron-to-chromium@1.5.155 OK for: browserslist@4.24.5 want: ^1.5.149
130 silly placeDep ROOT node-releases@2.0.19 OK for: browserslist@4.24.5 want: ^2.0.19
131 silly placeDep ROOT update-browserslist-db@1.1.3 OK for: browserslist@4.24.5 want: ^1.1.3
132 silly fetch manifest escalade@^3.2.0
133 silly packumentCache full:https://registry.npmjs.org/escalade cache-miss
134 http fetch GET 200 https://registry.npmjs.org/escalade 105ms (cache revalidated)
135 silly packumentCache full:https://registry.npmjs.org/escalade set size:33724 disposed:false
136 silly fetch manifest postcss@^8.4.47
137 silly packumentCache full:https://registry.npmjs.org/postcss cache-hit
138 silly fetch manifest ts-node@>=9.0.0
139 silly packumentCache full:https://registry.npmjs.org/ts-node cache-miss
140 http fetch GET 200 https://registry.npmjs.org/ts-node 101ms (cache miss)
141 silly packumentCache full:https://registry.npmjs.org/ts-node set size:undefined disposed:false
142 silly fetch manifest @swc/core@>=1.2.50
143 silly packumentCache full:https://registry.npmjs.org/@swc%2fcore cache-miss
144 http fetch GET 200 https://registry.npmjs.org/@swc%2fcore 266ms (cache miss)
145 silly packumentCache full:https://registry.npmjs.org/@swc%2fcore set size:undefined disposed:false
146 silly fetch manifest @swc/helpers@>=0.5.17
147 silly packumentCache full:https://registry.npmjs.org/@swc%2fhelpers cache-miss
148 http fetch GET 200 https://registry.npmjs.org/@swc%2fhelpers 203ms (cache revalidated)
149 silly packumentCache full:https://registry.npmjs.org/@swc%2fhelpers set size:631925 disposed:false
150 silly fetch manifest @swc/wasm@>=1.2.50
151 silly packumentCache full:https://registry.npmjs.org/@swc%2fwasm cache-miss
152 http fetch GET 200 https://registry.npmjs.org/@swc%2fwasm 211ms (cache miss)
153 silly packumentCache full:https://registry.npmjs.org/@swc%2fwasm set size:undefined disposed:false
154 silly fetch manifest @types/node@*
155 silly packumentCache full:https://registry.npmjs.org/@types%2fnode cache-miss
156 http fetch GET 200 https://registry.npmjs.org/@types%2fnode 505ms (cache updated)
157 silly packumentCache full:https://registry.npmjs.org/@types%2fnode set size:undefined disposed:false
158 silly fetch manifest typescript@>=2.7
159 silly packumentCache full:https://registry.npmjs.org/typescript cache-miss
160 http fetch GET 200 https://registry.npmjs.org/typescript 656ms (cache updated)
161 silly packumentCache full:https://registry.npmjs.org/typescript set size:undefined disposed:false
162 silly placeDep ROOT @alloc/quick-lru@5.2.0 OK for: tailwindcss@3.4.17 want: ^5.2.0
163 silly placeDep ROOT arg@5.0.2 OK for: tailwindcss@3.4.17 want: ^5.0.2
164 silly placeDep ROOT chokidar@3.6.0 OK for: tailwindcss@3.4.17 want: ^3.6.0
165 silly placeDep ROOT didyoumean@1.2.2 OK for: tailwindcss@3.4.17 want: ^1.2.2
166 silly placeDep ROOT dlv@1.1.3 OK for: tailwindcss@3.4.17 want: ^1.1.3
167 silly placeDep node_modules/tailwindcss fast-glob@3.3.3 OK for: tailwindcss@3.4.17 want: ^3.3.2
168 silly placeDep node_modules/tailwindcss jiti@1.21.7 OK for: tailwindcss@3.4.17 want: ^1.21.6
169 silly placeDep ROOT lilconfig@3.1.3 OK for: tailwindcss@3.4.17 want: ^3.1.3
170 silly placeDep ROOT normalize-path@3.0.0 OK for: tailwindcss@3.4.17 want: ^3.0.0
171 silly placeDep ROOT object-hash@3.0.0 OK for: tailwindcss@3.4.17 want: ^3.0.0
172 silly placeDep ROOT postcss-import@15.1.0 OK for: tailwindcss@3.4.17 want: ^15.1.0
173 silly placeDep ROOT postcss-js@4.0.1 OK for: tailwindcss@3.4.17 want: ^4.0.1
174 silly placeDep node_modules/tailwindcss postcss-load-config@4.0.2 OK for: tailwindcss@3.4.17 want: ^4.0.2
175 silly placeDep ROOT postcss-nested@6.2.0 OK for: tailwindcss@3.4.17 want: ^6.2.0
176 silly placeDep ROOT postcss-selector-parser@6.1.2 OK for: tailwindcss@3.4.17 want: ^6.1.2
177 silly placeDep ROOT sucrase@3.35.0 OK for: tailwindcss@3.4.17 want: ^3.35.0
178 silly fetch manifest anymatch@~3.1.2
179 silly packumentCache full:https://registry.npmjs.org/anymatch cache-miss
180 silly fetch manifest readdirp@~3.6.0
181 silly packumentCache full:https://registry.npmjs.org/readdirp cache-miss
182 silly fetch manifest glob-parent@~5.1.2
183 silly packumentCache full:https://registry.npmjs.org/glob-parent cache-miss
184 silly fetch manifest is-binary-path@~2.1.0
185 silly packumentCache full:https://registry.npmjs.org/is-binary-path cache-miss
186 silly fetch manifest normalize-path@~3.0.0
187 silly packumentCache full:https://registry.npmjs.org/normalize-path cache-miss
188 silly fetch manifest fsevents@~2.3.2
189 silly packumentCache full:https://registry.npmjs.org/fsevents cache-miss
190 silly fetch manifest glob-parent@^5.1.2
191 silly packumentCache full:https://registry.npmjs.org/glob-parent cache-miss
192 http cache https://registry.npmjs.org/normalize-path 9ms (cache hit)
193 silly packumentCache full:https://registry.npmjs.org/normalize-path set size:28713 disposed:false
194 silly fetch manifest read-cache@^1.0.0
195 silly packumentCache full:https://registry.npmjs.org/read-cache cache-miss
196 http fetch GET 200 https://registry.npmjs.org/glob-parent 69ms (cache revalidated)
197 silly packumentCache full:https://registry.npmjs.org/glob-parent set size:42445 disposed:false
198 silly fetch manifest camelcase-css@^2.0.1
199 silly packumentCache full:https://registry.npmjs.org/camelcase-css cache-miss
200 http fetch GET 200 https://registry.npmjs.org/glob-parent 69ms (cache revalidated)
201 silly packumentCache full:https://registry.npmjs.org/glob-parent set size:42445 disposed:false
202 silly packumentCache full:https://registry.npmjs.org/glob-parent dispose
203 silly fetch manifest yaml@^2.3.4
204 silly packumentCache full:https://registry.npmjs.org/yaml cache-miss
205 http fetch GET 200 https://registry.npmjs.org/readdirp 75ms (cache miss)
206 silly packumentCache full:https://registry.npmjs.org/readdirp set size:undefined disposed:false
207 silly fetch manifest postcss-selector-parser@^6.1.1
208 silly packumentCache full:https://registry.npmjs.org/postcss-selector-parser cache-miss
209 http cache https://registry.npmjs.org/postcss-selector-parser 3ms (cache hit)
210 silly packumentCache full:https://registry.npmjs.org/postcss-selector-parser set size:174136 disposed:false
211 silly fetch manifest cssesc@^3.0.0
212 silly packumentCache full:https://registry.npmjs.org/cssesc cache-miss
213 http fetch GET 200 https://registry.npmjs.org/anymatch 87ms (cache miss)
214 silly packumentCache full:https://registry.npmjs.org/anymatch set size:undefined disposed:false
215 silly fetch manifest util-deprecate@^1.0.2
216 silly packumentCache full:https://registry.npmjs.org/util-deprecate cache-miss
217 http fetch GET 200 https://registry.npmjs.org/fsevents 99ms (cache miss)
218 silly packumentCache full:https://registry.npmjs.org/fsevents set size:undefined disposed:false
219 silly fetch manifest @jridgewell/gen-mapping@^0.3.2
220 silly packumentCache full:https://registry.npmjs.org/@jridgewell%2fgen-mapping cache-miss
221 http fetch GET 200 https://registry.npmjs.org/is-binary-path 102ms (cache miss)
222 silly packumentCache full:https://registry.npmjs.org/is-binary-path set size:undefined disposed:false
223 silly fetch manifest commander@^4.0.0
224 silly packumentCache full:https://registry.npmjs.org/commander cache-miss
225 http fetch GET 200 https://registry.npmjs.org/read-cache 111ms (cache miss)
226 silly packumentCache full:https://registry.npmjs.org/read-cache set size:undefined disposed:false
227 silly fetch manifest glob@^10.3.10
228 silly packumentCache full:https://registry.npmjs.org/glob cache-miss
229 http fetch GET 200 https://registry.npmjs.org/cssesc 49ms (cache miss)
230 silly packumentCache full:https://registry.npmjs.org/cssesc set size:undefined disposed:false
231 silly fetch manifest lines-and-columns@^1.1.6
232 silly packumentCache full:https://registry.npmjs.org/lines-and-columns cache-miss
233 http fetch GET 200 https://registry.npmjs.org/camelcase-css 70ms (cache miss)
234 silly packumentCache full:https://registry.npmjs.org/camelcase-css set size:undefined disposed:false
235 silly fetch manifest mz@^2.7.0
236 silly packumentCache full:https://registry.npmjs.org/mz cache-miss
237 http fetch GET 200 https://registry.npmjs.org/yaml 115ms (cache miss)
238 silly packumentCache full:https://registry.npmjs.org/yaml set size:undefined disposed:false
239 silly fetch manifest pirates@^4.0.1
240 silly packumentCache full:https://registry.npmjs.org/pirates cache-miss
241 http fetch GET 200 https://registry.npmjs.org/lines-and-columns 66ms (cache miss)
242 silly packumentCache full:https://registry.npmjs.org/lines-and-columns set size:undefined disposed:false
243 silly fetch manifest ts-interface-checker@^0.1.9
244 silly packumentCache full:https://registry.npmjs.org/ts-interface-checker cache-miss
245 http fetch GET 200 https://registry.npmjs.org/@jridgewell%2fgen-mapping 110ms (cache revalidated)
246 silly packumentCache full:https://registry.npmjs.org/@jridgewell%2fgen-mapping set size:65594 disposed:false
247 http fetch GET 200 https://registry.npmjs.org/mz 83ms (cache miss)
248 silly packumentCache full:https://registry.npmjs.org/mz set size:undefined disposed:false
249 http fetch GET 200 https://registry.npmjs.org/commander 123ms (cache miss)
250 silly packumentCache full:https://registry.npmjs.org/commander set size:undefined disposed:false
251 http fetch GET 200 https://registry.npmjs.org/util-deprecate 142ms (cache miss)
252 silly packumentCache full:https://registry.npmjs.org/util-deprecate set size:undefined disposed:false
253 http fetch GET 200 https://registry.npmjs.org/glob 149ms (cache miss)
254 silly packumentCache full:https://registry.npmjs.org/glob set size:undefined disposed:false
255 http fetch GET 200 https://registry.npmjs.org/ts-interface-checker 76ms (cache miss)
256 silly packumentCache full:https://registry.npmjs.org/ts-interface-checker set size:undefined disposed:false
257 http fetch GET 200 https://registry.npmjs.org/pirates 89ms (cache miss)
258 silly packumentCache full:https://registry.npmjs.org/pirates set size:undefined disposed:false
259 silly placeDep ROOT anymatch@3.1.3 OK for: chokidar@3.6.0 want: ~3.1.2
260 silly placeDep ROOT fsevents@2.3.3 OK for: chokidar@3.6.0 want: ~2.3.2
261 silly placeDep node_modules/chokidar glob-parent@5.1.2 OK for: chokidar@3.6.0 want: ~5.1.2
262 silly placeDep ROOT is-binary-path@2.1.0 OK for: chokidar@3.6.0 want: ~2.1.0
263 silly placeDep ROOT readdirp@3.6.0 OK for: chokidar@3.6.0 want: ~3.6.0
264 silly fetch manifest binary-extensions@^2.0.0
265 silly packumentCache full:https://registry.npmjs.org/binary-extensions cache-miss
266 http fetch GET 200 https://registry.npmjs.org/binary-extensions 55ms (cache miss)
267 silly packumentCache full:https://registry.npmjs.org/binary-extensions set size:undefined disposed:false
268 silly placeDep ROOT binary-extensions@2.3.0 OK for: is-binary-path@2.1.0 want: ^2.0.0
269 silly placeDep ROOT read-cache@1.0.0 OK for: postcss-import@15.1.0 want: ^1.0.0
270 silly fetch manifest pify@^2.3.0
271 silly packumentCache full:https://registry.npmjs.org/pify cache-miss
272 http fetch GET 200 https://registry.npmjs.org/pify 134ms (cache miss)
273 silly packumentCache full:https://registry.npmjs.org/pify set size:undefined disposed:false
274 silly placeDep ROOT camelcase-css@2.0.1 OK for: postcss-js@4.0.1 want: ^2.0.1
275 silly placeDep ROOT cssesc@3.0.0 OK for: postcss-selector-parser@6.1.2 want: ^3.0.0
276 silly placeDep ROOT util-deprecate@1.0.2 OK for: postcss-selector-parser@6.1.2 want: ^1.0.2
277 silly placeDep ROOT pify@2.3.0 OK for: read-cache@1.0.0 want: ^2.3.0
278 silly placeDep ROOT @jridgewell/gen-mapping@0.3.8 OK for: sucrase@3.35.0 want: ^0.3.2
279 silly placeDep ROOT commander@4.1.1 OK for: sucrase@3.35.0 want: ^4.0.0
280 silly placeDep ROOT glob@10.4.5 OK for: sucrase@3.35.0 want: ^10.3.10
281 silly placeDep ROOT lines-and-columns@1.2.4 OK for: sucrase@3.35.0 want: ^1.1.6
282 silly placeDep ROOT mz@2.7.0 OK for: sucrase@3.35.0 want: ^2.7.0
283 silly placeDep ROOT pirates@4.0.7 OK for: sucrase@3.35.0 want: ^4.0.1
284 silly placeDep ROOT ts-interface-checker@0.1.13 OK for: sucrase@3.35.0 want: ^0.1.9
285 silly fetch manifest @jridgewell/set-array@^1.2.1
286 silly packumentCache full:https://registry.npmjs.org/@jridgewell%2fset-array cache-miss
287 silly fetch manifest @jridgewell/sourcemap-codec@^1.4.10
288 silly packumentCache full:https://registry.npmjs.org/@jridgewell%2fsourcemap-codec cache-miss
289 silly fetch manifest @jridgewell/trace-mapping@^0.3.24
290 silly packumentCache full:https://registry.npmjs.org/@jridgewell%2ftrace-mapping cache-miss
291 silly fetch manifest minipass@^7.1.2
292 silly packumentCache full:https://registry.npmjs.org/minipass cache-miss
293 silly fetch manifest jackspeak@^3.1.2
294 silly packumentCache full:https://registry.npmjs.org/jackspeak cache-miss
295 silly fetch manifest minimatch@^9.0.4
296 silly packumentCache full:https://registry.npmjs.org/minimatch cache-miss
297 silly fetch manifest path-scurry@^1.11.1
298 silly packumentCache full:https://registry.npmjs.org/path-scurry cache-miss
299 http fetch GET 200 https://registry.npmjs.org/minipass 66ms (cache revalidated)
300 silly packumentCache full:https://registry.npmjs.org/minipass set size:490195 disposed:false
301 silly fetch manifest foreground-child@^3.1.0
302 silly packumentCache full:https://registry.npmjs.org/foreground-child cache-miss
303 http fetch GET 200 https://registry.npmjs.org/minimatch 70ms (cache revalidated)
304 silly packumentCache full:https://registry.npmjs.org/minimatch set size:398328 disposed:false
305 silly fetch manifest package-json-from-dist@^1.0.0
306 silly packumentCache full:https://registry.npmjs.org/package-json-from-dist cache-miss
307 http fetch GET 200 https://registry.npmjs.org/@jridgewell%2fsourcemap-codec 97ms (cache revalidated)
308 silly packumentCache full:https://registry.npmjs.org/@jridgewell%2fsourcemap-codec set size:54548 disposed:false
309 silly fetch manifest any-promise@^1.0.0
310 silly packumentCache full:https://registry.npmjs.org/any-promise cache-miss
311 http fetch GET 200 https://registry.npmjs.org/@jridgewell%2ftrace-mapping 101ms (cache revalidated)
312 silly packumentCache full:https://registry.npmjs.org/@jridgewell%2ftrace-mapping set size:146917 disposed:false
313 silly fetch manifest thenify-all@^1.0.0
314 silly packumentCache full:https://registry.npmjs.org/thenify-all cache-miss
315 http fetch GET 200 https://registry.npmjs.org/path-scurry 106ms (cache miss)
316 silly packumentCache full:https://registry.npmjs.org/path-scurry set size:undefined disposed:false
317 http fetch GET 200 https://registry.npmjs.org/@jridgewell%2fset-array 113ms (cache revalidated)
318 silly packumentCache full:https://registry.npmjs.org/@jridgewell%2fset-array set size:25503 disposed:false
319 http fetch GET 200 https://registry.npmjs.org/jackspeak 147ms (cache miss)
320 silly packumentCache full:https://registry.npmjs.org/jackspeak set size:undefined disposed:false
321 http fetch GET 200 https://registry.npmjs.org/thenify-all 59ms (cache miss)
322 silly packumentCache full:https://registry.npmjs.org/thenify-all set size:undefined disposed:false
323 http fetch GET 200 https://registry.npmjs.org/foreground-child 95ms (cache miss)
324 silly packumentCache full:https://registry.npmjs.org/foreground-child set size:undefined disposed:false
325 http fetch GET 200 https://registry.npmjs.org/any-promise 93ms (cache miss)
326 silly packumentCache full:https://registry.npmjs.org/any-promise set size:undefined disposed:false
327 http fetch GET 200 https://registry.npmjs.org/package-json-from-dist 131ms (cache miss)
328 silly packumentCache full:https://registry.npmjs.org/package-json-from-dist set size:undefined disposed:false
329 silly placeDep ROOT @jridgewell/set-array@1.2.1 OK for: @jridgewell/gen-mapping@0.3.8 want: ^1.2.1
330 silly placeDep ROOT @jridgewell/sourcemap-codec@1.5.0 OK for: @jridgewell/gen-mapping@0.3.8 want: ^1.4.10
331 silly placeDep ROOT @jridgewell/trace-mapping@0.3.25 OK for: @jridgewell/gen-mapping@0.3.8 want: ^0.3.24
332 silly fetch manifest @jridgewell/resolve-uri@^3.1.0
333 silly packumentCache full:https://registry.npmjs.org/@jridgewell%2fresolve-uri cache-miss
334 http fetch GET 200 https://registry.npmjs.org/@jridgewell%2fresolve-uri 87ms (cache revalidated)
335 silly packumentCache full:https://registry.npmjs.org/@jridgewell%2fresolve-uri set size:57361 disposed:false
336 silly placeDep ROOT @jridgewell/resolve-uri@3.1.2 OK for: @jridgewell/trace-mapping@0.3.25 want: ^3.1.0
337 silly placeDep ROOT foreground-child@3.3.1 OK for: glob@10.4.5 want: ^3.1.0
338 silly placeDep ROOT jackspeak@3.4.3 OK for: glob@10.4.5 want: ^3.1.2
339 silly placeDep node_modules/glob minimatch@9.0.5 OK for: glob@10.4.5 want: ^9.0.4
340 silly placeDep ROOT minipass@7.1.2 OK for: glob@10.4.5 want: ^7.1.2
341 silly placeDep ROOT package-json-from-dist@1.0.1 OK for: glob@10.4.5 want: ^1.0.0
342 silly placeDep ROOT path-scurry@1.11.1 OK for: glob@10.4.5 want: ^1.11.1
343 silly fetch manifest signal-exit@^4.0.1
344 silly packumentCache full:https://registry.npmjs.org/signal-exit cache-miss
345 silly fetch manifest @isaacs/cliui@^8.0.2
346 silly packumentCache full:https://registry.npmjs.org/@isaacs%2fcliui cache-miss
347 silly fetch manifest @pkgjs/parseargs@^0.11.0
348 silly packumentCache full:https://registry.npmjs.org/@pkgjs%2fparseargs cache-miss
349 silly fetch manifest brace-expansion@^2.0.1
350 silly packumentCache full:https://registry.npmjs.org/brace-expansion cache-miss
351 silly fetch manifest lru-cache@^10.2.0
352 silly packumentCache full:https://registry.npmjs.org/lru-cache cache-miss
353 http fetch GET 200 https://registry.npmjs.org/brace-expansion 58ms (cache revalidated)
354 silly packumentCache full:https://registry.npmjs.org/brace-expansion set size:42345 disposed:false
355 http fetch GET 200 https://registry.npmjs.org/signal-exit 78ms (cache miss)
356 silly packumentCache full:https://registry.npmjs.org/signal-exit set size:undefined disposed:false
357 http fetch GET 200 https://registry.npmjs.org/lru-cache 127ms (cache miss)
358 silly packumentCache full:https://registry.npmjs.org/lru-cache set size:undefined disposed:false
359 http fetch GET 200 https://registry.npmjs.org/@pkgjs%2fparseargs 149ms (cache miss)
360 silly packumentCache full:https://registry.npmjs.org/@pkgjs%2fparseargs set size:undefined disposed:false
361 http fetch GET 200 https://registry.npmjs.org/@isaacs%2fcliui 281ms (cache miss)
362 silly packumentCache full:https://registry.npmjs.org/@isaacs%2fcliui set size:undefined disposed:false
363 silly placeDep ROOT signal-exit@4.1.0 OK for: foreground-child@3.3.1 want: ^4.0.1
364 silly placeDep ROOT @isaacs/cliui@8.0.2 OK for: jackspeak@3.4.3 want: ^8.0.2
365 silly placeDep ROOT @pkgjs/parseargs@0.11.0 OK for: jackspeak@3.4.3 want: ^0.11.0
366 silly fetch manifest string-width@^5.1.2
367 silly packumentCache full:https://registry.npmjs.org/string-width cache-miss
368 silly fetch manifest string-width-cjs@npm:string-width@^4.2.0
369 silly packumentCache full:https://registry.npmjs.org/string-width cache-miss
370 silly fetch manifest strip-ansi@^7.0.1
371 silly packumentCache full:https://registry.npmjs.org/strip-ansi cache-miss
372 silly fetch manifest strip-ansi-cjs@npm:strip-ansi@^6.0.1
373 silly packumentCache full:https://registry.npmjs.org/strip-ansi cache-miss
374 silly fetch manifest wrap-ansi@^8.1.0
375 silly packumentCache full:https://registry.npmjs.org/wrap-ansi cache-miss
376 silly fetch manifest wrap-ansi-cjs@npm:wrap-ansi@^7.0.0
377 silly packumentCache full:https://registry.npmjs.org/wrap-ansi cache-miss
378 http fetch GET 200 https://registry.npmjs.org/strip-ansi 65ms (cache miss)
379 silly packumentCache full:https://registry.npmjs.org/strip-ansi set size:undefined disposed:false
380 http fetch GET 200 https://registry.npmjs.org/string-width 74ms (cache miss)
381 silly packumentCache full:https://registry.npmjs.org/string-width set size:undefined disposed:false
382 http fetch GET 200 https://registry.npmjs.org/wrap-ansi 79ms (cache miss)
383 silly packumentCache full:https://registry.npmjs.org/wrap-ansi set size:undefined disposed:false
384 http fetch GET 200 https://registry.npmjs.org/strip-ansi 90ms (cache miss)
385 silly packumentCache full:https://registry.npmjs.org/strip-ansi set size:undefined disposed:false
386 http fetch GET 200 https://registry.npmjs.org/wrap-ansi 90ms (cache miss)
387 silly packumentCache full:https://registry.npmjs.org/wrap-ansi set size:undefined disposed:false
388 http fetch GET 200 https://registry.npmjs.org/string-width 95ms (cache miss)
389 silly packumentCache full:https://registry.npmjs.org/string-width set size:undefined disposed:false
390 silly placeDep ROOT string-width@5.1.2 OK for: @isaacs/cliui@8.0.2 want: ^5.1.2
391 silly placeDep ROOT string-width-cjs@4.2.3 OK for: @isaacs/cliui@8.0.2 want: npm:string-width@^4.2.0
392 silly placeDep ROOT strip-ansi@7.1.0 OK for: @isaacs/cliui@8.0.2 want: ^7.0.1
393 silly placeDep ROOT strip-ansi-cjs@6.0.1 OK for: @isaacs/cliui@8.0.2 want: npm:strip-ansi@^6.0.1
394 silly placeDep ROOT wrap-ansi@8.1.0 OK for: @isaacs/cliui@8.0.2 want: ^8.1.0
395 silly placeDep ROOT wrap-ansi-cjs@7.0.0 OK for: @isaacs/cliui@8.0.2 want: npm:wrap-ansi@^7.0.0
396 silly fetch manifest eastasianwidth@^0.2.0
397 silly packumentCache full:https://registry.npmjs.org/eastasianwidth cache-miss
398 silly fetch manifest strip-ansi@^6.0.1
399 silly packumentCache full:https://registry.npmjs.org/strip-ansi cache-miss
400 silly fetch manifest emoji-regex@^8.0.0
401 silly packumentCache full:https://registry.npmjs.org/emoji-regex cache-miss
402 silly fetch manifest is-fullwidth-code-point@^3.0.0
403 silly packumentCache full:https://registry.npmjs.org/is-fullwidth-code-point cache-miss
404 silly fetch manifest ansi-regex@^6.0.1
405 silly packumentCache full:https://registry.npmjs.org/ansi-regex cache-miss
406 silly fetch manifest ansi-regex@^5.0.1
407 silly packumentCache full:https://registry.npmjs.org/ansi-regex cache-miss
408 silly fetch manifest ansi-styles@^6.1.0
409 silly packumentCache full:https://registry.npmjs.org/ansi-styles cache-miss
410 http cache https://registry.npmjs.org/strip-ansi 9ms (cache hit)
411 silly packumentCache full:https://registry.npmjs.org/strip-ansi set size:43180 disposed:false
412 silly fetch manifest string-width@^4.1.0
413 silly packumentCache full:https://registry.npmjs.org/string-width cache-miss
414 http cache https://registry.npmjs.org/string-width 3ms (cache hit)
415 silly packumentCache full:https://registry.npmjs.org/string-width set size:61460 disposed:false
416 silly fetch manifest strip-ansi@^6.0.0
417 silly packumentCache full:https://registry.npmjs.org/strip-ansi cache-hit
418 http fetch GET 200 https://registry.npmjs.org/ansi-regex 59ms (cache miss)
419 silly packumentCache full:https://registry.npmjs.org/ansi-regex set size:undefined disposed:false
420 http fetch GET 200 https://registry.npmjs.org/ansi-styles 65ms (cache revalidated)
421 silly packumentCache full:https://registry.npmjs.org/ansi-styles set size:66356 disposed:false
422 http fetch GET 200 https://registry.npmjs.org/emoji-regex 67ms (cache revalidated)
423 silly packumentCache full:https://registry.npmjs.org/emoji-regex set size:85187 disposed:false
424 http fetch GET 200 https://registry.npmjs.org/eastasianwidth 70ms (cache miss)
425 silly packumentCache full:https://registry.npmjs.org/eastasianwidth set size:undefined disposed:false
426 http fetch GET 200 https://registry.npmjs.org/ansi-regex 70ms (cache miss)
427 silly packumentCache full:https://registry.npmjs.org/ansi-regex set size:undefined disposed:false
428 http fetch GET 200 https://registry.npmjs.org/is-fullwidth-code-point 71ms (cache miss)
429 silly packumentCache full:https://registry.npmjs.org/is-fullwidth-code-point set size:undefined disposed:false
430 silly placeDep ROOT any-promise@1.3.0 OK for: mz@2.7.0 want: ^1.0.0
431 silly placeDep ROOT thenify-all@1.6.0 OK for: mz@2.7.0 want: ^1.0.0
432 silly fetch manifest thenify@>= 3.1.0 < 4
433 silly packumentCache full:https://registry.npmjs.org/thenify cache-miss
434 http fetch GET 200 https://registry.npmjs.org/thenify 64ms (cache miss)
435 silly packumentCache full:https://registry.npmjs.org/thenify set size:undefined disposed:false
436 silly placeDep ROOT lru-cache@10.4.3 OK for: path-scurry@1.11.1 want: ^10.2.0
437 silly placeDep ROOT eastasianwidth@0.2.0 OK for: string-width@5.1.2 want: ^0.2.0
438 silly placeDep node_modules/string-width-cjs emoji-regex@8.0.0 OK for: string-width@4.2.3 want: ^8.0.0
439 silly placeDep ROOT is-fullwidth-code-point@3.0.0 OK for: string-width@4.2.3 want: ^3.0.0
440 silly placeDep node_modules/string-width-cjs strip-ansi@6.0.1 OK for: string-width@4.2.3 want: ^6.0.1
441 silly placeDep ROOT ansi-regex@6.1.0 OK for: strip-ansi@7.1.0 want: ^6.0.1
442 silly placeDep node_modules/strip-ansi-cjs ansi-regex@5.0.1 OK for: strip-ansi@6.0.1 want: ^5.0.1
443 silly placeDep ROOT thenify@3.3.1 OK for: thenify-all@1.6.0 want: >= 3.1.0 < 4
444 silly placeDep ROOT escalade@3.2.0 OK for: update-browserslist-db@1.1.3 want: ^3.2.0
445 silly placeDep node_modules/wrap-ansi ansi-styles@6.2.1 OK for: wrap-ansi@8.1.0 want: ^6.1.0
446 silly placeDep node_modules/wrap-ansi-cjs string-width@4.2.3 OK for: wrap-ansi@7.0.0 want: ^4.1.0
447 silly placeDep node_modules/wrap-ansi-cjs strip-ansi@6.0.1 OK for: wrap-ansi@7.0.0 want: ^6.0.0
448 silly placeDep node_modules/glob brace-expansion@2.0.1 OK for: minimatch@9.0.5 want: ^2.0.1
449 silly placeDep node_modules/string-width-cjs ansi-regex@5.0.1 OK for: strip-ansi@6.0.1 want: ^5.0.1
450 silly placeDep node_modules/tailwindcss/node_modules/fast-glob glob-parent@5.1.2 OK for: fast-glob@3.3.3 want: ^5.1.2
451 silly placeDep ROOT yaml@2.8.0 OK for: postcss-load-config@4.0.2 want: ^2.3.4
452 silly placeDep node_modules/wrap-ansi-cjs emoji-regex@8.0.0 OK for: string-width@4.2.3 want: ^8.0.0
453 silly placeDep node_modules/wrap-ansi-cjs ansi-regex@5.0.1 OK for: strip-ansi@6.0.1 want: ^5.0.1
454 silly reify moves {}
455 silly audit bulk request {
455 silly audit   '@emnapi/core': [ '1.4.3' ],
455 silly audit   '@emnapi/runtime': [ '1.4.3' ],
455 silly audit   '@emnapi/wasi-threads': [ '1.0.2' ],
455 silly audit   '@eslint-community/eslint-utils': [ '4.7.0' ],
455 silly audit   'eslint-visitor-keys': [ '3.4.3', '4.2.0' ],
455 silly audit   '@eslint-community/regexpp': [ '4.12.1' ],
455 silly audit   '@eslint/config-array': [ '0.20.0' ],
455 silly audit   '@eslint/config-helpers': [ '0.2.2' ],
455 silly audit   '@eslint/core': [ '0.14.0' ],
455 silly audit   '@eslint/eslintrc': [ '3.3.1' ],
455 silly audit   '@eslint/js': [ '9.27.0' ],
455 silly audit   '@eslint/object-schema': [ '2.1.6' ],
455 silly audit   '@eslint/plugin-kit': [ '0.3.1' ],
455 silly audit   '@humanfs/core': [ '0.19.1' ],
455 silly audit   '@humanfs/node': [ '0.16.6' ],
455 silly audit   '@humanwhocodes/retry': [ '0.3.1', '0.4.3' ],
455 silly audit   '@humanwhocodes/module-importer': [ '1.0.1' ],
455 silly audit   '@img/sharp-darwin-arm64': [ '0.34.1' ],
455 silly audit   '@img/sharp-darwin-x64': [ '0.34.1' ],
455 silly audit   '@img/sharp-libvips-darwin-arm64': [ '1.1.0' ],
455 silly audit   '@img/sharp-libvips-darwin-x64': [ '1.1.0' ],
455 silly audit   '@img/sharp-libvips-linux-arm': [ '1.1.0' ],
455 silly audit   '@img/sharp-libvips-linux-arm64': [ '1.1.0' ],
455 silly audit   '@img/sharp-libvips-linux-ppc64': [ '1.1.0' ],
455 silly audit   '@img/sharp-libvips-linux-s390x': [ '1.1.0' ],
455 silly audit   '@img/sharp-libvips-linux-x64': [ '1.1.0' ],
455 silly audit   '@img/sharp-libvips-linuxmusl-arm64': [ '1.1.0' ],
455 silly audit   '@img/sharp-libvips-linuxmusl-x64': [ '1.1.0' ],
455 silly audit   '@img/sharp-linux-arm': [ '0.34.1' ],
455 silly audit   '@img/sharp-linux-arm64': [ '0.34.1' ],
455 silly audit   '@img/sharp-linux-s390x': [ '0.34.1' ],
455 silly audit   '@img/sharp-linux-x64': [ '0.34.1' ],
455 silly audit   '@img/sharp-linuxmusl-arm64': [ '0.34.1' ],
455 silly audit   '@img/sharp-linuxmusl-x64': [ '0.34.1' ],
455 silly audit   '@img/sharp-wasm32': [ '0.34.1' ],
455 silly audit   '@img/sharp-win32-ia32': [ '0.34.1' ],
455 silly audit   '@img/sharp-win32-x64': [ '0.34.1' ],
455 silly audit   '@napi-rs/wasm-runtime': [ '0.2.10' ],
455 silly audit   '@next/env': [ '15.3.1' ],
455 silly audit   '@next/eslint-plugin-next': [ '15.3.1' ],
455 silly audit   '@next/swc-darwin-arm64': [ '15.3.1' ],
455 silly audit   '@next/swc-darwin-x64': [ '15.3.1' ],
455 silly audit   '@next/swc-linux-arm64-gnu': [ '15.3.1' ],
455 silly audit   '@next/swc-linux-arm64-musl': [ '15.3.1' ],
455 silly audit   '@next/swc-linux-x64-gnu': [ '15.3.1' ],
455 silly audit   '@next/swc-linux-x64-musl': [ '15.3.1' ],
455 silly audit   '@next/swc-win32-arm64-msvc': [ '15.3.1' ],
455 silly audit   '@next/swc-win32-x64-msvc': [ '15.3.1' ],
455 silly audit   '@nodelib/fs.scandir': [ '2.1.5' ],
455 silly audit   '@nodelib/fs.stat': [ '2.0.5' ],
455 silly audit   '@nodelib/fs.walk': [ '1.2.8' ],
455 silly audit   '@nolyfill/is-core-module': [ '1.0.39' ],
455 silly audit   '@rtsao/scc': [ '1.1.0' ],
455 silly audit   '@rushstack/eslint-patch': [ '1.11.0' ],
455 silly audit   '@swc/counter': [ '0.1.3' ],
455 silly audit   '@swc/helpers': [ '0.5.15' ],
455 silly audit   '@tybys/wasm-util': [ '0.9.0' ],
455 silly audit   '@types/estree': [ '1.0.7' ],
455 silly audit   '@types/history': [ '4.7.11' ],
455 silly audit   '@types/json-schema': [ '7.0.15' ],
455 silly audit   '@types/json5': [ '0.0.29' ],
455 silly audit   '@types/node': [ '20.17.47' ],
455 silly audit   '@types/react': [ '19.1.4' ],
455 silly audit   '@types/react-dom': [ '19.1.5' ],
455 silly audit   '@types/react-router': [ '5.1.20' ],
455 silly audit   '@types/react-router-dom': [ '5.3.3' ],
455 silly audit   '@typescript-eslint/eslint-plugin': [ '8.32.1' ],
455 silly audit   ignore: [ '7.0.4', '5.3.2' ],
455 silly audit   '@typescript-eslint/parser': [ '8.32.1' ],
455 silly audit   '@typescript-eslint/scope-manager': [ '8.32.1' ],
455 silly audit   '@typescript-eslint/type-utils': [ '8.32.1' ],
455 silly audit   '@typescript-eslint/types': [ '8.32.1' ],
455 silly audit   '@typescript-eslint/typescript-estree': [ '8.32.1' ],
455 silly audit   'brace-expansion': [ '2.0.1', '1.1.11' ],
455 silly audit   'fast-glob': [ '3.3.3', '3.3.1' ],
455 silly audit   'glob-parent': [ '5.1.2', '6.0.2' ],
455 silly audit   minimatch: [ '9.0.5', '3.1.2' ],
455 silly audit   '@typescript-eslint/utils': [ '8.32.1' ],
455 silly audit   '@typescript-eslint/visitor-keys': [ '8.32.1' ],
455 silly audit   '@unrs/resolver-binding-darwin-arm64': [ '1.7.2' ],
455 silly audit   '@unrs/resolver-binding-darwin-x64': [ '1.7.2' ],
455 silly audit   '@unrs/resolver-binding-freebsd-x64': [ '1.7.2' ],
455 silly audit   '@unrs/resolver-binding-linux-arm-gnueabihf': [ '1.7.2' ],
455 silly audit   '@unrs/resolver-binding-linux-arm-musleabihf': [ '1.7.2' ],
455 silly audit   '@unrs/resolver-binding-linux-arm64-gnu': [ '1.7.2' ],
455 silly audit   '@unrs/resolver-binding-linux-arm64-musl': [ '1.7.2' ],
455 silly audit   '@unrs/resolver-binding-linux-ppc64-gnu': [ '1.7.2' ],
455 silly audit   '@unrs/resolver-binding-linux-riscv64-gnu': [ '1.7.2' ],
455 silly audit   '@unrs/resolver-binding-linux-riscv64-musl': [ '1.7.2' ],
455 silly audit   '@unrs/resolver-binding-linux-s390x-gnu': [ '1.7.2' ],
455 silly audit   '@unrs/resolver-binding-linux-x64-gnu': [ '1.7.2' ],
455 silly audit   '@unrs/resolver-binding-linux-x64-musl': [ '1.7.2' ],
455 silly audit   '@unrs/resolver-binding-wasm32-wasi': [ '1.7.2' ],
455 silly audit   '@unrs/resolver-binding-win32-arm64-msvc': [ '1.7.2' ],
455 silly audit   '@unrs/resolver-binding-win32-ia32-msvc': [ '1.7.2' ],
455 silly audit   '@unrs/resolver-binding-win32-x64-msvc': [ '1.7.2' ],
455 silly audit   acorn: [ '8.14.1' ],
455 silly audit   'acorn-jsx': [ '5.3.2' ],
455 silly audit   ajv: [ '6.12.6' ],
455 silly audit   'ansi-styles': [ '4.3.0', '6.2.1' ],
455 silly audit   argparse: [ '2.0.1' ],
455 silly audit   'aria-query': [ '5.3.2' ],
455 silly audit   'array-buffer-byte-length': [ '1.0.2' ],
455 silly audit   'array-includes': [ '3.1.8' ],
455 silly audit   'array.prototype.findlast': [ '1.2.5' ],
455 silly audit   'array.prototype.findlastindex': [ '1.2.6' ],
455 silly audit   'array.prototype.flat': [ '1.3.3' ],
455 silly audit   'array.prototype.flatmap': [ '1.3.3' ],
455 silly audit   'array.prototype.tosorted': [ '1.1.4' ],
455 silly audit   'arraybuffer.prototype.slice': [ '1.0.4' ],
455 silly audit   'ast-types-flow': [ '0.0.8' ],
455 silly audit   'async-function': [ '1.0.0' ],
455 silly audit   'available-typed-arrays': [ '1.0.7' ],
455 silly audit   'axe-core': [ '4.10.3' ],
455 silly audit   'axobject-query': [ '4.1.0' ],
455 silly audit   'balanced-match': [ '1.0.2' ],
455 silly audit   braces: [ '3.0.3' ],
455 silly audit   busboy: [ '1.6.0' ],
455 silly audit   'call-bind': [ '1.0.8' ],
455 silly audit   'call-bind-apply-helpers': [ '1.0.2' ],
455 silly audit   'call-bound': [ '1.0.4' ],
455 silly audit   callsites: [ '3.1.0' ],
455 silly audit   'caniuse-lite': [ '1.0.30001718' ],
455 silly audit   chalk: [ '4.1.2' ],
455 silly audit   'client-only': [ '0.0.1' ],
455 silly audit   color: [ '4.2.3' ],
455 silly audit   'color-convert': [ '2.0.1' ],
455 silly audit   'color-name': [ '1.1.4' ],
455 silly audit   'color-string': [ '1.9.1' ],
455 silly audit   'concat-map': [ '0.0.1' ],
455 silly audit   cookie: [ '1.0.2' ],
455 silly audit   'cross-spawn': [ '7.0.6' ],
455 silly audit   csstype: [ '3.1.3' ],
455 silly audit   'damerau-levenshtein': [ '1.0.8' ],
455 silly audit   'data-view-buffer': [ '1.0.2' ],
455 silly audit   'data-view-byte-length': [ '1.0.2' ],
455 silly audit   'data-view-byte-offset': [ '1.0.1' ],
455 silly audit   debug: [ '4.4.1', '3.2.7' ],
455 silly audit   'deep-is': [ '0.1.4' ],
455 silly audit   'define-data-property': [ '1.1.4' ],
455 silly audit   'define-properties': [ '1.2.1' ],
455 silly audit   'detect-libc': [ '2.0.4' ],
455 silly audit   doctrine: [ '2.1.0' ],
455 silly audit   'dunder-proto': [ '1.0.1' ],
455 silly audit   'emoji-regex': [ '9.2.2', '8.0.0' ],
455 silly audit   'es-abstract': [ '1.23.9' ],
455 silly audit   'es-define-property': [ '1.0.1' ],
455 silly audit   'es-errors': [ '1.3.0' ],
455 silly audit   'es-iterator-helpers': [ '1.2.1' ],
455 silly audit   'es-object-atoms': [ '1.1.1' ],
455 silly audit   'es-set-tostringtag': [ '2.1.0' ],
455 silly audit   'es-shim-unscopables': [ '1.1.0' ],
455 silly audit   'es-to-primitive': [ '1.3.0' ],
455 silly audit   'escape-string-regexp': [ '4.0.0' ],
455 silly audit   eslint: [ '9.27.0' ],
455 silly audit   'eslint-config-next': [ '15.3.1' ],
455 silly audit   'eslint-import-resolver-node': [ '0.3.9' ],
455 silly audit   'eslint-import-resolver-typescript': [ '3.10.1' ],
455 silly audit   'eslint-module-utils': [ '2.12.0' ],
455 silly audit   'eslint-plugin-import': [ '2.31.0' ],
455 silly audit   semver: [ '6.3.1', '7.7.2' ],
455 silly audit   'eslint-plugin-jsx-a11y': [ '6.10.2' ],
455 silly audit   'eslint-plugin-react': [ '7.37.5' ],
455 silly audit   'eslint-plugin-react-hooks': [ '5.2.0' ],
455 silly audit   resolve: [ '2.0.0-next.5', '1.22.10' ],
455 silly audit   'eslint-scope': [ '8.3.0' ],
455 silly audit   espree: [ '10.3.0' ],
455 silly audit   esquery: [ '1.6.0' ],
455 silly audit   esrecurse: [ '4.3.0' ],
455 silly audit   estraverse: [ '5.3.0' ],
455 silly audit   esutils: [ '2.0.3' ],
455 silly audit   'fast-deep-equal': [ '3.1.3' ],
455 silly audit   'fast-json-stable-stringify': [ '2.1.0' ],
455 silly audit   'fast-levenshtein': [ '2.0.6' ],
455 silly audit   fastq: [ '1.19.1' ],
455 silly audit   'file-entry-cache': [ '8.0.0' ],
455 silly audit   'fill-range': [ '7.1.1' ],
455 silly audit   'find-up': [ '5.0.0' ],
455 silly audit   'flat-cache': [ '4.0.1' ],
455 silly audit   flatted: [ '3.3.3' ],
455 silly audit   'for-each': [ '0.3.5' ],
455 silly audit   'function-bind': [ '1.1.2' ],
455 silly audit   'function.prototype.name': [ '1.1.8' ],
455 silly audit   'functions-have-names': [ '1.2.3' ],
455 silly audit   'get-intrinsic': [ '1.3.0' ],
455 silly audit   'get-proto': [ '1.0.1' ],
455 silly audit   'get-symbol-description': [ '1.1.0' ],
455 silly audit   'get-tsconfig': [ '4.10.0' ],
455 silly audit   globals: [ '14.0.0' ],
455 silly audit   globalthis: [ '1.0.4' ],
455 silly audit   gopd: [ '1.2.0' ],
455 silly audit   graphemer: [ '1.4.0' ],
455 silly audit   'has-bigints': [ '1.1.0' ],
455 silly audit   'has-flag': [ '4.0.0' ],
455 silly audit   'has-property-descriptors': [ '1.0.2' ],
455 silly audit   'has-proto': [ '1.2.0' ],
455 silly audit   'has-symbols': [ '1.1.0' ],
455 silly audit   'has-tostringtag': [ '1.0.2' ],
455 silly audit   hasown: [ '2.0.2' ],
455 silly audit   'import-fresh': [ '3.3.1' ],
455 silly audit   imurmurhash: [ '0.1.4' ],
455 silly audit   'internal-slot': [ '1.1.0' ],
455 silly audit   'is-array-buffer': [ '3.0.5' ],
455 silly audit   'is-arrayish': [ '0.3.2' ],
455 silly audit   'is-async-function': [ '2.1.1' ],
455 silly audit   'is-bigint': [ '1.1.0' ],
455 silly audit   'is-boolean-object': [ '1.2.2' ],
455 silly audit   'is-bun-module': [ '2.0.0' ],
455 silly audit   'is-callable': [ '1.2.7' ],
455 silly audit   'is-core-module': [ '2.16.1' ],
455 silly audit   'is-data-view': [ '1.0.2' ],
455 silly audit   'is-date-object': [ '1.1.0' ],
455 silly audit   'is-extglob': [ '2.1.1' ],
455 silly audit   'is-finalizationregistry': [ '1.1.1' ],
455 silly audit   'is-generator-function': [ '1.1.0' ],
455 silly audit   'is-glob': [ '4.0.3' ],
455 silly audit   'is-map': [ '2.0.3' ],
455 silly audit   'is-number': [ '7.0.0' ],
455 silly audit   'is-number-object': [ '1.1.1' ],
455 silly audit   'is-regex': [ '1.2.1' ],
455 silly audit   'is-set': [ '2.0.3' ],
455 silly audit   'is-shared-array-buffer': [ '1.0.4' ],
455 silly audit   'is-string': [ '1.1.1' ],
455 silly audit   'is-symbol': [ '1.1.1' ],
455 silly audit   'is-typed-array': [ '1.1.15' ],
455 silly audit   'is-weakmap': [ '2.0.2' ],
455 silly audit   'is-weakref': [ '1.1.1' ],
455 silly audit   'is-weakset': [ '2.0.4' ],
455 silly audit   isarray: [ '2.0.5' ],
455 silly audit   isexe: [ '2.0.0' ],
455 silly audit   'iterator.prototype': [ '1.1.5' ],
455 silly audit   jiti: [ '2.4.2', '1.21.7' ],
455 silly audit   'js-tokens': [ '4.0.0' ],
455 silly audit   'js-yaml': [ '4.1.0' ],
455 silly audit   'json-buffer': [ '3.0.1' ],
455 silly audit   'json-schema-traverse': [ '0.4.1' ],
455 silly audit   'json-stable-stringify-without-jsonify': [ '1.0.1' ],
455 silly audit   json5: [ '1.0.2' ],
455 silly audit   'jsx-ast-utils': [ '3.3.5' ],
455 silly audit   keyv: [ '4.5.4' ],
455 silly audit   'language-subtag-registry': [ '0.3.23' ],
455 silly audit   'language-tags': [ '1.0.9' ],
455 silly audit   levn: [ '0.4.1' ],
455 silly audit   'locate-path': [ '6.0.0' ],
455 silly audit   'lodash.merge': [ '4.6.2' ],
455 silly audit   'loose-envify': [ '1.4.0' ],
455 silly audit   'math-intrinsics': [ '1.1.0' ],
455 silly audit   merge2: [ '1.4.1' ],
455 silly audit   micromatch: [ '4.0.8' ],
455 silly audit   minimist: [ '1.2.8' ],
455 silly audit   ms: [ '2.1.3' ],
455 silly audit   nanoid: [ '3.3.11' ],
455 silly audit   'napi-postinstall': [ '0.2.4' ],
455 silly audit   'natural-compare': [ '1.4.0' ],
455 silly audit   next: [ '15.3.1' ],
455 silly audit   postcss: [ '8.4.31', '8.5.3' ],
455 silly audit   'object-assign': [ '4.1.1' ],
455 silly audit   'object-inspect': [ '1.13.4' ],
455 silly audit   'object-keys': [ '1.1.1' ],
455 silly audit   'object.assign': [ '4.1.7' ],
455 silly audit   'object.entries': [ '1.1.9' ],
455 silly audit   'object.fromentries': [ '2.0.8' ],
455 silly audit   'object.groupby': [ '1.0.3' ],
455 silly audit   'object.values': [ '1.2.1' ],
455 silly audit   optionator: [ '0.9.4' ],
455 silly audit   'own-keys': [ '1.0.1' ],
455 silly audit   'p-limit': [ '3.1.0' ],
455 silly audit   'p-locate': [ '5.0.0' ],
455 silly audit   'parent-module': [ '1.0.1' ],
455 silly audit   'path-exists': [ '4.0.0' ],
455 silly audit   'path-key': [ '3.1.1' ],
455 silly audit   'path-parse': [ '1.0.7' ],
455 silly audit   picocolors: [ '1.1.1' ],
455 silly audit   picomatch: [ '2.3.1', '4.0.2' ],
455 silly audit   'possible-typed-array-names': [ '1.1.0' ],
455 silly audit   'prelude-ls': [ '1.2.1' ],
455 silly audit   'prop-types': [ '15.8.1' ],
455 silly audit   punycode: [ '2.3.1' ],
455 silly audit   'queue-microtask': [ '1.2.3' ],
455 silly audit   react: [ '19.1.0' ],
455 silly audit   'react-dom': [ '19.1.0' ],
455 silly audit   'react-icons': [ '5.5.0' ],
455 silly audit   'react-is': [ '16.13.1' ],
455 silly audit   'react-router': [ '7.6.0' ],
455 silly audit   'react-router-dom': [ '7.6.0' ],
455 silly audit   'reflect.getprototypeof': [ '1.0.10' ],
455 silly audit   'regexp.prototype.flags': [ '1.5.4' ],
455 silly audit   'resolve-from': [ '4.0.0' ],
455 silly audit   'resolve-pkg-maps': [ '1.0.0' ],
455 silly audit   reusify: [ '1.1.0' ],
455 silly audit   'run-parallel': [ '1.2.0' ],
455 silly audit   'safe-array-concat': [ '1.1.3' ],
455 silly audit   'safe-push-apply': [ '1.0.0' ],
455 silly audit   'safe-regex-test': [ '1.1.0' ],
455 silly audit   scheduler: [ '0.26.0' ],
455 silly audit   'set-cookie-parser': [ '2.7.1' ],
455 silly audit   'set-function-length': [ '1.2.2' ],
455 silly audit   'set-function-name': [ '2.0.2' ],
455 silly audit   'set-proto': [ '1.0.0' ],
455 silly audit   sharp: [ '0.34.1' ],
455 silly audit   'shebang-command': [ '2.0.0' ],
455 silly audit   'shebang-regex': [ '3.0.0' ],
455 silly audit   'side-channel': [ '1.1.0' ],
455 silly audit   'side-channel-list': [ '1.0.0' ],
455 silly audit   'side-channel-map': [ '1.0.1' ],
455 silly audit   'side-channel-weakmap': [ '1.0.2' ],
455 silly audit   'simple-swizzle': [ '0.2.2' ],
455 silly audit   'source-map-js': [ '1.2.1' ],
455 silly audit   'stable-hash': [ '0.0.5' ],
455 silly audit   streamsearch: [ '1.1.0' ],
455 silly audit   'string.prototype.includes': [ '2.0.1' ],
455 silly audit   'string.prototype.matchall': [ '4.0.12' ],
455 silly audit   'string.prototype.repeat': [ '1.0.0' ],
455 silly audit   'string.prototype.trim': [ '1.2.10' ],
455 silly audit   'string.prototype.trimend': [ '1.0.9' ],
455 silly audit   'string.prototype.trimstart': [ '1.0.8' ],
455 silly audit   'strip-bom': [ '3.0.0' ],
455 silly audit   'strip-json-comments': [ '3.1.1' ],
455 silly audit   'styled-jsx': [ '5.1.6' ],
455 silly audit   'supports-color': [ '7.2.0' ],
455 silly audit   'supports-preserve-symlinks-flag': [ '1.0.0' ],
455 silly audit   tinyglobby: [ '0.2.13' ],
455 silly audit   fdir: [ '6.4.4' ],
455 silly audit   'to-regex-range': [ '5.0.1' ],
455 silly audit   'ts-api-utils': [ '2.1.0' ],
455 silly audit   'tsconfig-paths': [ '3.15.0' ],
455 silly audit   tslib: [ '2.8.1' ],
455 silly audit   'type-check': [ '0.4.0' ],
455 silly audit   'typed-array-buffer': [ '1.0.3' ],
455 silly audit   'typed-array-byte-length': [ '1.0.3' ],
455 silly audit   'typed-array-byte-offset': [ '1.0.4' ],
455 silly audit   'typed-array-length': [ '1.0.7' ],
455 silly audit   typescript: [ '5.8.3' ],
455 silly audit   'unbox-primitive': [ '1.1.0' ],
455 silly audit   'undici-types': [ '6.19.8' ],
455 silly audit   'unrs-resolver': [ '1.7.2' ],
455 silly audit   'uri-js': [ '4.4.1' ],
455 silly audit   which: [ '2.0.2' ],
455 silly audit   'which-boxed-primitive': [ '1.1.1' ],
455 silly audit   'which-builtin-type': [ '1.2.1' ],
455 silly audit   'which-collection': [ '1.0.2' ],
455 silly audit   'which-typed-array': [ '1.1.19' ],
455 silly audit   'word-wrap': [ '1.2.5' ],
455 silly audit   'yocto-queue': [ '0.1.0' ],
455 silly audit   autoprefixer: [ '10.4.21' ],
455 silly audit   tailwindcss: [ '3.4.17' ],
455 silly audit   browserslist: [ '4.24.5' ],
455 silly audit   'fraction.js': [ '4.3.7' ],
455 silly audit   'normalize-range': [ '0.1.2' ],
455 silly audit   'postcss-value-parser': [ '4.2.0' ],
455 silly audit   'electron-to-chromium': [ '1.5.155' ],
455 silly audit   'node-releases': [ '2.0.19' ],
455 silly audit   'update-browserslist-db': [ '1.1.3' ],
455 silly audit   '@alloc/quick-lru': [ '5.2.0' ],
455 silly audit   arg: [ '5.0.2' ],
455 silly audit   chokidar: [ '3.6.0' ],
455 silly audit   didyoumean: [ '1.2.2' ],
455 silly audit   dlv: [ '1.1.3' ],
455 silly audit   lilconfig: [ '3.1.3' ],
455 silly audit   'normalize-path': [ '3.0.0' ],
455 silly audit   'object-hash': [ '3.0.0' ],
455 silly audit   'postcss-import': [ '15.1.0' ],
455 silly audit   'postcss-js': [ '4.0.1' ],
455 silly audit   'postcss-load-config': [ '4.0.2' ],
455 silly audit   'postcss-nested': [ '6.2.0' ],
455 silly audit   'postcss-selector-parser': [ '6.1.2' ],
455 silly audit   sucrase: [ '3.35.0' ],
455 silly audit   anymatch: [ '3.1.3' ],
455 silly audit   fsevents: [ '2.3.3' ],
455 silly audit   'is-binary-path': [ '2.1.0' ],
455 silly audit   readdirp: [ '3.6.0' ],
455 silly audit   'binary-extensions': [ '2.3.0' ],
455 silly audit   'read-cache': [ '1.0.0' ],
455 silly audit   'camelcase-css': [ '2.0.1' ],
455 silly audit   cssesc: [ '3.0.0' ],
455 silly audit   'util-deprecate': [ '1.0.2' ],
455 silly audit   pify: [ '2.3.0' ],
455 silly audit   '@jridgewell/gen-mapping': [ '0.3.8' ],
455 silly audit   commander: [ '4.1.1' ],
455 silly audit   glob: [ '10.4.5' ],
455 silly audit   'lines-and-columns': [ '1.2.4' ],
455 silly audit   mz: [ '2.7.0' ],
455 silly audit   pirates: [ '4.0.7' ],
455 silly audit   'ts-interface-checker': [ '0.1.13' ],
455 silly audit   '@jridgewell/set-array': [ '1.2.1' ],
455 silly audit   '@jridgewell/sourcemap-codec': [ '1.5.0' ],
455 silly audit   '@jridgewell/trace-mapping': [ '0.3.25' ],
455 silly audit   '@jridgewell/resolve-uri': [ '3.1.2' ],
455 silly audit   'foreground-child': [ '3.3.1' ],
455 silly audit   jackspeak: [ '3.4.3' ],
455 silly audit   minipass: [ '7.1.2' ],
455 silly audit   'package-json-from-dist': [ '1.0.1' ],
455 silly audit   'path-scurry': [ '1.11.1' ],
455 silly audit   'signal-exit': [ '4.1.0' ],
455 silly audit   '@isaacs/cliui': [ '8.0.2' ],
455 silly audit   '@pkgjs/parseargs': [ '0.11.0' ],
455 silly audit   'string-width': [ '5.1.2', '4.2.3' ],
455 silly audit   'strip-ansi': [ '7.1.0', '6.0.1' ],
455 silly audit   'wrap-ansi': [ '8.1.0', '7.0.0' ],
455 silly audit   'any-promise': [ '1.3.0' ],
455 silly audit   'thenify-all': [ '1.6.0' ],
455 silly audit   'lru-cache': [ '10.4.3' ],
455 silly audit   eastasianwidth: [ '0.2.0' ],
455 silly audit   'is-fullwidth-code-point': [ '3.0.0' ],
455 silly audit   'ansi-regex': [ '6.1.0', '5.0.1' ],
455 silly audit   thenify: [ '3.3.1' ],
455 silly audit   escalade: [ '3.2.0' ],
455 silly audit   yaml: [ '2.8.0' ]
455 silly audit }
456 verbose reify failed optional dependency C:\Users\lucim\Documents\GitHub\Front-Inventarios\my-inventory-app\node_modules\fsevents
457 silly reify mark deleted [
457 silly reify   'C:\\Users\\lucim\\Documents\\GitHub\\Front-Inventarios\\my-inventory-app\\node_modules\\fsevents'
457 silly reify ]
458 http cache yaml@https://registry.npmjs.org/yaml/-/yaml-2.8.0.tgz 0ms (cache hit)
459 http cache escalade@https://registry.npmjs.org/escalade/-/escalade-3.2.0.tgz 0ms (cache hit)
460 http cache thenify@https://registry.npmjs.org/thenify/-/thenify-3.3.1.tgz 0ms (cache hit)
461 http cache ansi-regex@https://registry.npmjs.org/ansi-regex/-/ansi-regex-6.1.0.tgz 0ms (cache hit)
462 http cache eastasianwidth@https://registry.npmjs.org/eastasianwidth/-/eastasianwidth-0.2.0.tgz 0ms (cache hit)
463 http cache lru-cache@https://registry.npmjs.org/lru-cache/-/lru-cache-10.4.3.tgz 0ms (cache hit)
464 http cache any-promise@https://registry.npmjs.org/any-promise/-/any-promise-1.3.0.tgz 0ms (cache hit)
465 http cache thenify-all@https://registry.npmjs.org/thenify-all/-/thenify-all-1.6.0.tgz 0ms (cache hit)
466 http cache wrap-ansi-cjs@https://registry.npmjs.org/wrap-ansi/-/wrap-ansi-7.0.0.tgz 0ms (cache hit)
467 http cache wrap-ansi@https://registry.npmjs.org/wrap-ansi/-/wrap-ansi-8.1.0.tgz 0ms (cache hit)
468 http cache is-fullwidth-code-point@https://registry.npmjs.org/is-fullwidth-code-point/-/is-fullwidth-code-point-3.0.0.tgz 0ms (cache hit)
469 http cache @pkgjs/parseargs@https://registry.npmjs.org/@pkgjs/parseargs/-/parseargs-0.11.0.tgz 0ms (cache hit)
470 http cache @isaacs/cliui@https://registry.npmjs.org/@isaacs/cliui/-/cliui-8.0.2.tgz 0ms (cache hit)
471 http cache strip-ansi-cjs@https://registry.npmjs.org/strip-ansi/-/strip-ansi-6.0.1.tgz 0ms (cache hit)
472 http cache string-width@https://registry.npmjs.org/string-width/-/string-width-5.1.2.tgz 0ms (cache hit)
473 http cache strip-ansi@https://registry.npmjs.org/strip-ansi/-/strip-ansi-7.1.0.tgz 0ms (cache hit)
474 http cache string-width-cjs@https://registry.npmjs.org/string-width/-/string-width-4.2.3.tgz 0ms (cache hit)
475 http cache path-scurry@https://registry.npmjs.org/path-scurry/-/path-scurry-1.11.1.tgz 0ms (cache hit)
476 http cache package-json-from-dist@https://registry.npmjs.org/package-json-from-dist/-/package-json-from-dist-1.0.1.tgz 0ms (cache hit)
477 http cache signal-exit@https://registry.npmjs.org/signal-exit/-/signal-exit-4.1.0.tgz 0ms (cache hit)
478 http cache minipass@https://registry.npmjs.org/minipass/-/minipass-7.1.2.tgz 0ms (cache hit)
479 http cache jackspeak@https://registry.npmjs.org/jackspeak/-/jackspeak-3.4.3.tgz 0ms (cache hit)
480 http cache @jridgewell/resolve-uri@https://registry.npmjs.org/@jridgewell/resolve-uri/-/resolve-uri-3.1.2.tgz 0ms (cache hit)
481 http cache foreground-child@https://registry.npmjs.org/foreground-child/-/foreground-child-3.3.1.tgz 0ms (cache hit)
482 http cache @jridgewell/trace-mapping@https://registry.npmjs.org/@jridgewell/trace-mapping/-/trace-mapping-0.3.25.tgz 0ms (cache hit)
483 http cache ts-interface-checker@https://registry.npmjs.org/ts-interface-checker/-/ts-interface-checker-0.1.13.tgz 0ms (cache hit)
484 http cache @jridgewell/sourcemap-codec@https://registry.npmjs.org/@jridgewell/sourcemap-codec/-/sourcemap-codec-1.5.0.tgz 0ms (cache hit)
485 http cache @jridgewell/set-array@https://registry.npmjs.org/@jridgewell/set-array/-/set-array-1.2.1.tgz 0ms (cache hit)
486 http cache pirates@https://registry.npmjs.org/pirates/-/pirates-4.0.7.tgz 0ms (cache hit)
487 http cache mz@https://registry.npmjs.org/mz/-/mz-2.7.0.tgz 0ms (cache hit)
488 http cache @jridgewell/gen-mapping@https://registry.npmjs.org/@jridgewell/gen-mapping/-/gen-mapping-0.3.8.tgz 0ms (cache hit)
489 http cache lines-and-columns@https://registry.npmjs.org/lines-and-columns/-/lines-and-columns-1.2.4.tgz 0ms (cache hit)
490 http cache glob@https://registry.npmjs.org/glob/-/glob-10.4.5.tgz 0ms (cache hit)
491 http cache commander@https://registry.npmjs.org/commander/-/commander-4.1.1.tgz 0ms (cache hit)
492 http cache pify@https://registry.npmjs.org/pify/-/pify-2.3.0.tgz 0ms (cache hit)
493 http cache cssesc@https://registry.npmjs.org/cssesc/-/cssesc-3.0.0.tgz 0ms (cache hit)
494 http cache util-deprecate@https://registry.npmjs.org/util-deprecate/-/util-deprecate-1.0.2.tgz 0ms (cache hit)
495 http cache read-cache@https://registry.npmjs.org/read-cache/-/read-cache-1.0.0.tgz 0ms (cache hit)
496 http cache binary-extensions@https://registry.npmjs.org/binary-extensions/-/binary-extensions-2.3.0.tgz 0ms (cache hit)
497 http cache camelcase-css@https://registry.npmjs.org/camelcase-css/-/camelcase-css-2.0.1.tgz 0ms (cache hit)
498 http cache readdirp@https://registry.npmjs.org/readdirp/-/readdirp-3.6.0.tgz 0ms (cache hit)
499 http cache is-binary-path@https://registry.npmjs.org/is-binary-path/-/is-binary-path-2.1.0.tgz 0ms (cache hit)
500 http cache sucrase@https://registry.npmjs.org/sucrase/-/sucrase-3.35.0.tgz 0ms (cache hit)
501 http cache anymatch@https://registry.npmjs.org/anymatch/-/anymatch-3.1.3.tgz 0ms (cache hit)
502 http cache postcss-selector-parser@https://registry.npmjs.org/postcss-selector-parser/-/postcss-selector-parser-6.1.2.tgz 0ms (cache hit)
503 http cache postcss-nested@https://registry.npmjs.org/postcss-nested/-/postcss-nested-6.2.0.tgz 0ms (cache hit)
504 http cache object-hash@https://registry.npmjs.org/object-hash/-/object-hash-3.0.0.tgz 0ms (cache hit)
505 http cache postcss-js@https://registry.npmjs.org/postcss-js/-/postcss-js-4.0.1.tgz 0ms (cache hit)
506 http cache postcss-import@https://registry.npmjs.org/postcss-import/-/postcss-import-15.1.0.tgz 0ms (cache hit)
507 http cache normalize-path@https://registry.npmjs.org/normalize-path/-/normalize-path-3.0.0.tgz 0ms (cache hit)
508 http cache lilconfig@https://registry.npmjs.org/lilconfig/-/lilconfig-3.1.3.tgz 0ms (cache hit)
509 http cache dlv@https://registry.npmjs.org/dlv/-/dlv-1.1.3.tgz 0ms (cache hit)
510 http cache didyoumean@https://registry.npmjs.org/didyoumean/-/didyoumean-1.2.2.tgz 0ms (cache hit)
511 http cache chokidar@https://registry.npmjs.org/chokidar/-/chokidar-3.6.0.tgz 0ms (cache hit)
512 http cache @alloc/quick-lru@https://registry.npmjs.org/@alloc/quick-lru/-/quick-lru-5.2.0.tgz 0ms (cache hit)
513 http cache arg@https://registry.npmjs.org/arg/-/arg-5.0.2.tgz 0ms (cache hit)
514 http cache update-browserslist-db@https://registry.npmjs.org/update-browserslist-db/-/update-browserslist-db-1.1.3.tgz 0ms (cache hit)
515 http cache node-releases@https://registry.npmjs.org/node-releases/-/node-releases-2.0.19.tgz 0ms (cache hit)
516 http cache electron-to-chromium@https://registry.npmjs.org/electron-to-chromium/-/electron-to-chromium-1.5.155.tgz 0ms (cache hit)
517 http cache postcss-value-parser@https://registry.npmjs.org/postcss-value-parser/-/postcss-value-parser-4.2.0.tgz 0ms (cache hit)
518 http cache normalize-range@https://registry.npmjs.org/normalize-range/-/normalize-range-0.1.2.tgz 0ms (cache hit)
519 http cache fraction.js@https://registry.npmjs.org/fraction.js/-/fraction.js-4.3.7.tgz 0ms (cache hit)
520 http cache browserslist@https://registry.npmjs.org/browserslist/-/browserslist-4.24.5.tgz 0ms (cache hit)
521 http cache ansi-regex@https://registry.npmjs.org/ansi-regex/-/ansi-regex-5.0.1.tgz 0ms (cache hit)
522 http cache tailwindcss@https://registry.npmjs.org/tailwindcss/-/tailwindcss-3.4.17.tgz 0ms (cache hit)
523 http cache ansi-styles@https://registry.npmjs.org/ansi-styles/-/ansi-styles-6.2.1.tgz 0ms (cache hit)
524 http cache autoprefixer@https://registry.npmjs.org/autoprefixer/-/autoprefixer-10.4.21.tgz 0ms (cache hit)
525 http cache postcss@https://registry.npmjs.org/postcss/-/postcss-8.5.3.tgz 0ms (cache hit)
526 http cache emoji-regex@https://registry.npmjs.org/emoji-regex/-/emoji-regex-8.0.0.tgz 0ms (cache hit)
527 http cache string-width@https://registry.npmjs.org/string-width/-/string-width-4.2.3.tgz 0ms (cache hit)
528 http cache ansi-regex@https://registry.npmjs.org/ansi-regex/-/ansi-regex-5.0.1.tgz 0ms (cache hit)
529 http cache strip-ansi@https://registry.npmjs.org/strip-ansi/-/strip-ansi-6.0.1.tgz 0ms (cache hit)
530 http cache ansi-regex@https://registry.npmjs.org/ansi-regex/-/ansi-regex-5.0.1.tgz 0ms (cache hit)
531 http cache strip-ansi@https://registry.npmjs.org/strip-ansi/-/strip-ansi-6.0.1.tgz 0ms (cache hit)
532 http cache brace-expansion@https://registry.npmjs.org/brace-expansion/-/brace-expansion-2.0.1.tgz 0ms (cache hit)
533 http cache minimatch@https://registry.npmjs.org/minimatch/-/minimatch-9.0.5.tgz 0ms (cache hit)
534 http cache emoji-regex@https://registry.npmjs.org/emoji-regex/-/emoji-regex-8.0.0.tgz 0ms (cache hit)
535 http cache glob-parent@https://registry.npmjs.org/glob-parent/-/glob-parent-5.1.2.tgz 0ms (cache hit)
536 http cache glob-parent@https://registry.npmjs.org/glob-parent/-/glob-parent-5.1.2.tgz 0ms (cache hit)
537 silly tarball no local data for yaml@https://registry.npmjs.org/yaml/-/yaml-2.8.0.tgz. Extracting by manifest.
538 http cache postcss-load-config@https://registry.npmjs.org/postcss-load-config/-/postcss-load-config-4.0.2.tgz 0ms (cache hit)
539 silly tarball no local data for thenify@https://registry.npmjs.org/thenify/-/thenify-3.3.1.tgz. Extracting by manifest.
540 http cache fast-glob@https://registry.npmjs.org/fast-glob/-/fast-glob-3.3.3.tgz 0ms (cache hit)
541 http cache jiti@https://registry.npmjs.org/jiti/-/jiti-1.21.7.tgz 0ms (cache hit)
542 silly tarball no local data for ansi-regex@https://registry.npmjs.org/ansi-regex/-/ansi-regex-6.1.0.tgz. Extracting by manifest.
543 silly tarball no local data for eastasianwidth@https://registry.npmjs.org/eastasianwidth/-/eastasianwidth-0.2.0.tgz. Extracting by manifest.
544 silly tarball no local data for lru-cache@https://registry.npmjs.org/lru-cache/-/lru-cache-10.4.3.tgz. Extracting by manifest.
545 silly tarball no local data for any-promise@https://registry.npmjs.org/any-promise/-/any-promise-1.3.0.tgz. Extracting by manifest.
546 silly tarball no local data for thenify-all@https://registry.npmjs.org/thenify-all/-/thenify-all-1.6.0.tgz. Extracting by manifest.
547 silly tarball no local data for wrap-ansi-cjs@https://registry.npmjs.org/wrap-ansi/-/wrap-ansi-7.0.0.tgz. Extracting by manifest.
548 silly tarball no local data for wrap-ansi@https://registry.npmjs.org/wrap-ansi/-/wrap-ansi-8.1.0.tgz. Extracting by manifest.
549 silly tarball no local data for is-fullwidth-code-point@https://registry.npmjs.org/is-fullwidth-code-point/-/is-fullwidth-code-point-3.0.0.tgz. Extracting by manifest.
550 silly tarball no local data for @pkgjs/parseargs@https://registry.npmjs.org/@pkgjs/parseargs/-/parseargs-0.11.0.tgz. Extracting by manifest.
551 silly tarball no local data for @isaacs/cliui@https://registry.npmjs.org/@isaacs/cliui/-/cliui-8.0.2.tgz. Extracting by manifest.
552 silly tarball no local data for strip-ansi-cjs@https://registry.npmjs.org/strip-ansi/-/strip-ansi-6.0.1.tgz. Extracting by manifest.
553 silly tarball no local data for string-width@https://registry.npmjs.org/string-width/-/string-width-5.1.2.tgz. Extracting by manifest.
554 silly tarball no local data for strip-ansi@https://registry.npmjs.org/strip-ansi/-/strip-ansi-7.1.0.tgz. Extracting by manifest.
555 silly tarball no local data for string-width-cjs@https://registry.npmjs.org/string-width/-/string-width-4.2.3.tgz. Extracting by manifest.
556 silly tarball no local data for path-scurry@https://registry.npmjs.org/path-scurry/-/path-scurry-1.11.1.tgz. Extracting by manifest.
557 silly tarball no local data for package-json-from-dist@https://registry.npmjs.org/package-json-from-dist/-/package-json-from-dist-1.0.1.tgz. Extracting by manifest.
558 silly tarball no local data for signal-exit@https://registry.npmjs.org/signal-exit/-/signal-exit-4.1.0.tgz. Extracting by manifest.
559 silly tarball no local data for jackspeak@https://registry.npmjs.org/jackspeak/-/jackspeak-3.4.3.tgz. Extracting by manifest.
560 silly tarball no local data for foreground-child@https://registry.npmjs.org/foreground-child/-/foreground-child-3.3.1.tgz. Extracting by manifest.
561 silly tarball no local data for ts-interface-checker@https://registry.npmjs.org/ts-interface-checker/-/ts-interface-checker-0.1.13.tgz. Extracting by manifest.
562 silly tarball no local data for pirates@https://registry.npmjs.org/pirates/-/pirates-4.0.7.tgz. Extracting by manifest.
563 silly tarball no local data for mz@https://registry.npmjs.org/mz/-/mz-2.7.0.tgz. Extracting by manifest.
564 silly tarball no local data for lines-and-columns@https://registry.npmjs.org/lines-and-columns/-/lines-and-columns-1.2.4.tgz. Extracting by manifest.
565 silly tarball no local data for glob@https://registry.npmjs.org/glob/-/glob-10.4.5.tgz. Extracting by manifest.
566 silly tarball no local data for commander@https://registry.npmjs.org/commander/-/commander-4.1.1.tgz. Extracting by manifest.
567 silly tarball no local data for pify@https://registry.npmjs.org/pify/-/pify-2.3.0.tgz. Extracting by manifest.
568 silly tarball no local data for cssesc@https://registry.npmjs.org/cssesc/-/cssesc-3.0.0.tgz. Extracting by manifest.
569 silly tarball no local data for util-deprecate@https://registry.npmjs.org/util-deprecate/-/util-deprecate-1.0.2.tgz. Extracting by manifest.
570 silly tarball no local data for read-cache@https://registry.npmjs.org/read-cache/-/read-cache-1.0.0.tgz. Extracting by manifest.
571 silly tarball no local data for binary-extensions@https://registry.npmjs.org/binary-extensions/-/binary-extensions-2.3.0.tgz. Extracting by manifest.
572 silly tarball no local data for camelcase-css@https://registry.npmjs.org/camelcase-css/-/camelcase-css-2.0.1.tgz. Extracting by manifest.
573 silly tarball no local data for readdirp@https://registry.npmjs.org/readdirp/-/readdirp-3.6.0.tgz. Extracting by manifest.
574 silly tarball no local data for is-binary-path@https://registry.npmjs.org/is-binary-path/-/is-binary-path-2.1.0.tgz. Extracting by manifest.
575 silly tarball no local data for sucrase@https://registry.npmjs.org/sucrase/-/sucrase-3.35.0.tgz. Extracting by manifest.
576 silly tarball no local data for anymatch@https://registry.npmjs.org/anymatch/-/anymatch-3.1.3.tgz. Extracting by manifest.
577 silly tarball no local data for postcss-selector-parser@https://registry.npmjs.org/postcss-selector-parser/-/postcss-selector-parser-6.1.2.tgz. Extracting by manifest.
578 silly tarball no local data for postcss-nested@https://registry.npmjs.org/postcss-nested/-/postcss-nested-6.2.0.tgz. Extracting by manifest.
579 silly tarball no local data for object-hash@https://registry.npmjs.org/object-hash/-/object-hash-3.0.0.tgz. Extracting by manifest.
580 silly tarball no local data for postcss-js@https://registry.npmjs.org/postcss-js/-/postcss-js-4.0.1.tgz. Extracting by manifest.
581 silly tarball no local data for postcss-import@https://registry.npmjs.org/postcss-import/-/postcss-import-15.1.0.tgz. Extracting by manifest.
582 silly tarball no local data for normalize-path@https://registry.npmjs.org/normalize-path/-/normalize-path-3.0.0.tgz. Extracting by manifest.
583 silly tarball no local data for lilconfig@https://registry.npmjs.org/lilconfig/-/lilconfig-3.1.3.tgz. Extracting by manifest.
584 silly tarball no local data for dlv@https://registry.npmjs.org/dlv/-/dlv-1.1.3.tgz. Extracting by manifest.
585 silly tarball no local data for didyoumean@https://registry.npmjs.org/didyoumean/-/didyoumean-1.2.2.tgz. Extracting by manifest.
586 silly tarball no local data for chokidar@https://registry.npmjs.org/chokidar/-/chokidar-3.6.0.tgz. Extracting by manifest.
587 silly tarball no local data for arg@https://registry.npmjs.org/arg/-/arg-5.0.2.tgz. Extracting by manifest.
588 silly tarball no local data for ansi-regex@https://registry.npmjs.org/ansi-regex/-/ansi-regex-5.0.1.tgz. Extracting by manifest.
589 silly tarball no local data for tailwindcss@https://registry.npmjs.org/tailwindcss/-/tailwindcss-3.4.17.tgz. Extracting by manifest.
590 silly tarball no local data for ansi-styles@https://registry.npmjs.org/ansi-styles/-/ansi-styles-6.2.1.tgz. Extracting by manifest.
591 silly tarball no local data for emoji-regex@https://registry.npmjs.org/emoji-regex/-/emoji-regex-8.0.0.tgz. Extracting by manifest.
592 silly tarball no local data for string-width@https://registry.npmjs.org/string-width/-/string-width-4.2.3.tgz. Extracting by manifest.
593 silly tarball no local data for ansi-regex@https://registry.npmjs.org/ansi-regex/-/ansi-regex-5.0.1.tgz. Extracting by manifest.
594 silly tarball no local data for strip-ansi@https://registry.npmjs.org/strip-ansi/-/strip-ansi-6.0.1.tgz. Extracting by manifest.
595 silly tarball no local data for ansi-regex@https://registry.npmjs.org/ansi-regex/-/ansi-regex-5.0.1.tgz. Extracting by manifest.
596 silly tarball no local data for strip-ansi@https://registry.npmjs.org/strip-ansi/-/strip-ansi-6.0.1.tgz. Extracting by manifest.
597 silly tarball no local data for emoji-regex@https://registry.npmjs.org/emoji-regex/-/emoji-regex-8.0.0.tgz. Extracting by manifest.
598 silly tarball no local data for postcss-load-config@https://registry.npmjs.org/postcss-load-config/-/postcss-load-config-4.0.2.tgz. Extracting by manifest.
599 silly tarball no local data for jiti@https://registry.npmjs.org/jiti/-/jiti-1.21.7.tgz. Extracting by manifest.
600 http fetch GET 200 https://registry.npmjs.org/eastasianwidth/-/eastasianwidth-0.2.0.tgz 115ms (cache miss)
601 http fetch GET 200 https://registry.npmjs.org/thenify/-/thenify-3.3.1.tgz 156ms (cache miss)
602 http fetch GET 200 https://registry.npmjs.org/any-promise/-/any-promise-1.3.0.tgz 159ms (cache miss)
603 http fetch GET 200 https://registry.npmjs.org/ansi-regex/-/ansi-regex-6.1.0.tgz 164ms (cache miss)
604 http fetch GET 200 https://registry.npmjs.org/lru-cache/-/lru-cache-10.4.3.tgz 186ms (cache miss)
605 http fetch GET 200 https://registry.npmjs.org/strip-ansi/-/strip-ansi-7.1.0.tgz 193ms (cache miss)
606 http fetch GET 200 https://registry.npmjs.org/signal-exit/-/signal-exit-4.1.0.tgz 247ms (cache miss)
607 http fetch GET 200 https://registry.npmjs.org/package-json-from-dist/-/package-json-from-dist-1.0.1.tgz 247ms (cache miss)
608 http fetch GET 200 https://registry.npmjs.org/string-width/-/string-width-4.2.3.tgz 297ms (cache miss)
609 http fetch GET 200 https://registry.npmjs.org/path-scurry/-/path-scurry-1.11.1.tgz 317ms (cache miss)
610 http fetch GET 200 https://registry.npmjs.org/thenify-all/-/thenify-all-1.6.0.tgz 330ms (cache miss)
611 http fetch GET 200 https://registry.npmjs.org/is-fullwidth-code-point/-/is-fullwidth-code-point-3.0.0.tgz 345ms (cache miss)
612 http fetch GET 200 https://registry.npmjs.org/wrap-ansi/-/wrap-ansi-8.1.0.tgz 346ms (cache miss)
613 http fetch GET 200 https://registry.npmjs.org/ts-interface-checker/-/ts-interface-checker-0.1.13.tgz 343ms (cache miss)
614 http fetch GET 200 https://registry.npmjs.org/strip-ansi/-/strip-ansi-6.0.1.tgz 353ms (cache miss)
615 http fetch GET 200 https://registry.npmjs.org/pirates/-/pirates-4.0.7.tgz 351ms (cache miss)
616 http fetch GET 200 https://registry.npmjs.org/@isaacs/cliui/-/cliui-8.0.2.tgz 376ms (cache miss)
617 http fetch GET 200 https://registry.npmjs.org/string-width/-/string-width-5.1.2.tgz 378ms (cache miss)
618 http fetch GET 200 https://registry.npmjs.org/jackspeak/-/jackspeak-3.4.3.tgz 377ms (cache miss)
619 http fetch GET 200 https://registry.npmjs.org/mz/-/mz-2.7.0.tgz 376ms (cache miss)
620 http fetch GET 200 https://registry.npmjs.org/read-cache/-/read-cache-1.0.0.tgz 391ms (cache miss)
621 http fetch GET 200 https://registry.npmjs.org/lines-and-columns/-/lines-and-columns-1.2.4.tgz 392ms (cache miss)
622 http fetch GET 200 https://registry.npmjs.org/camelcase-css/-/camelcase-css-2.0.1.tgz 406ms (cache miss)
623 http fetch GET 200 https://registry.npmjs.org/wrap-ansi/-/wrap-ansi-7.0.0.tgz 418ms (cache miss)
624 http fetch GET 200 https://registry.npmjs.org/commander/-/commander-4.1.1.tgz 414ms (cache miss)
625 http fetch GET 200 https://registry.npmjs.org/binary-extensions/-/binary-extensions-2.3.0.tgz 416ms (cache miss)
626 http fetch GET 200 https://registry.npmjs.org/cssesc/-/cssesc-3.0.0.tgz 417ms (cache miss)
627 http fetch GET 200 https://registry.npmjs.org/foreground-child/-/foreground-child-3.3.1.tgz 429ms (cache miss)
628 http fetch GET 200 https://registry.npmjs.org/util-deprecate/-/util-deprecate-1.0.2.tgz 439ms (cache miss)
629 http fetch GET 200 https://registry.npmjs.org/is-binary-path/-/is-binary-path-2.1.0.tgz 438ms (cache miss)
630 http fetch GET 200 https://registry.npmjs.org/readdirp/-/readdirp-3.6.0.tgz 445ms (cache miss)
631 http fetch GET 200 https://registry.npmjs.org/postcss-nested/-/postcss-nested-6.2.0.tgz 521ms (cache miss)
632 http fetch GET 200 https://registry.npmjs.org/anymatch/-/anymatch-3.1.3.tgz 536ms (cache miss)
633 http fetch GET 200 https://registry.npmjs.org/dlv/-/dlv-1.1.3.tgz 538ms (cache miss)
634 http fetch GET 200 https://registry.npmjs.org/lilconfig/-/lilconfig-3.1.3.tgz 539ms (cache miss)
635 http fetch GET 200 https://registry.npmjs.org/normalize-path/-/normalize-path-3.0.0.tgz 540ms (cache miss)
636 http fetch GET 200 https://registry.npmjs.org/pify/-/pify-2.3.0.tgz 544ms (cache miss)
637 http fetch GET 200 https://registry.npmjs.org/ansi-regex/-/ansi-regex-5.0.1.tgz 540ms (cache miss)
638 http fetch GET 200 https://registry.npmjs.org/didyoumean/-/didyoumean-1.2.2.tgz 543ms (cache miss)
639 http fetch GET 200 https://registry.npmjs.org/object-hash/-/object-hash-3.0.0.tgz 545ms (cache miss)
640 http fetch GET 200 https://registry.npmjs.org/postcss-js/-/postcss-js-4.0.1.tgz 563ms (cache miss)
641 http fetch GET 200 https://registry.npmjs.org/chokidar/-/chokidar-3.6.0.tgz 570ms (cache miss)
642 http fetch GET 200 https://registry.npmjs.org/arg/-/arg-5.0.2.tgz 576ms (cache miss)
643 http fetch GET 200 https://registry.npmjs.org/postcss-import/-/postcss-import-15.1.0.tgz 584ms (cache miss)
644 http fetch GET 200 https://registry.npmjs.org/@pkgjs/parseargs/-/parseargs-0.11.0.tgz 610ms (cache miss)
645 http fetch GET 200 https://registry.npmjs.org/ansi-regex/-/ansi-regex-5.0.1.tgz 619ms (cache miss)
646 http fetch GET 200 https://registry.npmjs.org/strip-ansi/-/strip-ansi-6.0.1.tgz 625ms (cache miss)
647 http fetch GET 200 https://registry.npmjs.org/ansi-styles/-/ansi-styles-6.2.1.tgz 632ms (cache miss)
648 http fetch GET 200 https://registry.npmjs.org/postcss-load-config/-/postcss-load-config-4.0.2.tgz 633ms (cache miss)
649 http fetch GET 200 https://registry.npmjs.org/string-width/-/string-width-4.2.3.tgz 638ms (cache miss)
650 http fetch GET 200 https://registry.npmjs.org/postcss-selector-parser/-/postcss-selector-parser-6.1.2.tgz 642ms (cache miss)
651 http fetch GET 200 https://registry.npmjs.org/strip-ansi/-/strip-ansi-6.0.1.tgz 639ms (cache miss)
652 http fetch GET 200 https://registry.npmjs.org/emoji-regex/-/emoji-regex-8.0.0.tgz 639ms (cache miss)
653 http fetch GET 200 https://registry.npmjs.org/emoji-regex/-/emoji-regex-8.0.0.tgz 642ms (cache miss)
654 http fetch POST 200 https://registry.npmjs.org/-/npm/v1/security/advisories/bulk 693ms
655 silly audit report {}
656 http fetch GET 200 https://registry.npmjs.org/ansi-regex/-/ansi-regex-5.0.1.tgz 669ms (cache miss)
657 http fetch GET 200 https://registry.npmjs.org/glob/-/glob-10.4.5.tgz 685ms (cache miss)
658 http fetch GET 200 https://registry.npmjs.org/yaml/-/yaml-2.8.0.tgz 761ms (cache miss)
659 http fetch GET 200 https://registry.npmjs.org/sucrase/-/sucrase-3.35.0.tgz 914ms (cache miss)
660 http fetch GET 200 https://registry.npmjs.org/jiti/-/jiti-1.21.7.tgz 989ms (cache miss)
661 http fetch GET 200 https://registry.npmjs.org/tailwindcss/-/tailwindcss-3.4.17.tgz 1063ms (cache miss)
662 silly ADD node_modules/yaml
663 silly ADD node_modules/escalade
664 silly ADD node_modules/thenify
665 silly ADD node_modules/ansi-regex
666 silly ADD node_modules/is-fullwidth-code-point
667 silly ADD node_modules/eastasianwidth
668 silly ADD node_modules/lru-cache
669 silly ADD node_modules/thenify-all
670 silly ADD node_modules/any-promise
671 silly ADD node_modules/wrap-ansi-cjs
672 silly ADD node_modules/wrap-ansi-cjs/node_modules/ansi-regex
673 silly ADD node_modules/wrap-ansi-cjs/node_modules/emoji-regex
674 silly ADD node_modules/wrap-ansi-cjs/node_modules/strip-ansi
675 silly ADD node_modules/wrap-ansi-cjs/node_modules/string-width
676 silly ADD node_modules/wrap-ansi
677 silly ADD node_modules/wrap-ansi/node_modules/ansi-styles
678 silly ADD node_modules/strip-ansi-cjs
679 silly ADD node_modules/strip-ansi-cjs/node_modules/ansi-regex
680 silly ADD node_modules/strip-ansi
681 silly ADD node_modules/string-width-cjs
682 silly ADD node_modules/string-width-cjs/node_modules/ansi-regex
683 silly ADD node_modules/string-width-cjs/node_modules/strip-ansi
684 silly ADD node_modules/string-width-cjs/node_modules/emoji-regex
685 silly ADD node_modules/string-width
686 silly ADD node_modules/@pkgjs/parseargs
687 silly ADD node_modules/@isaacs/cliui
688 silly ADD node_modules/signal-exit
689 silly ADD node_modules/path-scurry
690 silly ADD node_modules/package-json-from-dist
691 silly ADD node_modules/minipass
692 silly ADD node_modules/jackspeak
693 silly ADD node_modules/foreground-child
694 silly ADD node_modules/@jridgewell/resolve-uri
695 silly ADD node_modules/@jridgewell/trace-mapping
696 silly ADD node_modules/@jridgewell/sourcemap-codec
697 silly ADD node_modules/@jridgewell/set-array
698 silly ADD node_modules/ts-interface-checker
699 silly ADD node_modules/pirates
700 silly ADD node_modules/mz
701 silly ADD node_modules/lines-and-columns
702 silly ADD node_modules/glob
703 silly ADD node_modules/glob/node_modules/brace-expansion
704 silly ADD node_modules/glob/node_modules/minimatch
705 silly ADD node_modules/commander
706 silly ADD node_modules/@jridgewell/gen-mapping
707 silly ADD node_modules/pify
708 silly ADD node_modules/util-deprecate
709 silly ADD node_modules/cssesc
710 silly ADD node_modules/camelcase-css
711 silly ADD node_modules/read-cache
712 silly ADD node_modules/binary-extensions
713 silly ADD node_modules/readdirp
714 silly ADD node_modules/is-binary-path
715 silly ADD node_modules/fsevents
716 silly ADD node_modules/anymatch
717 silly ADD node_modules/sucrase
718 silly ADD node_modules/postcss-selector-parser
719 silly ADD node_modules/postcss-nested
720 silly ADD node_modules/postcss-js
721 silly ADD node_modules/postcss-import
722 silly ADD node_modules/object-hash
723 silly ADD node_modules/normalize-path
724 silly ADD node_modules/lilconfig
725 silly ADD node_modules/dlv
726 silly ADD node_modules/didyoumean
727 silly ADD node_modules/chokidar
728 silly ADD node_modules/chokidar/node_modules/glob-parent
729 silly ADD node_modules/arg
730 silly ADD node_modules/@alloc/quick-lru
731 silly ADD node_modules/update-browserslist-db
732 silly ADD node_modules/node-releases
733 silly ADD node_modules/electron-to-chromium
734 silly ADD node_modules/postcss-value-parser
735 silly ADD node_modules/normalize-range
736 silly ADD node_modules/fraction.js
737 silly ADD node_modules/browserslist
738 silly ADD node_modules/tailwindcss
739 silly ADD node_modules/tailwindcss/node_modules/postcss-load-config
740 silly ADD node_modules/tailwindcss/node_modules/jiti
741 silly ADD node_modules/tailwindcss/node_modules/fast-glob
742 silly ADD node_modules/tailwindcss/node_modules/fast-glob/node_modules/glob-parent
743 silly ADD node_modules/postcss
744 silly ADD node_modules/autoprefixer
745 verbose cwd C:\Users\lucim\Documents\GitHub\Front-Inventarios\my-inventory-app
746 verbose os Windows_NT 10.0.26100
747 verbose node v22.14.0
748 verbose npm  v11.3.0
749 verbose exit 0
750 info ok
