0 verbose cli C:\Program Files\nodejs\node.exe C:\Users\lucim\AppData\Roaming\npm\node_modules\npm\bin\npm-cli.js
1 info using npm@11.3.0
2 info using node@v22.14.0
3 silly config load:file:C:\Users\lucim\AppData\Roaming\npm\node_modules\npm\npmrc
4 silly config load:file:C:\Users\lucim\Documents\GitHub\Front-Inventarios\my-inventory-app\.npmrc
5 silly config load:file:C:\Users\lucim\.npmrc
6 silly config load:file:C:\Users\lucim\AppData\Roaming\npm\etc\npmrc
7 verbose title npm uninstall tailwindcss @tailwindcss/postcss postcss autoprefixer
8 verbose argv "uninstall" "tailwindcss" "@tailwindcss/postcss" "postcss" "autoprefixer"
9 verbose logfile logs-max:10 dir:C:\Users\lucim\Documents\GitHub\Front-Inventarios\my-inventory-app\tmpnpm-cache\_logs\2025-05-19T13_18_57_410Z-
10 verbose logfile C:\Users\lucim\Documents\GitHub\Front-Inventarios\my-inventory-app\tmpnpm-cache\_logs\2025-05-19T13_18_57_410Z-debug-0.log
11 silly logfile start cleaning logs, removing 1 files
12 silly packumentCache heap:4345298944 maxSize:1086324736 maxEntrySize:543162368
13 silly logfile done cleaning log files
14 silly idealTree buildDeps
15 silly reify mark retired [
15 silly reify   'C:\\Users\\lucim\\Documents\\GitHub\\Front-Inventarios\\my-inventory-app\\node_modules\\@alloc\\quick-lru'
15 silly reify ]
16 silly reify mark retired [
16 silly reify   'C:\\Users\\lucim\\Documents\\GitHub\\Front-Inventarios\\my-inventory-app\\node_modules\\@ampproject\\remapping'
16 silly reify ]
17 silly reify mark retired [
17 silly reify   'C:\\Users\\lucim\\Documents\\GitHub\\Front-Inventarios\\my-inventory-app\\node_modules\\@isaacs\\fs-minipass'
17 silly reify ]
18 silly reify mark retired [
18 silly reify   'C:\\Users\\lucim\\Documents\\GitHub\\Front-Inventarios\\my-inventory-app\\node_modules\\@jridgewell\\gen-mapping'
18 silly reify ]
19 silly reify mark retired [
19 silly reify   'C:\\Users\\lucim\\Documents\\GitHub\\Front-Inventarios\\my-inventory-app\\node_modules\\@jridgewell\\resolve-uri'
19 silly reify ]
20 silly reify mark retired [
20 silly reify   'C:\\Users\\lucim\\Documents\\GitHub\\Front-Inventarios\\my-inventory-app\\node_modules\\@jridgewell\\set-array'
20 silly reify ]
21 silly reify mark retired [
21 silly reify   'C:\\Users\\lucim\\Documents\\GitHub\\Front-Inventarios\\my-inventory-app\\node_modules\\@jridgewell\\sourcemap-codec'
21 silly reify ]
22 silly reify mark retired [
22 silly reify   'C:\\Users\\lucim\\Documents\\GitHub\\Front-Inventarios\\my-inventory-app\\node_modules\\@jridgewell\\trace-mapping'
22 silly reify ]
23 silly reify mark retired [
23 silly reify   'C:\\Users\\lucim\\Documents\\GitHub\\Front-Inventarios\\my-inventory-app\\node_modules\\@tailwindcss\\node'
23 silly reify ]
24 silly reify mark retired [
24 silly reify   'C:\\Users\\lucim\\Documents\\GitHub\\Front-Inventarios\\my-inventory-app\\node_modules\\@tailwindcss\\oxide'
24 silly reify ]
25 silly reify mark retired [
25 silly reify   'C:\\Users\\lucim\\Documents\\GitHub\\Front-Inventarios\\my-inventory-app\\node_modules\\@tailwindcss\\oxide-android-arm64'
25 silly reify ]
26 silly reify mark retired [
26 silly reify   'C:\\Users\\lucim\\Documents\\GitHub\\Front-Inventarios\\my-inventory-app\\node_modules\\@tailwindcss\\oxide-darwin-arm64'
26 silly reify ]
27 silly reify mark retired [
27 silly reify   'C:\\Users\\lucim\\Documents\\GitHub\\Front-Inventarios\\my-inventory-app\\node_modules\\@tailwindcss\\oxide-darwin-x64'
27 silly reify ]
28 silly reify mark retired [
28 silly reify   'C:\\Users\\lucim\\Documents\\GitHub\\Front-Inventarios\\my-inventory-app\\node_modules\\@tailwindcss\\oxide-freebsd-x64'
28 silly reify ]
29 silly reify mark retired [
29 silly reify   'C:\\Users\\lucim\\Documents\\GitHub\\Front-Inventarios\\my-inventory-app\\node_modules\\@tailwindcss\\oxide-linux-arm-gnueabihf'
29 silly reify ]
30 silly reify mark retired [
30 silly reify   'C:\\Users\\lucim\\Documents\\GitHub\\Front-Inventarios\\my-inventory-app\\node_modules\\@tailwindcss\\oxide-linux-arm64-gnu'
30 silly reify ]
31 silly reify mark retired [
31 silly reify   'C:\\Users\\lucim\\Documents\\GitHub\\Front-Inventarios\\my-inventory-app\\node_modules\\@tailwindcss\\oxide-linux-arm64-musl'
31 silly reify ]
32 silly reify mark retired [
32 silly reify   'C:\\Users\\lucim\\Documents\\GitHub\\Front-Inventarios\\my-inventory-app\\node_modules\\@tailwindcss\\oxide-linux-x64-gnu'
32 silly reify ]
33 silly reify mark retired [
33 silly reify   'C:\\Users\\lucim\\Documents\\GitHub\\Front-Inventarios\\my-inventory-app\\node_modules\\@tailwindcss\\oxide-linux-x64-musl'
33 silly reify ]
34 silly reify mark retired [
34 silly reify   'C:\\Users\\lucim\\Documents\\GitHub\\Front-Inventarios\\my-inventory-app\\node_modules\\@tailwindcss\\oxide-wasm32-wasi'
34 silly reify ]
35 silly reify mark retired [
35 silly reify   'C:\\Users\\lucim\\Documents\\GitHub\\Front-Inventarios\\my-inventory-app\\node_modules\\@tailwindcss\\oxide-win32-arm64-msvc'
35 silly reify ]
36 silly reify mark retired [
36 silly reify   'C:\\Users\\lucim\\Documents\\GitHub\\Front-Inventarios\\my-inventory-app\\node_modules\\@tailwindcss\\oxide-win32-x64-msvc'
36 silly reify ]
37 silly reify mark retired [
37 silly reify   'C:\\Users\\lucim\\Documents\\GitHub\\Front-Inventarios\\my-inventory-app\\node_modules\\@tailwindcss\\postcss'
37 silly reify ]
38 silly reify mark retired [
38 silly reify   'C:\\Users\\lucim\\Documents\\GitHub\\Front-Inventarios\\my-inventory-app\\node_modules\\autoprefixer',
38 silly reify   'C:\\Users\\lucim\\Documents\\GitHub\\Front-Inventarios\\my-inventory-app\\node_modules\\.bin\\autoprefixer',
38 silly reify   'C:\\Users\\lucim\\Documents\\GitHub\\Front-Inventarios\\my-inventory-app\\node_modules\\.bin\\autoprefixer.cmd',
38 silly reify   'C:\\Users\\lucim\\Documents\\GitHub\\Front-Inventarios\\my-inventory-app\\node_modules\\.bin\\autoprefixer.ps1'
38 silly reify ]
39 silly reify mark retired [
39 silly reify   'C:\\Users\\lucim\\Documents\\GitHub\\Front-Inventarios\\my-inventory-app\\node_modules\\browserslist',
39 silly reify   'C:\\Users\\lucim\\Documents\\GitHub\\Front-Inventarios\\my-inventory-app\\node_modules\\.bin\\browserslist',
39 silly reify   'C:\\Users\\lucim\\Documents\\GitHub\\Front-Inventarios\\my-inventory-app\\node_modules\\.bin\\browserslist.cmd',
39 silly reify   'C:\\Users\\lucim\\Documents\\GitHub\\Front-Inventarios\\my-inventory-app\\node_modules\\.bin\\browserslist.ps1'
39 silly reify ]
40 silly reify mark retired [
40 silly reify   'C:\\Users\\lucim\\Documents\\GitHub\\Front-Inventarios\\my-inventory-app\\node_modules\\chownr'
40 silly reify ]
41 silly reify mark retired [
41 silly reify   'C:\\Users\\lucim\\Documents\\GitHub\\Front-Inventarios\\my-inventory-app\\node_modules\\electron-to-chromium'
41 silly reify ]
42 silly reify mark retired [
42 silly reify   'C:\\Users\\lucim\\Documents\\GitHub\\Front-Inventarios\\my-inventory-app\\node_modules\\enhanced-resolve'
42 silly reify ]
43 silly reify mark retired [
43 silly reify   'C:\\Users\\lucim\\Documents\\GitHub\\Front-Inventarios\\my-inventory-app\\node_modules\\escalade'
43 silly reify ]
44 silly reify mark retired [
44 silly reify   'C:\\Users\\lucim\\Documents\\GitHub\\Front-Inventarios\\my-inventory-app\\node_modules\\fraction.js'
44 silly reify ]
45 silly reify mark retired [
45 silly reify   'C:\\Users\\lucim\\Documents\\GitHub\\Front-Inventarios\\my-inventory-app\\node_modules\\graceful-fs'
45 silly reify ]
46 silly reify mark retired [
46 silly reify   'C:\\Users\\lucim\\Documents\\GitHub\\Front-Inventarios\\my-inventory-app\\node_modules\\lightningcss'
46 silly reify ]
47 silly reify mark retired [
47 silly reify   'C:\\Users\\lucim\\Documents\\GitHub\\Front-Inventarios\\my-inventory-app\\node_modules\\lightningcss-darwin-arm64'
47 silly reify ]
48 silly reify mark retired [
48 silly reify   'C:\\Users\\lucim\\Documents\\GitHub\\Front-Inventarios\\my-inventory-app\\node_modules\\lightningcss-darwin-x64'
48 silly reify ]
49 silly reify mark retired [
49 silly reify   'C:\\Users\\lucim\\Documents\\GitHub\\Front-Inventarios\\my-inventory-app\\node_modules\\lightningcss-freebsd-x64'
49 silly reify ]
50 silly reify mark retired [
50 silly reify   'C:\\Users\\lucim\\Documents\\GitHub\\Front-Inventarios\\my-inventory-app\\node_modules\\lightningcss-linux-arm-gnueabihf'
50 silly reify ]
51 silly reify mark retired [
51 silly reify   'C:\\Users\\lucim\\Documents\\GitHub\\Front-Inventarios\\my-inventory-app\\node_modules\\lightningcss-linux-arm64-gnu'
51 silly reify ]
52 silly reify mark retired [
52 silly reify   'C:\\Users\\lucim\\Documents\\GitHub\\Front-Inventarios\\my-inventory-app\\node_modules\\lightningcss-linux-arm64-musl'
52 silly reify ]
53 silly reify mark retired [
53 silly reify   'C:\\Users\\lucim\\Documents\\GitHub\\Front-Inventarios\\my-inventory-app\\node_modules\\lightningcss-linux-x64-gnu'
53 silly reify ]
54 silly reify mark retired [
54 silly reify   'C:\\Users\\lucim\\Documents\\GitHub\\Front-Inventarios\\my-inventory-app\\node_modules\\lightningcss-linux-x64-musl'
54 silly reify ]
55 silly reify mark retired [
55 silly reify   'C:\\Users\\lucim\\Documents\\GitHub\\Front-Inventarios\\my-inventory-app\\node_modules\\lightningcss-win32-arm64-msvc'
55 silly reify ]
56 silly reify mark retired [
56 silly reify   'C:\\Users\\lucim\\Documents\\GitHub\\Front-Inventarios\\my-inventory-app\\node_modules\\lightningcss-win32-x64-msvc'
56 silly reify ]
57 silly reify mark retired [
57 silly reify   'C:\\Users\\lucim\\Documents\\GitHub\\Front-Inventarios\\my-inventory-app\\node_modules\\magic-string'
57 silly reify ]
58 silly reify mark retired [
58 silly reify   'C:\\Users\\lucim\\Documents\\GitHub\\Front-Inventarios\\my-inventory-app\\node_modules\\minipass'
58 silly reify ]
59 silly reify mark retired [
59 silly reify   'C:\\Users\\lucim\\Documents\\GitHub\\Front-Inventarios\\my-inventory-app\\node_modules\\minizlib'
59 silly reify ]
60 silly reify mark retired [
60 silly reify   'C:\\Users\\lucim\\Documents\\GitHub\\Front-Inventarios\\my-inventory-app\\node_modules\\mkdirp',
60 silly reify   'C:\\Users\\lucim\\Documents\\GitHub\\Front-Inventarios\\my-inventory-app\\node_modules\\.bin\\mkdirp',
60 silly reify   'C:\\Users\\lucim\\Documents\\GitHub\\Front-Inventarios\\my-inventory-app\\node_modules\\.bin\\mkdirp.cmd',
60 silly reify   'C:\\Users\\lucim\\Documents\\GitHub\\Front-Inventarios\\my-inventory-app\\node_modules\\.bin\\mkdirp.ps1'
60 silly reify ]
61 silly reify mark retired [
61 silly reify   'C:\\Users\\lucim\\Documents\\GitHub\\Front-Inventarios\\my-inventory-app\\node_modules\\node-releases'
61 silly reify ]
62 silly reify mark retired [
62 silly reify   'C:\\Users\\lucim\\Documents\\GitHub\\Front-Inventarios\\my-inventory-app\\node_modules\\normalize-range'
62 silly reify ]
63 silly reify mark retired [
63 silly reify   'C:\\Users\\lucim\\Documents\\GitHub\\Front-Inventarios\\my-inventory-app\\node_modules\\postcss'
63 silly reify ]
64 silly reify mark retired [
64 silly reify   'C:\\Users\\lucim\\Documents\\GitHub\\Front-Inventarios\\my-inventory-app\\node_modules\\postcss-value-parser'
64 silly reify ]
65 silly reify mark retired [
65 silly reify   'C:\\Users\\lucim\\Documents\\GitHub\\Front-Inventarios\\my-inventory-app\\node_modules\\tailwindcss'
65 silly reify ]
66 silly reify mark retired [
66 silly reify   'C:\\Users\\lucim\\Documents\\GitHub\\Front-Inventarios\\my-inventory-app\\node_modules\\tapable'
66 silly reify ]
67 silly reify mark retired [
67 silly reify   'C:\\Users\\lucim\\Documents\\GitHub\\Front-Inventarios\\my-inventory-app\\node_modules\\tar'
67 silly reify ]
68 silly reify mark retired [
68 silly reify   'C:\\Users\\lucim\\Documents\\GitHub\\Front-Inventarios\\my-inventory-app\\node_modules\\update-browserslist-db',
68 silly reify   'C:\\Users\\lucim\\Documents\\GitHub\\Front-Inventarios\\my-inventory-app\\node_modules\\.bin\\update-browserslist-db',
68 silly reify   'C:\\Users\\lucim\\Documents\\GitHub\\Front-Inventarios\\my-inventory-app\\node_modules\\.bin\\update-browserslist-db.cmd',
68 silly reify   'C:\\Users\\lucim\\Documents\\GitHub\\Front-Inventarios\\my-inventory-app\\node_modules\\.bin\\update-browserslist-db.ps1'
68 silly reify ]
69 silly reify mark retired [
69 silly reify   'C:\\Users\\lucim\\Documents\\GitHub\\Front-Inventarios\\my-inventory-app\\node_modules\\yallist'
69 silly reify ]
70 silly reify moves {
70 silly reify   'C:\\Users\\lucim\\Documents\\GitHub\\Front-Inventarios\\my-inventory-app\\node_modules\\@alloc\\quick-lru': 'C:\\Users\\lucim\\Documents\\GitHub\\Front-Inventarios\\my-inventory-app\\node_modules\\@alloc\\.quick-lru-KbBNv8Lw',
70 silly reify   'C:\\Users\\lucim\\Documents\\GitHub\\Front-Inventarios\\my-inventory-app\\node_modules\\@ampproject\\remapping': 'C:\\Users\\lucim\\Documents\\GitHub\\Front-Inventarios\\my-inventory-app\\node_modules\\@ampproject\\.remapping-Ep4QMKdE',
70 silly reify   'C:\\Users\\lucim\\Documents\\GitHub\\Front-Inventarios\\my-inventory-app\\node_modules\\@isaacs\\fs-minipass': 'C:\\Users\\lucim\\Documents\\GitHub\\Front-Inventarios\\my-inventory-app\\node_modules\\@isaacs\\.fs-minipass-VWQJj72y',
70 silly reify   'C:\\Users\\lucim\\Documents\\GitHub\\Front-Inventarios\\my-inventory-app\\node_modules\\@jridgewell\\gen-mapping': 'C:\\Users\\lucim\\Documents\\GitHub\\Front-Inventarios\\my-inventory-app\\node_modules\\@jridgewell\\.gen-mapping-kBOJ4Ny6',
70 silly reify   'C:\\Users\\lucim\\Documents\\GitHub\\Front-Inventarios\\my-inventory-app\\node_modules\\@jridgewell\\resolve-uri': 'C:\\Users\\lucim\\Documents\\GitHub\\Front-Inventarios\\my-inventory-app\\node_modules\\@jridgewell\\.resolve-uri-RjScS6X0',
70 silly reify   'C:\\Users\\lucim\\Documents\\GitHub\\Front-Inventarios\\my-inventory-app\\node_modules\\@jridgewell\\set-array': 'C:\\Users\\lucim\\Documents\\GitHub\\Front-Inventarios\\my-inventory-app\\node_modules\\@jridgewell\\.set-array-TOtY7Qov',
70 silly reify   'C:\\Users\\lucim\\Documents\\GitHub\\Front-Inventarios\\my-inventory-app\\node_modules\\@jridgewell\\sourcemap-codec': 'C:\\Users\\lucim\\Documents\\GitHub\\Front-Inventarios\\my-inventory-app\\node_modules\\@jridgewell\\.sourcemap-codec-L2vTm0dA',
70 silly reify   'C:\\Users\\lucim\\Documents\\GitHub\\Front-Inventarios\\my-inventory-app\\node_modules\\@jridgewell\\trace-mapping': 'C:\\Users\\lucim\\Documents\\GitHub\\Front-Inventarios\\my-inventory-app\\node_modules\\@jridgewell\\.trace-mapping-2rET2EZ3',
70 silly reify   'C:\\Users\\lucim\\Documents\\GitHub\\Front-Inventarios\\my-inventory-app\\node_modules\\@tailwindcss\\node': 'C:\\Users\\lucim\\Documents\\GitHub\\Front-Inventarios\\my-inventory-app\\node_modules\\@tailwindcss\\.node-01e8v9Vd',
70 silly reify   'C:\\Users\\lucim\\Documents\\GitHub\\Front-Inventarios\\my-inventory-app\\node_modules\\@tailwindcss\\oxide': 'C:\\Users\\lucim\\Documents\\GitHub\\Front-Inventarios\\my-inventory-app\\node_modules\\@tailwindcss\\.oxide-8FHl8O9m',
70 silly reify   'C:\\Users\\lucim\\Documents\\GitHub\\Front-Inventarios\\my-inventory-app\\node_modules\\@tailwindcss\\oxide-android-arm64': 'C:\\Users\\lucim\\Documents\\GitHub\\Front-Inventarios\\my-inventory-app\\node_modules\\@tailwindcss\\.oxide-android-arm64-0KLfkLkc',
70 silly reify   'C:\\Users\\lucim\\Documents\\GitHub\\Front-Inventarios\\my-inventory-app\\node_modules\\@tailwindcss\\oxide-darwin-arm64': 'C:\\Users\\lucim\\Documents\\GitHub\\Front-Inventarios\\my-inventory-app\\node_modules\\@tailwindcss\\.oxide-darwin-arm64-5I5azU88',
70 silly reify   'C:\\Users\\lucim\\Documents\\GitHub\\Front-Inventarios\\my-inventory-app\\node_modules\\@tailwindcss\\oxide-darwin-x64': 'C:\\Users\\lucim\\Documents\\GitHub\\Front-Inventarios\\my-inventory-app\\node_modules\\@tailwindcss\\.oxide-darwin-x64-EsAyyqkL',
70 silly reify   'C:\\Users\\lucim\\Documents\\GitHub\\Front-Inventarios\\my-inventory-app\\node_modules\\@tailwindcss\\oxide-freebsd-x64': 'C:\\Users\\lucim\\Documents\\GitHub\\Front-Inventarios\\my-inventory-app\\node_modules\\@tailwindcss\\.oxide-freebsd-x64-uiOAt6SQ',
70 silly reify   'C:\\Users\\lucim\\Documents\\GitHub\\Front-Inventarios\\my-inventory-app\\node_modules\\@tailwindcss\\oxide-linux-arm-gnueabihf': 'C:\\Users\\lucim\\Documents\\GitHub\\Front-Inventarios\\my-inventory-app\\node_modules\\@tailwindcss\\.oxide-linux-arm-gnueabihf-CWIpmNnI',
70 silly reify   'C:\\Users\\lucim\\Documents\\GitHub\\Front-Inventarios\\my-inventory-app\\node_modules\\@tailwindcss\\oxide-linux-arm64-gnu': 'C:\\Users\\lucim\\Documents\\GitHub\\Front-Inventarios\\my-inventory-app\\node_modules\\@tailwindcss\\.oxide-linux-arm64-gnu-vzTU70hQ',
70 silly reify   'C:\\Users\\lucim\\Documents\\GitHub\\Front-Inventarios\\my-inventory-app\\node_modules\\@tailwindcss\\oxide-linux-arm64-musl': 'C:\\Users\\lucim\\Documents\\GitHub\\Front-Inventarios\\my-inventory-app\\node_modules\\@tailwindcss\\.oxide-linux-arm64-musl-sU0kSQIJ',
70 silly reify   'C:\\Users\\lucim\\Documents\\GitHub\\Front-Inventarios\\my-inventory-app\\node_modules\\@tailwindcss\\oxide-linux-x64-gnu': 'C:\\Users\\lucim\\Documents\\GitHub\\Front-Inventarios\\my-inventory-app\\node_modules\\@tailwindcss\\.oxide-linux-x64-gnu-o6aNlWgz',
70 silly reify   'C:\\Users\\lucim\\Documents\\GitHub\\Front-Inventarios\\my-inventory-app\\node_modules\\@tailwindcss\\oxide-linux-x64-musl': 'C:\\Users\\lucim\\Documents\\GitHub\\Front-Inventarios\\my-inventory-app\\node_modules\\@tailwindcss\\.oxide-linux-x64-musl-haJAUhFC',
70 silly reify   'C:\\Users\\lucim\\Documents\\GitHub\\Front-Inventarios\\my-inventory-app\\node_modules\\@tailwindcss\\oxide-wasm32-wasi': 'C:\\Users\\lucim\\Documents\\GitHub\\Front-Inventarios\\my-inventory-app\\node_modules\\@tailwindcss\\.oxide-wasm32-wasi-iAgSv1AE',
70 silly reify   'C:\\Users\\lucim\\Documents\\GitHub\\Front-Inventarios\\my-inventory-app\\node_modules\\@tailwindcss\\oxide-win32-arm64-msvc': 'C:\\Users\\lucim\\Documents\\GitHub\\Front-Inventarios\\my-inventory-app\\node_modules\\@tailwindcss\\.oxide-win32-arm64-msvc-3OJmaX8Q',
70 silly reify   'C:\\Users\\lucim\\Documents\\GitHub\\Front-Inventarios\\my-inventory-app\\node_modules\\@tailwindcss\\oxide-win32-x64-msvc': 'C:\\Users\\lucim\\Documents\\GitHub\\Front-Inventarios\\my-inventory-app\\node_modules\\@tailwindcss\\.oxide-win32-x64-msvc-aeuHVtg9',
70 silly reify   'C:\\Users\\lucim\\Documents\\GitHub\\Front-Inventarios\\my-inventory-app\\node_modules\\@tailwindcss\\postcss': 'C:\\Users\\lucim\\Documents\\GitHub\\Front-Inventarios\\my-inventory-app\\node_modules\\@tailwindcss\\.postcss-DrSgcOGK',
70 silly reify   'C:\\Users\\lucim\\Documents\\GitHub\\Front-Inventarios\\my-inventory-app\\node_modules\\autoprefixer': 'C:\\Users\\lucim\\Documents\\GitHub\\Front-Inventarios\\my-inventory-app\\node_modules\\.autoprefixer-p2jZGAe0',
70 silly reify   'C:\\Users\\lucim\\Documents\\GitHub\\Front-Inventarios\\my-inventory-app\\node_modules\\.bin\\autoprefixer': 'C:\\Users\\lucim\\Documents\\GitHub\\Front-Inventarios\\my-inventory-app\\node_modules\\.bin\\.autoprefixer-qMIOgYtG',
70 silly reify   'C:\\Users\\lucim\\Documents\\GitHub\\Front-Inventarios\\my-inventory-app\\node_modules\\.bin\\autoprefixer.cmd': 'C:\\Users\\lucim\\Documents\\GitHub\\Front-Inventarios\\my-inventory-app\\node_modules\\.bin\\.autoprefixer.cmd-53uQygyN',
70 silly reify   'C:\\Users\\lucim\\Documents\\GitHub\\Front-Inventarios\\my-inventory-app\\node_modules\\.bin\\autoprefixer.ps1': 'C:\\Users\\lucim\\Documents\\GitHub\\Front-Inventarios\\my-inventory-app\\node_modules\\.bin\\.autoprefixer.ps1-og4NuI6f',
70 silly reify   'C:\\Users\\lucim\\Documents\\GitHub\\Front-Inventarios\\my-inventory-app\\node_modules\\browserslist': 'C:\\Users\\lucim\\Documents\\GitHub\\Front-Inventarios\\my-inventory-app\\node_modules\\.browserslist-9SWGqWZD',
70 silly reify   'C:\\Users\\lucim\\Documents\\GitHub\\Front-Inventarios\\my-inventory-app\\node_modules\\.bin\\browserslist': 'C:\\Users\\lucim\\Documents\\GitHub\\Front-Inventarios\\my-inventory-app\\node_modules\\.bin\\.browserslist-D3B3lXrH',
70 silly reify   'C:\\Users\\lucim\\Documents\\GitHub\\Front-Inventarios\\my-inventory-app\\node_modules\\.bin\\browserslist.cmd': 'C:\\Users\\lucim\\Documents\\GitHub\\Front-Inventarios\\my-inventory-app\\node_modules\\.bin\\.browserslist.cmd-nCmLvF2f',
70 silly reify   'C:\\Users\\lucim\\Documents\\GitHub\\Front-Inventarios\\my-inventory-app\\node_modules\\.bin\\browserslist.ps1': 'C:\\Users\\lucim\\Documents\\GitHub\\Front-Inventarios\\my-inventory-app\\node_modules\\.bin\\.browserslist.ps1-KxWUITNl',
70 silly reify   'C:\\Users\\lucim\\Documents\\GitHub\\Front-Inventarios\\my-inventory-app\\node_modules\\chownr': 'C:\\Users\\lucim\\Documents\\GitHub\\Front-Inventarios\\my-inventory-app\\node_modules\\.chownr-uJ8Gdi9O',
70 silly reify   'C:\\Users\\lucim\\Documents\\GitHub\\Front-Inventarios\\my-inventory-app\\node_modules\\electron-to-chromium': 'C:\\Users\\lucim\\Documents\\GitHub\\Front-Inventarios\\my-inventory-app\\node_modules\\.electron-to-chromium-ie3vzztt',
70 silly reify   'C:\\Users\\lucim\\Documents\\GitHub\\Front-Inventarios\\my-inventory-app\\node_modules\\enhanced-resolve': 'C:\\Users\\lucim\\Documents\\GitHub\\Front-Inventarios\\my-inventory-app\\node_modules\\.enhanced-resolve-PaAtmA9a',
70 silly reify   'C:\\Users\\lucim\\Documents\\GitHub\\Front-Inventarios\\my-inventory-app\\node_modules\\escalade': 'C:\\Users\\lucim\\Documents\\GitHub\\Front-Inventarios\\my-inventory-app\\node_modules\\.escalade-dOJIEKwi',
70 silly reify   'C:\\Users\\lucim\\Documents\\GitHub\\Front-Inventarios\\my-inventory-app\\node_modules\\fraction.js': 'C:\\Users\\lucim\\Documents\\GitHub\\Front-Inventarios\\my-inventory-app\\node_modules\\.fraction.js-GymJnGSa',
70 silly reify   'C:\\Users\\lucim\\Documents\\GitHub\\Front-Inventarios\\my-inventory-app\\node_modules\\graceful-fs': 'C:\\Users\\lucim\\Documents\\GitHub\\Front-Inventarios\\my-inventory-app\\node_modules\\.graceful-fs-D2lrPZU4',
70 silly reify   'C:\\Users\\lucim\\Documents\\GitHub\\Front-Inventarios\\my-inventory-app\\node_modules\\lightningcss': 'C:\\Users\\lucim\\Documents\\GitHub\\Front-Inventarios\\my-inventory-app\\node_modules\\.lightningcss-YEq3TI7W',
70 silly reify   'C:\\Users\\lucim\\Documents\\GitHub\\Front-Inventarios\\my-inventory-app\\node_modules\\lightningcss-darwin-arm64': 'C:\\Users\\lucim\\Documents\\GitHub\\Front-Inventarios\\my-inventory-app\\node_modules\\.lightningcss-darwin-arm64-RIXr5Jvq',
70 silly reify   'C:\\Users\\lucim\\Documents\\GitHub\\Front-Inventarios\\my-inventory-app\\node_modules\\lightningcss-darwin-x64': 'C:\\Users\\lucim\\Documents\\GitHub\\Front-Inventarios\\my-inventory-app\\node_modules\\.lightningcss-darwin-x64-n5ex7nTf',
70 silly reify   'C:\\Users\\lucim\\Documents\\GitHub\\Front-Inventarios\\my-inventory-app\\node_modules\\lightningcss-freebsd-x64': 'C:\\Users\\lucim\\Documents\\GitHub\\Front-Inventarios\\my-inventory-app\\node_modules\\.lightningcss-freebsd-x64-DdUF7X1a',
70 silly reify   'C:\\Users\\lucim\\Documents\\GitHub\\Front-Inventarios\\my-inventory-app\\node_modules\\lightningcss-linux-arm-gnueabihf': 'C:\\Users\\lucim\\Documents\\GitHub\\Front-Inventarios\\my-inventory-app\\node_modules\\.lightningcss-linux-arm-gnueabihf-GMXSqG4t',
70 silly reify   'C:\\Users\\lucim\\Documents\\GitHub\\Front-Inventarios\\my-inventory-app\\node_modules\\lightningcss-linux-arm64-gnu': 'C:\\Users\\lucim\\Documents\\GitHub\\Front-Inventarios\\my-inventory-app\\node_modules\\.lightningcss-linux-arm64-gnu-CJVWyIqx',
70 silly reify   'C:\\Users\\lucim\\Documents\\GitHub\\Front-Inventarios\\my-inventory-app\\node_modules\\lightningcss-linux-arm64-musl': 'C:\\Users\\lucim\\Documents\\GitHub\\Front-Inventarios\\my-inventory-app\\node_modules\\.lightningcss-linux-arm64-musl-ZUcZmyvz',
70 silly reify   'C:\\Users\\lucim\\Documents\\GitHub\\Front-Inventarios\\my-inventory-app\\node_modules\\lightningcss-linux-x64-gnu': 'C:\\Users\\lucim\\Documents\\GitHub\\Front-Inventarios\\my-inventory-app\\node_modules\\.lightningcss-linux-x64-gnu-GsWVr3B9',
70 silly reify   'C:\\Users\\lucim\\Documents\\GitHub\\Front-Inventarios\\my-inventory-app\\node_modules\\lightningcss-linux-x64-musl': 'C:\\Users\\lucim\\Documents\\GitHub\\Front-Inventarios\\my-inventory-app\\node_modules\\.lightningcss-linux-x64-musl-n6HKO4Wh',
70 silly reify   'C:\\Users\\lucim\\Documents\\GitHub\\Front-Inventarios\\my-inventory-app\\node_modules\\lightningcss-win32-arm64-msvc': 'C:\\Users\\lucim\\Documents\\GitHub\\Front-Inventarios\\my-inventory-app\\node_modules\\.lightningcss-win32-arm64-msvc-8dYMTOYA',
70 silly reify   'C:\\Users\\lucim\\Documents\\GitHub\\Front-Inventarios\\my-inventory-app\\node_modules\\lightningcss-win32-x64-msvc': 'C:\\Users\\lucim\\Documents\\GitHub\\Front-Inventarios\\my-inventory-app\\node_modules\\.lightningcss-win32-x64-msvc-ApREcxYw',
70 silly reify   'C:\\Users\\lucim\\Documents\\GitHub\\Front-Inventarios\\my-inventory-app\\node_modules\\magic-string': 'C:\\Users\\lucim\\Documents\\GitHub\\Front-Inventarios\\my-inventory-app\\node_modules\\.magic-string-MU7BSrz4',
70 silly reify   'C:\\Users\\lucim\\Documents\\GitHub\\Front-Inventarios\\my-inventory-app\\node_modules\\minipass': 'C:\\Users\\lucim\\Documents\\GitHub\\Front-Inventarios\\my-inventory-app\\node_modules\\.minipass-0CsVDXeI',
70 silly reify   'C:\\Users\\lucim\\Documents\\GitHub\\Front-Inventarios\\my-inventory-app\\node_modules\\minizlib': 'C:\\Users\\lucim\\Documents\\GitHub\\Front-Inventarios\\my-inventory-app\\node_modules\\.minizlib-dG3aRP4O',
70 silly reify   'C:\\Users\\lucim\\Documents\\GitHub\\Front-Inventarios\\my-inventory-app\\node_modules\\mkdirp': 'C:\\Users\\lucim\\Documents\\GitHub\\Front-Inventarios\\my-inventory-app\\node_modules\\.mkdirp-j3qApY0R',
70 silly reify   'C:\\Users\\lucim\\Documents\\GitHub\\Front-Inventarios\\my-inventory-app\\node_modules\\.bin\\mkdirp': 'C:\\Users\\lucim\\Documents\\GitHub\\Front-Inventarios\\my-inventory-app\\node_modules\\.bin\\.mkdirp-C9XNzrAB',
70 silly reify   'C:\\Users\\lucim\\Documents\\GitHub\\Front-Inventarios\\my-inventory-app\\node_modules\\.bin\\mkdirp.cmd': 'C:\\Users\\lucim\\Documents\\GitHub\\Front-Inventarios\\my-inventory-app\\node_modules\\.bin\\.mkdirp.cmd-CtMNvE6S',
70 silly reify   'C:\\Users\\lucim\\Documents\\GitHub\\Front-Inventarios\\my-inventory-app\\node_modules\\.bin\\mkdirp.ps1': 'C:\\Users\\lucim\\Documents\\GitHub\\Front-Inventarios\\my-inventory-app\\node_modules\\.bin\\.mkdirp.ps1-ZiqusquM',
70 silly reify   'C:\\Users\\lucim\\Documents\\GitHub\\Front-Inventarios\\my-inventory-app\\node_modules\\node-releases': 'C:\\Users\\lucim\\Documents\\GitHub\\Front-Inventarios\\my-inventory-app\\node_modules\\.node-releases-gddnLHyc',
70 silly reify   'C:\\Users\\lucim\\Documents\\GitHub\\Front-Inventarios\\my-inventory-app\\node_modules\\normalize-range': 'C:\\Users\\lucim\\Documents\\GitHub\\Front-Inventarios\\my-inventory-app\\node_modules\\.normalize-range-St9LnH1p',
70 silly reify   'C:\\Users\\lucim\\Documents\\GitHub\\Front-Inventarios\\my-inventory-app\\node_modules\\postcss': 'C:\\Users\\lucim\\Documents\\GitHub\\Front-Inventarios\\my-inventory-app\\node_modules\\.postcss-K5apk8BO',
70 silly reify   'C:\\Users\\lucim\\Documents\\GitHub\\Front-Inventarios\\my-inventory-app\\node_modules\\postcss-value-parser': 'C:\\Users\\lucim\\Documents\\GitHub\\Front-Inventarios\\my-inventory-app\\node_modules\\.postcss-value-parser-RCKQLWut',
70 silly reify   'C:\\Users\\lucim\\Documents\\GitHub\\Front-Inventarios\\my-inventory-app\\node_modules\\tailwindcss': 'C:\\Users\\lucim\\Documents\\GitHub\\Front-Inventarios\\my-inventory-app\\node_modules\\.tailwindcss-MYbejnV6',
70 silly reify   'C:\\Users\\lucim\\Documents\\GitHub\\Front-Inventarios\\my-inventory-app\\node_modules\\tapable': 'C:\\Users\\lucim\\Documents\\GitHub\\Front-Inventarios\\my-inventory-app\\node_modules\\.tapable-X9tj4thw',
70 silly reify   'C:\\Users\\lucim\\Documents\\GitHub\\Front-Inventarios\\my-inventory-app\\node_modules\\tar': 'C:\\Users\\lucim\\Documents\\GitHub\\Front-Inventarios\\my-inventory-app\\node_modules\\.tar-mX2JjPmi',
70 silly reify   'C:\\Users\\lucim\\Documents\\GitHub\\Front-Inventarios\\my-inventory-app\\node_modules\\update-browserslist-db': 'C:\\Users\\lucim\\Documents\\GitHub\\Front-Inventarios\\my-inventory-app\\node_modules\\.update-browserslist-db-vOd5c4cv',
70 silly reify   'C:\\Users\\lucim\\Documents\\GitHub\\Front-Inventarios\\my-inventory-app\\node_modules\\.bin\\update-browserslist-db': 'C:\\Users\\lucim\\Documents\\GitHub\\Front-Inventarios\\my-inventory-app\\node_modules\\.bin\\.update-browserslist-db-QDWIckdp',
70 silly reify   'C:\\Users\\lucim\\Documents\\GitHub\\Front-Inventarios\\my-inventory-app\\node_modules\\.bin\\update-browserslist-db.cmd': 'C:\\Users\\lucim\\Documents\\GitHub\\Front-Inventarios\\my-inventory-app\\node_modules\\.bin\\.update-browserslist-db.cmd-7tbKLT0n',
70 silly reify   'C:\\Users\\lucim\\Documents\\GitHub\\Front-Inventarios\\my-inventory-app\\node_modules\\.bin\\update-browserslist-db.ps1': 'C:\\Users\\lucim\\Documents\\GitHub\\Front-Inventarios\\my-inventory-app\\node_modules\\.bin\\.update-browserslist-db.ps1-FPcnv8Wr',
70 silly reify   'C:\\Users\\lucim\\Documents\\GitHub\\Front-Inventarios\\my-inventory-app\\node_modules\\yallist': 'C:\\Users\\lucim\\Documents\\GitHub\\Front-Inventarios\\my-inventory-app\\node_modules\\.yallist-brQEdwiq'
70 silly reify }
71 silly audit bulk request {
71 silly audit   '@emnapi/core': [ '1.4.3' ],
71 silly audit   '@emnapi/runtime': [ '1.4.3' ],
71 silly audit   '@emnapi/wasi-threads': [ '1.0.2' ],
71 silly audit   '@eslint-community/eslint-utils': [ '4.7.0' ],
71 silly audit   'eslint-visitor-keys': [ '3.4.3', '4.2.0' ],
71 silly audit   '@eslint-community/regexpp': [ '4.12.1' ],
71 silly audit   '@eslint/config-array': [ '0.20.0' ],
71 silly audit   '@eslint/config-helpers': [ '0.2.2' ],
71 silly audit   '@eslint/core': [ '0.14.0' ],
71 silly audit   '@eslint/eslintrc': [ '3.3.1' ],
71 silly audit   '@eslint/js': [ '9.27.0' ],
71 silly audit   '@eslint/object-schema': [ '2.1.6' ],
71 silly audit   '@eslint/plugin-kit': [ '0.3.1' ],
71 silly audit   '@humanfs/core': [ '0.19.1' ],
71 silly audit   '@humanfs/node': [ '0.16.6' ],
71 silly audit   '@humanwhocodes/retry': [ '0.3.1', '0.4.3' ],
71 silly audit   '@humanwhocodes/module-importer': [ '1.0.1' ],
71 silly audit   '@img/sharp-darwin-arm64': [ '0.34.1' ],
71 silly audit   '@img/sharp-darwin-x64': [ '0.34.1' ],
71 silly audit   '@img/sharp-libvips-darwin-arm64': [ '1.1.0' ],
71 silly audit   '@img/sharp-libvips-darwin-x64': [ '1.1.0' ],
71 silly audit   '@img/sharp-libvips-linux-arm': [ '1.1.0' ],
71 silly audit   '@img/sharp-libvips-linux-arm64': [ '1.1.0' ],
71 silly audit   '@img/sharp-libvips-linux-ppc64': [ '1.1.0' ],
71 silly audit   '@img/sharp-libvips-linux-s390x': [ '1.1.0' ],
71 silly audit   '@img/sharp-libvips-linux-x64': [ '1.1.0' ],
71 silly audit   '@img/sharp-libvips-linuxmusl-arm64': [ '1.1.0' ],
71 silly audit   '@img/sharp-libvips-linuxmusl-x64': [ '1.1.0' ],
71 silly audit   '@img/sharp-linux-arm': [ '0.34.1' ],
71 silly audit   '@img/sharp-linux-arm64': [ '0.34.1' ],
71 silly audit   '@img/sharp-linux-s390x': [ '0.34.1' ],
71 silly audit   '@img/sharp-linux-x64': [ '0.34.1' ],
71 silly audit   '@img/sharp-linuxmusl-arm64': [ '0.34.1' ],
71 silly audit   '@img/sharp-linuxmusl-x64': [ '0.34.1' ],
71 silly audit   '@img/sharp-wasm32': [ '0.34.1' ],
71 silly audit   '@img/sharp-win32-ia32': [ '0.34.1' ],
71 silly audit   '@img/sharp-win32-x64': [ '0.34.1' ],
71 silly audit   '@napi-rs/wasm-runtime': [ '0.2.10' ],
71 silly audit   '@next/env': [ '15.3.1' ],
71 silly audit   '@next/eslint-plugin-next': [ '15.3.1' ],
71 silly audit   '@next/swc-darwin-arm64': [ '15.3.1' ],
71 silly audit   '@next/swc-darwin-x64': [ '15.3.1' ],
71 silly audit   '@next/swc-linux-arm64-gnu': [ '15.3.1' ],
71 silly audit   '@next/swc-linux-arm64-musl': [ '15.3.1' ],
71 silly audit   '@next/swc-linux-x64-gnu': [ '15.3.1' ],
71 silly audit   '@next/swc-linux-x64-musl': [ '15.3.1' ],
71 silly audit   '@next/swc-win32-arm64-msvc': [ '15.3.1' ],
71 silly audit   '@next/swc-win32-x64-msvc': [ '15.3.1' ],
71 silly audit   '@nodelib/fs.scandir': [ '2.1.5' ],
71 silly audit   '@nodelib/fs.stat': [ '2.0.5' ],
71 silly audit   '@nodelib/fs.walk': [ '1.2.8' ],
71 silly audit   '@nolyfill/is-core-module': [ '1.0.39' ],
71 silly audit   '@rtsao/scc': [ '1.1.0' ],
71 silly audit   '@rushstack/eslint-patch': [ '1.11.0' ],
71 silly audit   '@swc/counter': [ '0.1.3' ],
71 silly audit   '@swc/helpers': [ '0.5.15' ],
71 silly audit   '@tybys/wasm-util': [ '0.9.0' ],
71 silly audit   '@types/estree': [ '1.0.7' ],
71 silly audit   '@types/history': [ '4.7.11' ],
71 silly audit   '@types/json-schema': [ '7.0.15' ],
71 silly audit   '@types/json5': [ '0.0.29' ],
71 silly audit   '@types/node': [ '20.17.47' ],
71 silly audit   '@types/react': [ '19.1.4' ],
71 silly audit   '@types/react-dom': [ '19.1.5' ],
71 silly audit   '@types/react-router': [ '5.1.20' ],
71 silly audit   '@types/react-router-dom': [ '5.3.3' ],
71 silly audit   '@typescript-eslint/eslint-plugin': [ '8.32.1' ],
71 silly audit   ignore: [ '7.0.4', '5.3.2' ],
71 silly audit   '@typescript-eslint/parser': [ '8.32.1' ],
71 silly audit   '@typescript-eslint/scope-manager': [ '8.32.1' ],
71 silly audit   '@typescript-eslint/type-utils': [ '8.32.1' ],
71 silly audit   '@typescript-eslint/types': [ '8.32.1' ],
71 silly audit   '@typescript-eslint/typescript-estree': [ '8.32.1' ],
71 silly audit   'brace-expansion': [ '2.0.1', '1.1.11' ],
71 silly audit   'fast-glob': [ '3.3.3', '3.3.1' ],
71 silly audit   'glob-parent': [ '5.1.2', '6.0.2' ],
71 silly audit   minimatch: [ '9.0.5', '3.1.2' ],
71 silly audit   '@typescript-eslint/utils': [ '8.32.1' ],
71 silly audit   '@typescript-eslint/visitor-keys': [ '8.32.1' ],
71 silly audit   '@unrs/resolver-binding-darwin-arm64': [ '1.7.2' ],
71 silly audit   '@unrs/resolver-binding-darwin-x64': [ '1.7.2' ],
71 silly audit   '@unrs/resolver-binding-freebsd-x64': [ '1.7.2' ],
71 silly audit   '@unrs/resolver-binding-linux-arm-gnueabihf': [ '1.7.2' ],
71 silly audit   '@unrs/resolver-binding-linux-arm-musleabihf': [ '1.7.2' ],
71 silly audit   '@unrs/resolver-binding-linux-arm64-gnu': [ '1.7.2' ],
71 silly audit   '@unrs/resolver-binding-linux-arm64-musl': [ '1.7.2' ],
71 silly audit   '@unrs/resolver-binding-linux-ppc64-gnu': [ '1.7.2' ],
71 silly audit   '@unrs/resolver-binding-linux-riscv64-gnu': [ '1.7.2' ],
71 silly audit   '@unrs/resolver-binding-linux-riscv64-musl': [ '1.7.2' ],
71 silly audit   '@unrs/resolver-binding-linux-s390x-gnu': [ '1.7.2' ],
71 silly audit   '@unrs/resolver-binding-linux-x64-gnu': [ '1.7.2' ],
71 silly audit   '@unrs/resolver-binding-linux-x64-musl': [ '1.7.2' ],
71 silly audit   '@unrs/resolver-binding-wasm32-wasi': [ '1.7.2' ],
71 silly audit   '@unrs/resolver-binding-win32-arm64-msvc': [ '1.7.2' ],
71 silly audit   '@unrs/resolver-binding-win32-ia32-msvc': [ '1.7.2' ],
71 silly audit   '@unrs/resolver-binding-win32-x64-msvc': [ '1.7.2' ],
71 silly audit   acorn: [ '8.14.1' ],
71 silly audit   'acorn-jsx': [ '5.3.2' ],
71 silly audit   ajv: [ '6.12.6' ],
71 silly audit   'ansi-styles': [ '4.3.0' ],
71 silly audit   argparse: [ '2.0.1' ],
71 silly audit   'aria-query': [ '5.3.2' ],
71 silly audit   'array-buffer-byte-length': [ '1.0.2' ],
71 silly audit   'array-includes': [ '3.1.8' ],
71 silly audit   'array.prototype.findlast': [ '1.2.5' ],
71 silly audit   'array.prototype.findlastindex': [ '1.2.6' ],
71 silly audit   'array.prototype.flat': [ '1.3.3' ],
71 silly audit   'array.prototype.flatmap': [ '1.3.3' ],
71 silly audit   'array.prototype.tosorted': [ '1.1.4' ],
71 silly audit   'arraybuffer.prototype.slice': [ '1.0.4' ],
71 silly audit   'ast-types-flow': [ '0.0.8' ],
71 silly audit   'async-function': [ '1.0.0' ],
71 silly audit   'available-typed-arrays': [ '1.0.7' ],
71 silly audit   'axe-core': [ '4.10.3' ],
71 silly audit   'axobject-query': [ '4.1.0' ],
71 silly audit   'balanced-match': [ '1.0.2' ],
71 silly audit   braces: [ '3.0.3' ],
71 silly audit   busboy: [ '1.6.0' ],
71 silly audit   'call-bind': [ '1.0.8' ],
71 silly audit   'call-bind-apply-helpers': [ '1.0.2' ],
71 silly audit   'call-bound': [ '1.0.4' ],
71 silly audit   callsites: [ '3.1.0' ],
71 silly audit   'caniuse-lite': [ '1.0.30001718' ],
71 silly audit   chalk: [ '4.1.2' ],
71 silly audit   'client-only': [ '0.0.1' ],
71 silly audit   color: [ '4.2.3' ],
71 silly audit   'color-convert': [ '2.0.1' ],
71 silly audit   'color-name': [ '1.1.4' ],
71 silly audit   'color-string': [ '1.9.1' ],
71 silly audit   'concat-map': [ '0.0.1' ],
71 silly audit   cookie: [ '1.0.2' ],
71 silly audit   'cross-spawn': [ '7.0.6' ],
71 silly audit   csstype: [ '3.1.3' ],
71 silly audit   'damerau-levenshtein': [ '1.0.8' ],
71 silly audit   'data-view-buffer': [ '1.0.2' ],
71 silly audit   'data-view-byte-length': [ '1.0.2' ],
71 silly audit   'data-view-byte-offset': [ '1.0.1' ],
71 silly audit   debug: [ '4.4.1', '3.2.7' ],
71 silly audit   'deep-is': [ '0.1.4' ],
71 silly audit   'define-data-property': [ '1.1.4' ],
71 silly audit   'define-properties': [ '1.2.1' ],
71 silly audit   'detect-libc': [ '2.0.4' ],
71 silly audit   doctrine: [ '2.1.0' ],
71 silly audit   'dunder-proto': [ '1.0.1' ],
71 silly audit   'emoji-regex': [ '9.2.2' ],
71 silly audit   'es-abstract': [ '1.23.9' ],
71 silly audit   'es-define-property': [ '1.0.1' ],
71 silly audit   'es-errors': [ '1.3.0' ],
71 silly audit   'es-iterator-helpers': [ '1.2.1' ],
71 silly audit   'es-object-atoms': [ '1.1.1' ],
71 silly audit   'es-set-tostringtag': [ '2.1.0' ],
71 silly audit   'es-shim-unscopables': [ '1.1.0' ],
71 silly audit   'es-to-primitive': [ '1.3.0' ],
71 silly audit   'escape-string-regexp': [ '4.0.0' ],
71 silly audit   eslint: [ '9.27.0' ],
71 silly audit   'eslint-config-next': [ '15.3.1' ],
71 silly audit   'eslint-import-resolver-node': [ '0.3.9' ],
71 silly audit   'eslint-import-resolver-typescript': [ '3.10.1' ],
71 silly audit   'eslint-module-utils': [ '2.12.0' ],
71 silly audit   'eslint-plugin-import': [ '2.31.0' ],
71 silly audit   semver: [ '6.3.1', '7.7.2' ],
71 silly audit   'eslint-plugin-jsx-a11y': [ '6.10.2' ],
71 silly audit   'eslint-plugin-react': [ '7.37.5' ],
71 silly audit   'eslint-plugin-react-hooks': [ '5.2.0' ],
71 silly audit   resolve: [ '2.0.0-next.5', '1.22.10' ],
71 silly audit   'eslint-scope': [ '8.3.0' ],
71 silly audit   espree: [ '10.3.0' ],
71 silly audit   esquery: [ '1.6.0' ],
71 silly audit   esrecurse: [ '4.3.0' ],
71 silly audit   estraverse: [ '5.3.0' ],
71 silly audit   esutils: [ '2.0.3' ],
71 silly audit   'fast-deep-equal': [ '3.1.3' ],
71 silly audit   'fast-json-stable-stringify': [ '2.1.0' ],
71 silly audit   'fast-levenshtein': [ '2.0.6' ],
71 silly audit   fastq: [ '1.19.1' ],
71 silly audit   'file-entry-cache': [ '8.0.0' ],
71 silly audit   'fill-range': [ '7.1.1' ],
71 silly audit   'find-up': [ '5.0.0' ],
71 silly audit   'flat-cache': [ '4.0.1' ],
71 silly audit   flatted: [ '3.3.3' ],
71 silly audit   'for-each': [ '0.3.5' ],
71 silly audit   'function-bind': [ '1.1.2' ],
71 silly audit   'function.prototype.name': [ '1.1.8' ],
71 silly audit   'functions-have-names': [ '1.2.3' ],
71 silly audit   'get-intrinsic': [ '1.3.0' ],
71 silly audit   'get-proto': [ '1.0.1' ],
71 silly audit   'get-symbol-description': [ '1.1.0' ],
71 silly audit   'get-tsconfig': [ '4.10.0' ],
71 silly audit   globals: [ '14.0.0' ],
71 silly audit   globalthis: [ '1.0.4' ],
71 silly audit   gopd: [ '1.2.0' ],
71 silly audit   graphemer: [ '1.4.0' ],
71 silly audit   'has-bigints': [ '1.1.0' ],
71 silly audit   'has-flag': [ '4.0.0' ],
71 silly audit   'has-property-descriptors': [ '1.0.2' ],
71 silly audit   'has-proto': [ '1.2.0' ],
71 silly audit   'has-symbols': [ '1.1.0' ],
71 silly audit   'has-tostringtag': [ '1.0.2' ],
71 silly audit   hasown: [ '2.0.2' ],
71 silly audit   'import-fresh': [ '3.3.1' ],
71 silly audit   imurmurhash: [ '0.1.4' ],
71 silly audit   'internal-slot': [ '1.1.0' ],
71 silly audit   'is-array-buffer': [ '3.0.5' ],
71 silly audit   'is-arrayish': [ '0.3.2' ],
71 silly audit   'is-async-function': [ '2.1.1' ],
71 silly audit   'is-bigint': [ '1.1.0' ],
71 silly audit   'is-boolean-object': [ '1.2.2' ],
71 silly audit   'is-bun-module': [ '2.0.0' ],
71 silly audit   'is-callable': [ '1.2.7' ],
71 silly audit   'is-core-module': [ '2.16.1' ],
71 silly audit   'is-data-view': [ '1.0.2' ],
71 silly audit   'is-date-object': [ '1.1.0' ],
71 silly audit   'is-extglob': [ '2.1.1' ],
71 silly audit   'is-finalizationregistry': [ '1.1.1' ],
71 silly audit   'is-generator-function': [ '1.1.0' ],
71 silly audit   'is-glob': [ '4.0.3' ],
71 silly audit   'is-map': [ '2.0.3' ],
71 silly audit   'is-number': [ '7.0.0' ],
71 silly audit   'is-number-object': [ '1.1.1' ],
71 silly audit   'is-regex': [ '1.2.1' ],
71 silly audit   'is-set': [ '2.0.3' ],
71 silly audit   'is-shared-array-buffer': [ '1.0.4' ],
71 silly audit   'is-string': [ '1.1.1' ],
71 silly audit   'is-symbol': [ '1.1.1' ],
71 silly audit   'is-typed-array': [ '1.1.15' ],
71 silly audit   'is-weakmap': [ '2.0.2' ],
71 silly audit   'is-weakref': [ '1.1.1' ],
71 silly audit   'is-weakset': [ '2.0.4' ],
71 silly audit   isarray: [ '2.0.5' ],
71 silly audit   isexe: [ '2.0.0' ],
71 silly audit   'iterator.prototype': [ '1.1.5' ],
71 silly audit   jiti: [ '2.4.2' ],
71 silly audit   'js-tokens': [ '4.0.0' ],
71 silly audit   'js-yaml': [ '4.1.0' ],
71 silly audit   'json-buffer': [ '3.0.1' ],
71 silly audit   'json-schema-traverse': [ '0.4.1' ],
71 silly audit   'json-stable-stringify-without-jsonify': [ '1.0.1' ],
71 silly audit   json5: [ '1.0.2' ],
71 silly audit   'jsx-ast-utils': [ '3.3.5' ],
71 silly audit   keyv: [ '4.5.4' ],
71 silly audit   'language-subtag-registry': [ '0.3.23' ],
71 silly audit   'language-tags': [ '1.0.9' ],
71 silly audit   levn: [ '0.4.1' ],
71 silly audit   'locate-path': [ '6.0.0' ],
71 silly audit   'lodash.merge': [ '4.6.2' ],
71 silly audit   'loose-envify': [ '1.4.0' ],
71 silly audit   'math-intrinsics': [ '1.1.0' ],
71 silly audit   merge2: [ '1.4.1' ],
71 silly audit   micromatch: [ '4.0.8' ],
71 silly audit   minimist: [ '1.2.8' ],
71 silly audit   ms: [ '2.1.3' ],
71 silly audit   nanoid: [ '3.3.11' ],
71 silly audit   'napi-postinstall': [ '0.2.4' ],
71 silly audit   'natural-compare': [ '1.4.0' ],
71 silly audit   next: [ '15.3.1' ],
71 silly audit   postcss: [ '8.4.31' ],
71 silly audit   'object-assign': [ '4.1.1' ],
71 silly audit   'object-inspect': [ '1.13.4' ],
71 silly audit   'object-keys': [ '1.1.1' ],
71 silly audit   'object.assign': [ '4.1.7' ],
71 silly audit   'object.entries': [ '1.1.9' ],
71 silly audit   'object.fromentries': [ '2.0.8' ],
71 silly audit   'object.groupby': [ '1.0.3' ],
71 silly audit   'object.values': [ '1.2.1' ],
71 silly audit   optionator: [ '0.9.4' ],
71 silly audit   'own-keys': [ '1.0.1' ],
71 silly audit   'p-limit': [ '3.1.0' ],
71 silly audit   'p-locate': [ '5.0.0' ],
71 silly audit   'parent-module': [ '1.0.1' ],
71 silly audit   'path-exists': [ '4.0.0' ],
71 silly audit   'path-key': [ '3.1.1' ],
71 silly audit   'path-parse': [ '1.0.7' ],
71 silly audit   picocolors: [ '1.1.1' ],
71 silly audit   picomatch: [ '2.3.1', '4.0.2' ],
71 silly audit   'possible-typed-array-names': [ '1.1.0' ],
71 silly audit   'prelude-ls': [ '1.2.1' ],
71 silly audit   'prop-types': [ '15.8.1' ],
71 silly audit   punycode: [ '2.3.1' ],
71 silly audit   'queue-microtask': [ '1.2.3' ],
71 silly audit   react: [ '19.1.0' ],
71 silly audit   'react-dom': [ '19.1.0' ],
71 silly audit   'react-icons': [ '5.5.0' ],
71 silly audit   'react-is': [ '16.13.1' ],
71 silly audit   'react-router': [ '7.6.0' ],
71 silly audit   'react-router-dom': [ '7.6.0' ],
71 silly audit   'reflect.getprototypeof': [ '1.0.10' ],
71 silly audit   'regexp.prototype.flags': [ '1.5.4' ],
71 silly audit   'resolve-from': [ '4.0.0' ],
71 silly audit   'resolve-pkg-maps': [ '1.0.0' ],
71 silly audit   reusify: [ '1.1.0' ],
71 silly audit   'run-parallel': [ '1.2.0' ],
71 silly audit   'safe-array-concat': [ '1.1.3' ],
71 silly audit   'safe-push-apply': [ '1.0.0' ],
71 silly audit   'safe-regex-test': [ '1.1.0' ],
71 silly audit   scheduler: [ '0.26.0' ],
71 silly audit   'set-cookie-parser': [ '2.7.1' ],
71 silly audit   'set-function-length': [ '1.2.2' ],
71 silly audit   'set-function-name': [ '2.0.2' ],
71 silly audit   'set-proto': [ '1.0.0' ],
71 silly audit   sharp: [ '0.34.1' ],
71 silly audit   'shebang-command': [ '2.0.0' ],
71 silly audit   'shebang-regex': [ '3.0.0' ],
71 silly audit   'side-channel': [ '1.1.0' ],
71 silly audit   'side-channel-list': [ '1.0.0' ],
71 silly audit   'side-channel-map': [ '1.0.1' ],
71 silly audit   'side-channel-weakmap': [ '1.0.2' ],
71 silly audit   'simple-swizzle': [ '0.2.2' ],
71 silly audit   'source-map-js': [ '1.2.1' ],
71 silly audit   'stable-hash': [ '0.0.5' ],
71 silly audit   streamsearch: [ '1.1.0' ],
71 silly audit   'string.prototype.includes': [ '2.0.1' ],
71 silly audit   'string.prototype.matchall': [ '4.0.12' ],
71 silly audit   'string.prototype.repeat': [ '1.0.0' ],
71 silly audit   'string.prototype.trim': [ '1.2.10' ],
71 silly audit   'string.prototype.trimend': [ '1.0.9' ],
71 silly audit   'string.prototype.trimstart': [ '1.0.8' ],
71 silly audit   'strip-bom': [ '3.0.0' ],
71 silly audit   'strip-json-comments': [ '3.1.1' ],
71 silly audit   'styled-jsx': [ '5.1.6' ],
71 silly audit   'supports-color': [ '7.2.0' ],
71 silly audit   'supports-preserve-symlinks-flag': [ '1.0.0' ],
71 silly audit   tinyglobby: [ '0.2.13' ],
71 silly audit   fdir: [ '6.4.4' ],
71 silly audit   'to-regex-range': [ '5.0.1' ],
71 silly audit   'ts-api-utils': [ '2.1.0' ],
71 silly audit   'tsconfig-paths': [ '3.15.0' ],
71 silly audit   tslib: [ '2.8.1' ],
71 silly audit   'type-check': [ '0.4.0' ],
71 silly audit   'typed-array-buffer': [ '1.0.3' ],
71 silly audit   'typed-array-byte-length': [ '1.0.3' ],
71 silly audit   'typed-array-byte-offset': [ '1.0.4' ],
71 silly audit   'typed-array-length': [ '1.0.7' ],
71 silly audit   typescript: [ '5.8.3' ],
71 silly audit   'unbox-primitive': [ '1.1.0' ],
71 silly audit   'undici-types': [ '6.19.8' ],
71 silly audit   'unrs-resolver': [ '1.7.2' ],
71 silly audit   'uri-js': [ '4.4.1' ],
71 silly audit   which: [ '2.0.2' ],
71 silly audit   'which-boxed-primitive': [ '1.1.1' ],
71 silly audit   'which-builtin-type': [ '1.2.1' ],
71 silly audit   'which-collection': [ '1.0.2' ],
71 silly audit   'which-typed-array': [ '1.1.19' ],
71 silly audit   'word-wrap': [ '1.2.5' ],
71 silly audit   'yocto-queue': [ '0.1.0' ]
71 silly audit }
72 http fetch POST 200 https://registry.npmjs.org/-/npm/v1/security/advisories/bulk 832ms
73 silly audit report {}
74 silly REMOVE node_modules/yallist
75 silly REMOVE node_modules/update-browserslist-db
76 silly REMOVE node_modules/tar
77 silly REMOVE node_modules/tapable
78 silly REMOVE node_modules/tailwindcss
79 silly REMOVE node_modules/postcss-value-parser
80 silly REMOVE node_modules/postcss
81 silly REMOVE node_modules/normalize-range
82 silly REMOVE node_modules/node-releases
83 silly REMOVE node_modules/mkdirp
84 silly REMOVE node_modules/minizlib
85 silly REMOVE node_modules/minipass
86 silly REMOVE node_modules/magic-string
87 silly REMOVE node_modules/lightningcss-win32-x64-msvc
88 silly REMOVE node_modules/lightningcss-win32-arm64-msvc
89 silly REMOVE node_modules/lightningcss-linux-x64-musl
90 silly REMOVE node_modules/lightningcss-linux-x64-gnu
91 silly REMOVE node_modules/lightningcss-linux-arm64-musl
92 silly REMOVE node_modules/lightningcss-linux-arm64-gnu
93 silly REMOVE node_modules/lightningcss-linux-arm-gnueabihf
94 silly REMOVE node_modules/lightningcss-freebsd-x64
95 silly REMOVE node_modules/lightningcss-darwin-x64
96 silly REMOVE node_modules/lightningcss-darwin-arm64
97 silly REMOVE node_modules/lightningcss
98 silly REMOVE node_modules/graceful-fs
99 silly REMOVE node_modules/fraction.js
100 silly REMOVE node_modules/escalade
101 silly REMOVE node_modules/enhanced-resolve
102 silly REMOVE node_modules/electron-to-chromium
103 silly REMOVE node_modules/chownr
104 silly REMOVE node_modules/browserslist
105 silly REMOVE node_modules/autoprefixer
106 silly REMOVE node_modules/@tailwindcss/postcss
107 silly REMOVE node_modules/@tailwindcss/oxide-win32-x64-msvc
108 silly REMOVE node_modules/@tailwindcss/oxide-win32-arm64-msvc
109 silly REMOVE node_modules/@tailwindcss/oxide-wasm32-wasi
110 silly REMOVE node_modules/@tailwindcss/oxide-linux-x64-musl
111 silly REMOVE node_modules/@tailwindcss/oxide-linux-x64-gnu
112 silly REMOVE node_modules/@tailwindcss/oxide-linux-arm64-musl
113 silly REMOVE node_modules/@tailwindcss/oxide-linux-arm64-gnu
114 silly REMOVE node_modules/@tailwindcss/oxide-linux-arm-gnueabihf
115 silly REMOVE node_modules/@tailwindcss/oxide-freebsd-x64
116 silly REMOVE node_modules/@tailwindcss/oxide-darwin-x64
117 silly REMOVE node_modules/@tailwindcss/oxide-darwin-arm64
118 silly REMOVE node_modules/@tailwindcss/oxide-android-arm64
119 silly REMOVE node_modules/@tailwindcss/oxide
120 silly REMOVE node_modules/@tailwindcss/node
121 silly REMOVE node_modules/@jridgewell/trace-mapping
122 silly REMOVE node_modules/@jridgewell/sourcemap-codec
123 silly REMOVE node_modules/@jridgewell/set-array
124 silly REMOVE node_modules/@jridgewell/resolve-uri
125 silly REMOVE node_modules/@jridgewell/gen-mapping
126 silly REMOVE node_modules/@isaacs/fs-minipass
127 silly REMOVE node_modules/@ampproject/remapping
128 silly REMOVE node_modules/@alloc/quick-lru
129 verbose cwd C:\Users\lucim\Documents\GitHub\Front-Inventarios\my-inventory-app
130 verbose os Windows_NT 10.0.26100
131 verbose node v22.14.0
132 verbose npm  v11.3.0
133 verbose exit 0
134 info ok
